
C:\AppServ\www\GitRepos\finish\Dream_State\0816-220001-111215-120107.trs
 560.878=
 Made-In-Taiwan MadeInTaiwan 
C:\AppServ\www\GitRepos\finish\Dream_State\0824-220001-111215-120108.trs
 1600.74=
 orgsowhuaa orgsowhuaa 
C:\AppServ\www\GitRepos\finish\Dream_State\0824-220002-111220-120108.trs
 1503.898=
 orgsowhuaa orgsowhuaa 
C:\AppServ\www\GitRepos\finish\Dream_State\1001-220002-111010-1219-120110.trs
 392.282=
 download download 
 850.571=
 download download 
C:\AppServ\www\GitRepos\finish\Dream_State\1228-220001-121119.trs
 1288.399=
 view view 
C:\AppServ\www\GitRepos\finish\EDU\Combine003-0424-2-1.trs
 1364.047=
 今仔日咱是徛（khiā）佇台灣，//gin2-a1-rit2-lan1-si3-kia3-si3-dai2-wan5- wan 
C:\AppServ\www\GitRepos\finish\EDU\Combine007-110602(dancor).trs
 2368.053=
 Paiwan？//bai2-uan4- Paiwan 
C:\AppServ\www\GitRepos\finish\EDU\Combine012(dancor).trs
 2961.436=
 予阮看二二八受難者資料的時煞無一屑仔悲慘的感覺。//ho3-qun1-kuann4-ri3-ri3-bat2-siu3-lan3-zia4-,zu2-liau2-w2-si5-,suah1-vor2-zit3-sut1-a1-bi2-cam4-e2-gam1-gak2- w 
 3130.161=
 錯過台語教會佇（tī）北旁的New Hamshire 辦的退修會；//cor4-gue4-dai3-qi1-gau4-hue2-,di3-bak1-bing5-e3- NewHamshire 
 new hamshire newhamshire 
 3266.735=
 到New Hamshire，//gau4- NewHamshire 
 3285.048=
 New Hamshire 楓仔葉轉紅的peak 猶未完全過--去，// NewHamshire 
C:\AppServ\www\GitRepos\finish\EDU\Combine013-110624(dancor).trs
 112.013=
 佇規年透冬無雪的 Hawaii拄搬--來，//di3-gui2-ni2-tau4-dang1-vor2-seh2-e2, Hawaii 
 Hawaii Hawaii 
 2651.722=
 是Siraya四大社（Sican、Bacrloan、Mattauw，以及Soelangh）其中的蕭壟社（Soelangh、佳里的舊地名）的一个支社。//si3-si2-la1-iah2-si4-dua3-sia2,gi2-diong1-e2-siau2-lang1-sia2,e2-zit3-le2-zi2-sia2- Mattauw 
C:\AppServ\www\GitRepos\finish\FTVN-1\090601_A_FTVN20091012.trs
 394.455=
 Howata Howata 
C:\AppServ\www\GitRepos\finish\FTVN-2\FTVN_090605-20100711-1.trs
 271.684=
 swisyor swisyor 
 1726.19=
 ziah1-tng1-,o2-gong1-ziah2-tngw-rior3-binn2-e2-gong1- tngwrior 
 1917.383=
 hollywood hollywood 
C:\AppServ\www\GitRepos\finish\FTVN-3\20110705-zy-120220.trs
 539.239=
 Newyork Newyork 
C:\AppServ\www\GitRepos\finish\FTVN-3\20110708-zy-120310-120317.trs
 1390.7867069999998=
 new york newyork 
 1400.5=
 new york newyork 
 1416.525=
 new york newyork 
 1439.188=
 new york newyork 
C:\AppServ\www\GitRepos\finish\FTVN-3\20110715-zy-20120307-120319.trs
 774.389=
 New-York NewYork 
 1189.457=
 show show 
C:\AppServ\www\GitRepos\finish\FTVN-3\20110726-zy-120227.trs
 1659.542=
 New-York NewYork 
C:\AppServ\www\GitRepos\finish\FTVN-3\20111006-zy-120712-0727-120802.trs
 578.6378980000002=
 New-York NewYork 
 602.032=
 New-York NewYork 
 611.219=
 New-York NewYork 
 647.21=
 New-York NewYork 
C:\AppServ\www\GitRepos\finish\FTVN-3\20111007-zy-120715-0728-120802.trs
 905.8410049999999=
 Twitter Twitter 
 913.161=
 Twitter Twitter 
C:\AppServ\www\GitRepos\finish\FTVN-4\20110705-zy-120711-120722.trs
 586.942=
 ipod-two ipodtwo 
C:\AppServ\www\GitRepos\finish\FTVN-4\20110707-zy-120716-120722.trs
 755.6283449999999=
 zit1-le2 aw2-beh2-a3 gin2-ni5 cit1-zap3-qua3-hue3,i2-gam1-gah1 aw 
C:\AppServ\www\GitRepos\finish\FTVN-4\20110721-zy-120612.trs
 1313.813=
 New-York NewYork 
C:\AppServ\www\GitRepos\finish\FTVN-4\20110908-zy-120506-0513.trs
 1392.317=
 Okinawa Okinawa 
C:\AppServ\www\GitRepos\finish\FTVN-4\20111006-zy-120506-0513.trs
 1773.652=
 Keep Taiwan Free KeepTaiwanFree 
C:\AppServ\www\GitRepos\finish\LTS\LTS15_091206.trs
 6.297=
 a-na-ta-de-dan-ga-dai-wan-ka-e-na-kia-de-syo- anatadedangadaiwankaenakiadesyo 
 9.381=
 wa-ta-si-da-chi-no-ke-kon-si-ki-no-san-ka-de-ki-nai-no-ka-si-ra- watasidachinokekonsikinosankadekinainokasira 
 31.381=
 a-na-ta-da-chi-no-wa-ru-gu-chi,wa-ta-shi-ga-wa-ka-ra-nai,to-de-mo-o-wa-nai-de- anatadachinowaruguchiwatashigawakaranaitodemoowanaide 
 35.169=
 si-tsu-re-si-jah-wa-yo- sitsuresijahwayo 
 40.275=
 wa-ka-de-ru-wa-yo, wakaderuwayo 
 48.951=
 ka-e-su-wa, kaesuwa 
 54.752=
 mo-i-i-wa-yo,a-na-ta-ni-dai-e-ma-si-do,to-mo-da-chi-ja-nai, moiiwayoanatanidaiemasidotomodachijanai 
 73.637=
 ka-wa-i-san kawaisan 
 83.186=
 ka-ne-jo-ne-ko-re-wa-ra-da-ra- kanejonekorewaradara 
 84.902=
 wa-ta-ki-ken-na-o-su-wa-yo- watakikennaosuwayo 
 94.361=
 ko-re-wa-ne-ko-ko-jah-dai-o-se-re-ba- korewanekokojahdaiosereba 
 98.727=
 a-ri-ga-do-go-za-i-ma-su-,ka-wa-i-sa-ma- arigadogozaimasukawaisama 
 103.862=
 tai-wan-go-ben-kyo-si-nai-ki-do-yo-ne- taiwangobenkyosinaikidoyone 
 107.660=
 tai-wan-go-de-ne,a-ri-ga-do-gi-mo-do- taiwangodenearigadogimodo 
 122.516=
 tai-wan-ni-ka-e-ta-ra-ne-,gin-go-nyu-ni,yo-ro-si-ko-tsu-ta-e-ku-da-sai- taiwannikaetaranegingonyuniyorosikotsutaekudasai 
 133.644=
 ka-wa-i-sah- kawaisah 
 162.947=
 kuan-san-wa,ku-ta-wa-ja-na-ka-da,ko-ko-ni- kuansanwakutawajanakadakokoni 
 197.512=
 ji-kan-nai-wa-yo- jikannaiwayo 
 1437.017=
 mo-si-shin-jah-ni-ji-wa-su-ru-nai-zu-ke-da-ra-,ko-i-te-ru-wa-yo- mosishinjahnijiwasurunaizukedarakoiteruwayo 
 1937.5=
 kyo-wa-do-shi-ta-na,ko-no-se-tsu-wa- kyowadoshitanakonosetsuwa 
 2027.512=
 ku-wa-shi-ku-wa-ru-shi-ku-ra- kuwashikuwarushikura 
 2164.019=
 ko-re-ka-ra-o-re-wa,do-su-re-wa-i-in-da- korekaraorewadosurewaiinda 
 2213.634=
 ko-re-ka-ra-o-re-wa-do-su-re-wa-i-in-da- korekaraorewadosurewaiinda 
 2308.913=
 mo-to-ko-wa-o-re-no-i-mo-to-da- motokowaorenoimotoda 
C:\AppServ\www\GitRepos\finish\LTS\LTS21_100110.trs
 539.998=
 wa-ta-si-ki-no,cho-to-la-zi-o-de-ki-ki-ma-si-ta watasikinochotolaziodekikimasita 
 542.790=
 ja-mu-san-no-tai-wan-min-syu-don-no-ko-do- jamusannotaiwanminsyudonnokodo 
 814.476=
 de-wa-sa-ki-ni-si-tsu-le-si-ma-su- dewasakinisitsulesimasu 
 1382.442=
 dai-wan-sei-ne- daiwanseine 
 1615.152=
 ko-re-wa-ha-na-ne- korewahanane 
 1666.834=
 da-re-mo-ken-mo-si-wa-ke-a-ri-ma-sen-de-si-ta,ta-si-nai-ma-ri-de-su- daremokenmosiwakearimasendesitatasinaimaridesu 
 1678.307=
 mo-si-wa-ke-a-ri-ma-sen-dai-ri-a-se-do-si-ma-si-ta- mosiwakearimasendairiasedosimasita 
 1725.520=
 mo-si-wa-ke-a-ri-ma-sen-dai-ri-a-se-do-si-ma-si-ta- mosiwakearimasendairiasedosimasita 
 1737.997=
 wa-ta-si-ga-ku-su-ri-wa-si-ma-ji-ga-tan-de-su- watasigakusuriwasimajigatandesu 
 1778.239=
 mo-si-a-ga-ri-te-ma-ka-ra-te-ka-si-ra-ka-wa-ri-ni- mosiagaritemakaratekasirakawarini 
 1815.639=
 o-ko-sa-ma-wa-a-ta-si-ga-a-tsu-ke-na-te,ha-ya-ku-ya-sun-de-ku-da-sai- okosamawaatasigaatsukenatehayakuyasundekudasai 
 1830.253=
 go-syu-jin-sa-ma-wa,ma-ta-o-ka-e-ri-ra-na-nai-de-su-ga- gosyujinsamawamataokaerirananaidesuga 
 1849.653=
 wa-ta-si-wa-ka-te-ma-su- watasiwakatemasu 
 1851.724=
 go-syu-jin-sa-ma-wa,ki-do-go-ron-ji-de-su- gosyujinsamawakidogoronjidesu 
 1855.402=
 sin-sa-ma-ni-wa-ru-i-nai-te-ko-do- sinsamaniwaruinaitekodo 
 2395.362=
 o-ba-san-ni-ka-wa-ri-mi-te-ja-mo-a-ji-tan-de-su- obasannikawarimitejamoajitandesu 
 2402.136=
 mo-si-wa-ke-go-za-i-ma-sen- mosiwakegozaimasen 
 2416.220=
 wa-ta-si-ga-hi-mo-cha-su-a-se-ri-ma-su- watasigahimochasuaserimasu 
C:\AppServ\www\GitRepos\finish\LTS\LTS24-1.trs
 820.191=
 we-do-si-te- wedosite 
 823.831=
 do-ko-ka-la-ta-de-mo-wa-lui-do-ka-do-ka- dokokalatademowaluidokadoka 
 834.198=
 a-ko-ko-wa-byo-in-ta-ro- akokowabyointaro 
 837.415=
 byo-in-wa-dai-yo-de-in-ja-nai-do-ga- byoinwadaiyodeinjanaidoga 
 1911.774=
 ma,u-wa-sa-ga-ka-ra- mauwasagakara 
 1973.769=
 kai-se-wa-son-na-ni-mu-tsu-ka-si-ko-do-de-su-ga- kaisewasonnanimutsukasikododesuga 
 1998.927=
 m-m-so-re-wa-zan-nen-de-su-ne- mmsorewazannendesune 
 2007.481=
 ko-ko-o-ha-na-su-ko-do-wa,hi-jo-ni-me-u-no-ko-do-wa-de-su-yo- kokoohanasukodowahijonimeunokodowadesuyo 
 2012.773=
 ko-min-ka-un-do-de-no-wa- kominkaundodenowa 
 2014.698=
 dai-ni-bon-de-go-ku-wa- dainibondegokuwa 
 2034.495=
 再告訴我/wa-ta-si-ni-i-te-ku-da-sai- watasiniitekudasai 
 2039.355=
 nai-ji-jin-to-o-na-ji-hai-kyu-ge-ra-na-ku-te-mo-ka-ma-wan-to-mo-te-go-ta-si-de-ma-su-ga- naijijintoonajihaikyugeranakutemokamawantomotegotasidemasuga 
 2045.842=
 wa-ta-wa-a-ta-ta-ni- watawaatatani 
 2098.024=
 ma-ni-mo-wa-ka-ra-nai-ni-yo-ke-no-ko-di-wa-nai-no- manimowakaranainiyokenokodiwanaino 
 2130.094=
 ko-to-mo-no-i-u-ko-to-wa- kotomonoiukotowa 
 2142.143=
 wa-ta-i-wa-sin-sa-ma-ni-tsu-to-tsu-i-te-ki-ma-su- wataiwasinsamanitsutotsuitekimasu 
 2160.561=
 wa-ta-si-mi-te-ki-ma-su- watasimitekimasu 
 2320.556=
 wa-ta-si-mo-i-syo-ni-i-ki-ma-su- watasimoisyoniikimasu 
C:\AppServ\www\GitRepos\finish\LTS\LTS27-1.trs
 16.908=
 wa-ta-si-wa-he-ro-de-ki-ko-do-ya-da-da-ke-de-su- watasiwaherodekikodoyadadakedesu 
 28.980=
 ja-bai-sin-dan-yu-ru-ke-de-wa-su- jabaisindanyurukedewasu 
 35.580=
 wa-ta-si-ga-ji-ka-go-ro-ko-do-ra-ba-zu-nyu-su-sa-ke-dai-mi-dai-de- watasigajikagorokodorabazunyususakedaimidaide 
 121.834=
 chu-ko-ku-jin-do-tai-wan-jin-wa,i-syo-cho-gai-de-su-ga- chukokujindotaiwanjinwaisyochogaidesuga 
 129.271=
 tai-wan-jin-ba-ku-ta-o-to-sin-nan-de- taiwanjinbakutaotosinnande 
 134.470=
 han-no-yu-wa-de-ki-bin-ni-wa- hannoyuwadekibinniwa 
 135.705=
 ta-wan-jin-wa-ta-ku-san-no-te-ru-ko-do-si-te-ru-ha-tsu-de-su- tawanjinwatakusannoterukodositeruhatsudesu 
 174.480=
 kon-na-ni-u-wa-ga-te-run-na-ga- konnaniuwagaterunnaga 
 178.017=
 so-re-de-wa-a-me-ri-ka-i-ra-sya-run-de-su-ga- soredewaamerikairasyarundesuga 
 300.473=
 o-ka-sa-ma,tai-wan-ka-ra-ta-ku-san-o-mi-ya-ge-ka-de-ku-da-san-ma-yo- okasamataiwankaratakusanomiyagekadekudasanmayo 
 380.783=
 wa-ta-si-tsu-do-yu-na-ka-da-de-su- watasitsudoyunakadadesu 
 400.226=
 ni-hoh-ni-tsu-i-ta-ko-ro-wa,ta-syo-o-ku-ji-o-ki-i-de-tan-de-su-ke-do- nihohnitsuitakorowatasyookujiokiidetandesukedo 
 405.06=
 sai-kin-wa-tsu-do-hya-ni-ko-mo-i-ki-ri-de- saikinwatsudohyanikomoikiride 
 440.903=
 wa-ta-si-ta-ji-ya-go-me-ya-na-o-si-te-yo-ro-ni- watasitajiyagomeyanaositeyoroni 
 471.370=
 da-ke-do,ben-kyo-si-na-ga-ra,ko-do-mo-na-o-se-a-no-su-ru-no-wa- dakedobenkyosinagarakodomonaoseanosurunowa 
 476.167=
 to-de-mo-yo-i-na-ko-do-de-wa-nai-de-su-yo- todemoyoinakododewanaidesuyo 
 565.963=
 so-do-ma-wa-ru-do- sodomawarudo 
 572.681=
 ko-re-wa-ra-zi-o-tai-so-de-su-yo- korewaraziotaisodesuyo 
 581.015=
 to-na-ri-no-mi-no-wa-ta-si-no-sa-in-ki-de- tonarinominowatasinosainkide 
 595.318=
 o-ka-si-no-ko-do-wa-mo-do-i-bai-i-ma-su- okasinokodowamodoibaiimasu 
 598.646=
 on-na-no-hi-do-wa-yo-hu-ku-ki-de-wa-i-ke-nai- onnanohidowayohukukidewaikenai 
 601.566=
 wa-hu-ku-o-ki-de-mo-i-ke-nai- wahukuokidemoikenai 
 610.127=
 sa-ra-ni-mo-do-o-ka-si-no-wa- saranimodookasinowa 
 612.271=
 ka-mi-no-ke-wa-ga-ku-se-mi-dai-no-ka-ba-ri-si-ro-an-tin-de-su-yo- kaminokewagakusemidainokabarisiroantindesuyo 
 644.629=
 sa-de,sei-kai-no-e-kyu-he-wa-o-i-ji-su-ru-sa-de- sadeseikainoekyuhewaoijisurusade 
 649.328=
 wa-ka-ni-bon-wa-sa-ku-ji-zu-be-ru-rin-ni-o-i-de- wakanibonwasakujizuberurinnioide 
 667.1=
 ko-ke-kyo-o-ke-da-ba-ai,do-me-ko-ku-wa-kyo-ryo-ku-si-de-han-ge-si- kokekyookedabaaidomekokuwakyoryokusidehangesi 
 681.560=
 ni-bon-gai-mu-syo-no-su-bo-tsu-ma-wa- nibongaimusyonosubotsumawa 
 684.675=
 ko-no-cho-ya-ku-wa,ge-si-de-ni-bon-ga- konochoyakuwagesidenibonga 
 689.366=
 sin-sa-ma-o-ka-o-ga-wa-lui-de-su- sinsamaokaogawaluidesu 
 723.926=
 ze-ta-ku-wa,wa-re-wa-re-no-te-ki-da- zetakuwawarewarenotekida 
 727.09=
 kyo-yo-ri-zen-ko-ku-no-ga-so-rin-wa, kyoyorizenkokunogasorinwa 
 732.500=
 to-kyo-wa,go-zen-i-ji-zi-yo-ri-go-go-go-ji-zi- tokyowagozenijiziyorigogogojizi 
 779.227=
 sin-se-de-ki-nai-de-wa- sinsedekinaidewa 
 788.031=
 tsu-ki-wa-de-cho-na-si-nai-do- tsukiwadechonasinaido 
 808.548=
 wa-re-wa-re-mo-si-ra-be-na-ke-re-ba-na-ra-nai-da-yo- warewaremosirabenakerebanaranaidayo 
 811.839=
 ryo-ken-wa,wun-si-tsu-si-da-no-de,si-kyu-a-tsu-kai-o-sin-se-si-ma-si-da- ryokenwawunsitsusidanodesikyuatsukaiosinsesimasida 
 828.325=
 o-ma-e-wa-tai-wan-no-zai-rin-bo- omaewataiwannozairinbo 
 834.06=
 tai-wan-nin-mo-ni-hon-ten-nin-no-sin-me-na-ra- taiwanninmonihontenninnosinmenara 
 848.474=
 wa-ta-si-wa-i-sya-de-su,han-nin-ja-nai- watasiwaisyadesuhanninjanai 
 855.569=
 ka-banh-wa,so-sen-wa-syo-ku-min-ji-no-nin-gen-no-tsu-i-ni- kabanhwasosenwasyokuminjinoningennotsuini 
 868.229=
 tai-wan-nin-mo,ko-nen-da-do-o-si-e-da-no-o- taiwanninmokonendadoosiedanoo 
 933.292=
 nan-da-tai-wan-no-cho-i-nan-da- nandataiwannochoinanda 
 938.614=
 a-na-ta-tai-wan-de-wa-cho-do-yu-me-ka-mo-si-re-nai-ke-do- anatataiwandewachodoyumekamosirenaikedo 
 941.643=
 ko-ko-wa-ni-hon-na-no-yo- kokowanihonnanoyo 
 943.861=
 hon-do-ni-chi-i-ga-a-re-de-no-wa-,a-ta-si-no-ko-do-nai-ja-nai-ka-si-ra- hondonichiigaaredenowaatasinokodonaijanaikasira 
 950.005=
 wa-da-si-ni-nan-no-go-yo- wadasininannogoyo 
 962.750=
 wa-ta-si-ga-gai-ko-kan-fu-jin-da-ka-ra- watasigagaikokanfujindakara 
 970.817=
 ma-ta-ku-mo-si-ga-i-da-ra-a-de-shi-nai-wa-yo- matakumosigaidaraadeshinaiwayo 
 983.577=
 wa-ta-si-mo-ba-ka-yo-ne- watasimobakayone 
 990.682=
 ke-konh-si-ki-no-ko-do-o,ma-da,ko-dan-wa-den-i-ma-su-ga- kekonhsikinokodoomadakodanwadenimasuga 
 1003.875=
 den-wa-da-de-na-ni-mo-nai-de-syo- denwadadenanimonaidesyo 
 1005.935=
 da-ka-ra-a-ta-si,a-na-da-no-ko-do-na-de-wa-su-re-ja-dan-no-yo- dakaraatasianadanokodonadewasurejadannoyo 
 1134.973=
 kyo-wa-so-do-ni-ta-da-e-ga-ni-o-hai-ri-ma-si-da- kyowasodonitadaeganiohairimasida 
 1265.744=
 wa-ta-si-wa-ha-ha- watasiwahaha 
 1626.415=
 a-no-ko-ta-chi-no-ko-do-wa-mo-sin-bai-si-nai-de-dai-jo-bu-de-su-yo- anokotachinokodowamosinbaisinaidedaijobudesuyo 
 1634.08=
 a-do-wa-gi-gan-no-mon-dai-de-su- adowagigannomondaidesu 
 1679.181=
 a-no-hi-wa,hon-do-ni-go-men-na-sai- anohiwahondonigomennasai 
 1682.962=
 de-mo-wa-da-si-su-ko-ku-o-ko-de-dan-yo- demowadasisukokuokodedanyo 
 1697.310=
 syu-jin-ga-yu-ni-wa- syujingayuniwa 
 1703.994=
 ki-do-jo-wa-kyo-wa-na-do-i-ro-ku-na-de-run-ja-nai-ka-do-mo-de- kidojowakyowanadoirokunaderunjanaikadomode 
 1749.716=
 syu-jin-ga-yu-ni-wa- syujingayuniwa 
 1756.445=
 ki-do-jo-wa-kyo-wa-na-do-i-lo-ku-na-de-run-ja-nai-ka-do-mo-de- kidojowakyowanadoilokunaderunjanaikadomode 
 1769.211=
 ya-da-wa- yadawa 
 1802.412=
 do-ku-ni,wa-da-si-wa-tai-wan-jin-de-su-no-de- dokuniwadasiwataiwanjindesunode 
 1807.158=
 wa-sa-do,nan-ku-se-o-tsu-ke-ra-re-de-i-ma-si-da- wasadonankuseotsukeraredeimasida 
 1851.262=
 ko-re-wa-ne,be-ko-ku-ni-mo-de-na-yo- korewanebekokunimodenayo 
 1854.769=
 o-ka-sa-ma-ga,ko-no-yo-no-ha-na-mo-yo-no-ki-mi-gi-ji-wa-mu-ko-hi-do-wa-i-chi-ban-su-ki-nan-de-su-de- okasamagakonoyonohanamoyonokimigijiwamukohidowaichibansukinandesude 
 1861.450=
 si-ka-mo-i-e-wa-sen-so-na-chi-dai-de-syo- sikamoiewasensonachidaidesyo 
 1866.743=
 ko-re-wa-mo-de-ke-ba,mu-ko-no-ryo-hi-wa- korewamodekebamukonoryohiwa 
 1869.046=
 zen-zen-mon-dai-nai-wa- zenzenmondainaiwa 
 2059.790=
 sin-sa-ma-wa-hi-to-ri-na-de-ka-ra- sinsamawahitorinadekara 
 2061.798=
 ma-e-ri-do-zen-zen-no-mi-no-mi-do-si-a-wa-se-i-ma-su- maeridozenzennominomidosiawaseimasu 
 2072.953=
 sin-sa-ma-wa-chi-bun-no-ko-do-wa-si-ka-ri-ka-i-de-si-tsu-re-ba-so-re-ren-gi-su- sinsamawachibunnokodowasikarikaidesitsurebasorerengisu 
 2106.764=
 mo-si-wa-ka-na-ku- mosiwakanaku 
 2114.594=
 pon-san-ga-i-ma-tai-wan-ni-i-ru-de-syo- ponsangaimataiwanniirudesyo 
 2118.232=
 min-kan-sei-chi-ka-tsu-do-ka-nan-ka-ni-ka-ka-wa-de-run-ja-nai-ka-si-ra- minkanseichikatsudokanankanikakawaderunjanaikasira 
 2124.480=
 wa-ta-si-no-syu-jin-ga-yu-ni-wa- watasinosyujingayuniwa 
 2137.126=
 wa-ta-si-wa-sai-ko-ma-ni-tsu-i-de- watasiwasaikomanitsuide 
 2139.594=
 wa-ta-si-no-syu-jin-wa-re-den-bo-ge-re-dan- watasinosyujinwaredenbogeredan 
 2142.469=
 de-in-no-wa-ni-hon-do-kan-jo-ga-mo-su-ku- deinnowanihondokanjogamosuku 
 2145.569=
 dan-nen-ju-ko-u-chi-na-in-de-tai-wan-de-jan-da-syo-ai-ko-tsu-no-de- dannenjukouchinaindetaiwandejandasyoaikotsunode 
 2152.269=
 a-na-ta-no-na-ma-e-wa,nai-ron-a-ne-mu-da-a-ge-dan-yo- anatanonamaewanaironanemudaagedanyo 
 2163.418=
 wa-ta-si,i-wa-no-ko-do-wa,na-ni-mo-ya-de-i-ma-san-wa-yo- watasiiwanokodowananimoyadeimasanwayo 
 2204.760=
 wa-ta-si-no-syu-jin-wa-re-den-bo-ge-re-dan- watasinosyujinwaredenbogeredan 
 2207.797=
 de-in-no-wa-ni-honh-do-kan-jo-ga-mo-su-ku- deinnowanihonhdokanjogamosuku 
 2210.892=
 den-nen-zyu-ko-u-chi-na-in-de-tai-wan-de-jan-da-syo-ai-ko-tsu-no-de- dennenzyukouchinaindetaiwandejandasyoaikotsunode 
 2217.471=
 a-na-ta-no-na-ma-e-wa,nai-ron-a-ne-mu-da-a-ge-dan-yo- anatanonamaewanaironanemudaagedanyo 
 2228.784=
 wa-ta-si,i-wa-no-ko-do-wa,na-ni-mo-ya-de-i-ma-sen-wa-yo- watasiiwanokodowananimoyadeimasenwayo 
 2235.010=
 te-en-no-wa,pon-san-do-no-kan-ke-na-no- teennowaponsandonokankenano 
 2238.623=
 i-ma,tai-wan-sei-chi-kan-ke-ja-na- imataiwanseichikankejana 
 2254.109=
 da-ka-ra-kan-jo-wa-te-de-de-kin-cho-sa-wa-si-te-i-run-no-yo- dakarakanjowatededekinchosawasiteirunnoyo 
 2260.885=
 ko-do-mo-ta-chi-no-ryo-ken-wa- kodomotachinoryokenwa 
 2263.859=
 ko-do-mo-wa-mo-chi-lon-tsu-re-te-ge-nai-wa- kodomowamochilontsuretegenaiwa 
 2275.386=
 a-na-ta-ta-chi-no-na-ma-e-ta-de-wa-ka-ta-ra- anatatachinonamaetadewakatara 
 2277.700=
 tai-wan-ni-si-na-mo-to-sa-re-de-si-ma-no-yo- taiwannisinamotosaredesimanoyo 
 2285.573=
 ko-to-mo-ta-chi-do-si-syo-te-ka-i-to,wa-ta-si-mo-i-ke-ma-sen- kotomotachidosisyotekaitowatasimoikemasen 
 2306.131=
 i-ma-wa-a-na-ta-ga-so-gan-sa-re-ru-ko-to-yo-ri- imawaanatagasogansarerukotoyori 
 2317.745=
 wa-ka-te-ru- wakateru 
 2327.894=
 ya-ba-rli-ko-to-mo-tsu-re-ke-nai-wa- yabarlikotomotsurekenaiwa 
 2543.838=
 mo-si-a-no-ka-ta-te-a-go-no-ga-wa-ni-gi-wa-ga-te-i-da- mosianokatateagonogawanigiwagateida 
 2554.843=
 mu-a-na-ta-wa-dko-e-mo-i-ka-ta-ja-ta-ri-si-nai-te-syo- muanatawadkoemoikatajatarisinaitesyo 
C:\AppServ\www\GitRepos\finish\PTSN-1\PTSN-20100523-1.trs
 507.984=
 taiwan tauch your heart taiwantauchyourheart 
C:\AppServ\www\GitRepos\finish\PTSN-2\PSTN-20101103.trs
 3250.919=
 new york newyork 
C:\AppServ\www\GitRepos\finish\PTSN-2\PTSN-20101022(chencau).trs
 1622.541=
 ziong3-zit1-leh2-gok1-gun1-hiann2-di2-,e2-win2-ku1-lam1-an2-an5- win 
C:\AppServ\www\GitRepos\finish\PTSN-3\PTSN_20121007-zy-121010.trs
 385.887=
 dong2-ten1 sui2-len5-i1-ging2 kng4-liau1 nng3-diam1-qua3-zing1,but1-gor3 un2-do2 ah1-si3 siongw2-dong1-guan5 siongw 
C:\AppServ\www\GitRepos\finish\PTSN-3\PTSN_20121023-zy-121105.trs
 2017.001=
 ah1 ze4 diongw-hua5-zit1-bang3 ze4 siong2-guan1-e2 li1-su3-diunn4  diongwhua 
C:\AppServ\www\GitRepos\finish\PTSN-3\PTSN_20121103-zy-121111.trs
 1049.547=
 New-york Newyork 
 1065.0=
 New-york Newyork 
 1070.0=
 New-york Newyork 
 1092.614=
 New-york Newyork 
 1114.574=
 New-york Newyork 
 1115.909=
 New-york Newyork 
 1128.287=
 New-york Newyork 
 1129.637=
 New-york Newyork 
 1146.271=
 New-york Newyork 
 1148.85=
 New-york Newyork 
C:\AppServ\www\GitRepos\finish\PTSN-3\PTSN_20121110-zy-130113.trs
 1202.7301820000005=
 huann2-ingw-dng4-ai2 sin2-vun5-e2 hen3-dionn5,dor3-en4  ingwdng 
C:\AppServ\www\GitRepos\finish\TW03\_Chen Su Nian_10-20101105.trs
 4546.5678125=
 william-blake williamblake 
C:\AppServ\www\GitRepos\finish\TW03\_Chen Su Nian_20-101017.trs
 971.024000000001=
 sg0059032 用-LCD-show出來ｅ影像，/iong3-[//]-cut1-lai2-iann1-siong3- LCDshow 
C:\AppServ\www\GitRepos\finish\TW03\_Chen Su Nian_20-991030(dancor).trs
 971.024000000001=
 sg0059032 用-LCD-show出來ｅ影像，/iong3-[//]-cut1-lai2-e2-iann1-siong3- LCDshow 
C:\AppServ\www\GitRepos\finish\TW03\_Chen Tsau_0_101031.trs
 971.024000000001=
 sg0059032 用-LCD-show出來ｅ影像，/iong3-[//]-cut1-lai2-e2-iann1-siong3- LCDshow 
C:\AppServ\www\GitRepos\finish\TW03\_Tsai Feng An\_Tsai Feng An_10-991125.trs
 335.312=
 dv0329124 m閣這m是妖魔ｅ聲，/m3-gorh1-zw1-m3-si3-iau2-mo5-e3-siann1- zw 
 4556.848=
 sg0042243 進一步empower別人。/zin4-zit3-bo2[//]bat3-lang5- empower 
 4913.728=
 sg0184106 而且也會曉用Windows-Word打字製作生日卡片，/li2-ciann4-ia3-e3-hiau4,iong3[//]pa4-ri2,ze4-zok2-sinn2-rit3-ka4-pinn3- WindowsWord 
 5311.76=
 sg0184218 台灣人明明唸fong。中國人ｅ〝溫〞唸wen，/dai2-uan2-lang5-ving2-ving2-liam3[//]diong2-gok1-lang5-un1-liam3[//] wen 
 5316.432=
 sg0184219 台灣人明明唸wun，/dai2-uan2-lang5,ving2-ving2-liam3-un1- wun 
C:\AppServ\www\GitRepos\finish\TW03\_Tsai Feng An\_Tsai Feng An_20.trs
 335.312=
 dv0329124 m閣這m是妖魔ｅ聲，/m3-gorh1-zw1-m3-si3-iau2-mo5-e3-siann1- zw 
 4556.848=
 sg0042243 進一步empower別人。/zin4-zit3-bo2[//]bat3-lang5- empower 
 4913.728=
 sg0184106 而且也會曉用Windows-Word打字製作生日卡片，/li2-ciann4-ia3-e3-hiau4,iong3[//]pa4-ri2,ze4-zok2-sinn2-rit3-ka4-pinn3- WindowsWord 
 5311.76=
 sg0184218 台灣人明明唸fong。中國人ｅ〝溫〞唸wen，/dai2-uan2-lang5-ving2-ving2-liam3[//]diong2-gok1-lang5-un1-liam3[//] wen 
 5316.432=
 sg0184219 台灣人明明唸wun，/dai2-uan2-lang5,ving2-ving2-liam3-un1- wun 
C:\AppServ\www\GitRepos\finish\TW03\_Tsai Feng An\_Tsai Feng An_30.trs
 335.312=
 dv0329124 m閣這m是妖魔ｅ聲，/m3-gorh1-zw1-m3-si3-iau2-mo5-e3-siann1- zw 
 4556.848=
 sg0042243 進一步empower別人。/zin4-zit3-bo2[//]bat3-lang5- empower 
 4913.728=
 sg0184106 而且也會曉用Windows-Word打字製作生日卡片，/li2-ciann4-ia3-e3-hiau4,iong3[//]pa4-ri2,ze4-zok2-sinn2-rit3-ka4-pinn3- WindowsWord 
 5311.76=
 sg0184218 台灣人明明唸fong。中國人ｅ〝溫〞唸wen，/dai2-uan2-lang5-ving2-ving2-liam3[//]diong2-gok1-lang5-un1-liam3[//] wen 
 5316.432=
 sg0184219 台灣人明明唸wun，/dai2-uan2-lang5,ving2-ving2-liam3-un1- wun 