http://140.109.18.117/GitRepos/finish/DaAi/vvrs01-20130301%20(20130316)-0416.trs
http://140.109.18.117/GitRepos/finish/DaAi/vvrs04-20130309(0324)-20130420.trs
http://140.109.18.117/GitRepos/finish/DaAi/vvrs07-20130308(0404)-0422.trs
a2=00474
li1=00373
la3=00321
qua1=00299
e3=00284
a3=00247
si3=00239
hor4=00191
e2=00189
honnh2=00184
vu4=00162
ah1=00151
oh2=00131
u3=00124
m3=00124
gorh1=00122
lai5=00110
zit3=00108
a1=00108
i2=00099
vor2=00098
dor3=00096
an1=00095
lai2=00091
ki1=00090
ai4=00088
veh1=00087
ve3=00085
ziah1=00078
ki3=00078
lin1=00074
gong1=00071
ziok1=00070
ma3=00070
vor3=00069
long1=00066
hor1=00065
zit1=00063
neh2=00062
ne1=00062
ga3=00062
bah2=00061
a4=00060
kuann4=00058
gah1=00058
lan1=00057
kah1=00055
ze1=00051
oh3=00051
zin2=00050
ho3=00050
e1=00050
ziah3=00049
mai4=00049
li3=00049
na3=00048
gong4=00048
zu4=00045
zor4=00045
siunn3=00044
lai3=00044
na4=00043
zinn5=00042
zi4=00042
gam1=00041
li4=00040
dai3=00040
zai2=00039
sing2=00038
gin1=00038
diorh2=00038
ziah2=00037
o3=00037
mui2=00037
ga2=00036
zi3=00035
dor2=00035
diorh3=00035
di3=00034
he1=00033
it1=00032
dng4=00032
o2=00031
leh1=00031
gor1=00031
si2=00030
lang5=00030
i1=00030
ah2=00030
zu1=00029
siann1=00028
se4=00028
gin4=00028
ge1=00028
di2=00028
zing3=00027
zia1=00027
tak3=00027
qua3=00027
ma4=00027
hui2=00027
eh2=00027
dau4=00027
qun1=00026
le2=00026
kuann3=00026
dua3=00026
dang4=00026
dak3=00026
guai1=00025
dior3=00025
zai1=00024
sui4=00024
mih1=00024
lang2=00024
ge2=00024
ziann2=00023
ze2=00023
ui3=00023
huat1=00023
han2=00023
gang2=00023
zi5=00022
vor5=00022
sim1=00022
in2=00022
hok2=00022
ho2=00022
hak3=00022
cai3=00022
ue2=00021
u2=00021
sin2=00021
len5=00021
le3=00021
dui4=00021
qin1=00020
mai2=00020
hannh2=00020
gior4=00020
ge3=00020
dor4=00020
ding3=00020
dang2=00020
za2=00019
tau2=00019
na1=00019
mh2=00019
liau4=00019
iau4=00019
i4=00019
hau2=00019
giann2=00019
gi2=00019
dan4=00019
vi1=00018
ven1=00018
sit3=00018
siong3=00018
o1=00018
lu1=00018
li2=00018
kai4=00018
ka4=00018
huann2=00018
han3=00018
tiam2=00017
lor4=00017
liau1=00017
ko1=00017
ing2=00017
ging2=00017
giann4=00017
cu4=00017
zun2=00016
zor3=00016
zin1=00016
ziang3=00016
sior1=00016
sann2=00016
qo3=00016
iah1=00016
hi4=00016
gue4=00016
gin2=00016
dinn1=00016
dau1=00016
ciann1=00016
zuann4=00015
tau5=00015
so4=00015
ri2=00015
ko4=00015
giann5=00015
de4=00015
de3=00015
dan1=00015
bng2=00015
vai4=00014
tiann2=00014
te4=00014
sinn1=00014
sia2=00014
iann1=00014
gi3=00014
ge4=00014
gang1=00014
ceh2=00014
ai3=00014
ziann4=00013
zau4=00013
te3=00013
sun3=00013
su2=00013
sen2=00013
qua2=00013
meh2=00013
leh3=00013
iorh3=00013
hit1=00013
hiann1=00013
gau4=00013
gai4=00013
cut1=00013
cu3=00013
bau2=00013
aih2=00013
zu3=00012
ve2=00012
siong4=00012
siong1=00012
sia1=00012
sang3=00012
qua4=00012
nng3=00012
ni5=00012
nai4=00012
kau3=00012
iann4=00012
huan2=00012
hi2=00012
gau3=00012
cin1=00012
ban1=00012
zok1=00011
ze3=00011
vue4=00011
vue3=00011
ve1=00011
vang3=00011
siunn2=00011
siannh2=00011
si5=00011
kor1=00011
iong1=00011
ing5=00011
iau1=00011
i3=00011
ha3=00011
gu4=00011
go4=00011
e5=00011
dng1=00011
da4=00011
cun2=00011
cua3=00011
cing2=00011
ziau4=00010
za4=00010
quan2=00010
ni3=00010
kuai4=00010
kor3=00010
ing4=00010
guai2=00010
gong2=00010
gang3=00010
gan1=00010
zui1=00009
ziong2=00009
vo4=00009
vin2=00009
so1=00009
sit2=00009
sim2=00009
sang1=00009
na2=00009
me2=00009
lau2=00009
huat2=00009
hong4=00009
gan2=00009
gak1=00009
ga4=00009
cue2=00009
cai4=00009
beh2=00009
au2=00009
zing5=00008
vuai5=00008
vo1=00008
ui2=00008
u1=00008
tan4=00008
su1=00008
siu1=00008
si4=00008
senn2=00008
se3=00008
sann1=00008
sang4=00008
mih3=00008
lin2=00008
lau3=00008
la2=00008
kuan4=00008
i5=00008
hun2=00008
hue3=00008
hia1=00008
gui1=00008
gue3=00008
guann1=00008
guan2=00008
ga5=00008
du1=00008
dor1=00008
dong2=00008
dng3=00008
dit3=00008
cue3=00008
bai4=00008
zui4=00007
zap3=00007
vue1=00007
van3=00007
su3=00007
siu2=00007
sit1=00007
siorh2=00007
sin1=00007
sia4=00007
sannh2=00007
painn1=00007
ni2=00007
mng2=00007
lit2=00007
lia3=00007
len2=00007
lang3=00007
kor4=00007
kang2=00007
iong3=00007
hun4=00007
hue1=00007
hau3=00007
hann5=00007
hai2=00007
ging1=00007
gai2=00007
do2=00007
dng2=00007
cun1=00007
but1=00007
binn1=00007
bi1=00007
ban3=00007
ba4=00007
ang2=00007
an2=00007
zing4=00006
za1=00006
uann3=00006
uah2=00006
tiann3=00006
tiann1=00006
or2=00006
me5=00006
ma1=00006
leh2=00006
le1=00006
kun3=00006
kue3=00006
kng4=00006
king1=00006
iong2=00006
huah2=00006
hior4=00006
hiah1=00006
hang2=00006
ha1=00006
guan3=00006
gua1=00006
ging4=00006
gi4=00006
din2=00006
cinn1=00006
cia4=00006
can2=00006
ca1=00006
benn2=00006
ben3=00006
be2=00006
bau1=00006
bat3=00006
bang4=00006
zin4=00005
zik2=00005
zi1=00005
zau5=00005
zai3=00005
vo3=00005
ven4=00005
ve4=00005
vat3=00005
van2=00005
tiam1=00005
tang2=00005
sui2=00005
siu3=00005
sing1=00005
sin4=00005
ri3=00005
quat3=00005
quan1=00005
pen2=00005
pa4=00005
orh1=00005
nua4=00005
ne2=00005
ma2=00005
lo5=00005
lik2=00005
liam2=00005
kui2=00005
kiai3=00005
kau4=00005
ka2=00005
ka1=00005
iorh2=00005
ior1=00005
in1=00005
iau3=00005
ia3=00005
hue2=00005
huan5=00005
hiorh2=00005
hiau1=00005
hi1=00005
han4=00005
gui2=00005
gua3=00005
gor4=00005
gai1=00005
eh3=00005
ding4=00005
diam4=00005
diam1=00005
deh1=00005
de5=00005
de2=00005
dau2=00005
dann1=00005
cui3=00005
cor4=00005
ciunn3=00005
cin2=00005
ci2=00005
ca2=00005
bit2=00005
bin1=00005
bang2=00005
bak2=00005
bak1=00005
am4=00005
ziu1=00004
zin3=00004
zia4=00004
zai4=00004
vi2=00004
ui4=00004
tua2=00004
tok2=00004
tiau2=00004
siong2=00004
siok3=00004
siann4=00004
sia3=00004
senn1=00004
sai3=00004
ren5=00004
pue2=00004
oh1=00004
mui3=00004
mi4=00004
m4=00004
lorh3=00004
lo2=00004
lit3=00004
lip2=00004
liong2=00004
lin4=00004
lin3=00004
lim1=00004
liap2=00004
li=00004
kui1=00004
koh2=00004
kng3=00004
ki4=00004
kai2=00004
iu2=00004
ior3=00004
ing1=00004
hui3=00004
hue4=00004
hennh2=00004
hah1=00004
guan1=00004
guai4=00004
giong2=00004
ging3=00004
gau1=00004
dong3=00004
dong1=00004
do4=00004
diong3=00004
ding1=00004
diau5=00004
diann3=00004
dam3=00004
dam2=00004
dai2=00004
cut2=00004
ciu4=00004
ce2=00004
cang2=00004
buann2=00004
bo2=00004
biau1=00004
beh3=00004
bat1=00004
bai3=00004
am3=00004
zue4=00003
zior4=00003
ziong3=00003
zing2=00003
zim4=00003
vok3=00003
ving2=00003
vi3=00003
vat2=00003
vat1=00003
un3=00003
un2=00003
un1=00003
uan5=00003
uan4=00003
tng5=00003
tinn2=00003
sng4=00003
sng3=00003
sior4=00003
sior2=00003
sing4=00003
siau4=00003
senn4=00003
se1=00003
sai2=00003
sai1=00003
qo2=00003
qiap2=00003
qau5=00003
pue1=00003
pang2=00003
pai1=00003
orh3=00003
ong5=00003
nng2=00003
mng3=00003
me1=00003
m5=00003
lor3=00003
liorh2=00003
lim2=00003
liap3=00003
lia1=00003
len3=00003
lau1=00003
lan5=00003
laih2=00003
kun4=00003
kit3=00003
kit2=00003
kin2=00003
iu5=00003
iu1=00003
ing3=00003
hun1=00003
hua5=00003
hua4=00003
honnh3=00003
hioh2=00003
hing5=00003
hing4=00003
he2=00003
hang3=00003
hai4=00003
gut1=00003
guan5=00003
go3=00003
gior3=00003
giam1=00003
gi1=00003
gen4=00003
gau2=00003
gann1=00003
gam4=00003
en5=00003
en2=00003
eh1=00003
duann1=00003
dorh2=00003
dngh2=00003
diu2=00003
diong1=00003
dinn2=00003
ding2=00003
diau2=00003
di1=00003
dau3=00003
dann4=00003
cong4=00003
ciu1=00003
cenn2=00003
bun1=00003
buat3=00003
bua3=00003
bu2=00003
bo3=00003
bai2=00003
au3=00003
ang1=00003
ai2=00003
ah3=00003
a5=00003
zun1=00002
zue2=00002
zuat3=00002
zuan2=00002
zong4=00002
zng1=00002
ziu4=00002
zit=00002
ziong4=00002
ziong1=00002
zing1=00002
zik1=00002
ze4=00002
zau2=00002
zat3=00002
zam2=00002
zah1=00002
za5=00002
vun5=00002
vue2=00002
vong2=00002
vin3=00002
vang2=00002
vai3=00002
vai2=00002
uann1=00002
uan2=00002
uah1=00002
tuan5=00002
tng1=00002
tinn1=00002
tiann4=00002
tiam4=00002
te2=00002
te1=00002
sut1=00002
suah1=00002
sua1=00002
siunn1=00002
siong5=00002
siok2=00002
sing3=00002
siang2=00002
sang2=00002
san4=00002
rip3=00002
rin3=00002
queh2=00002
quan3=00002
qik2=00002
qi2=00002
qau2=00002
pua4=00002
por2=00002
pen4=00002
or3=00002
oh5=00002
o4=00002
nua1=00002
nqo1=00002
niu3=00002
nia1=00002
nau3=00002
nai3=00002
mng5=00002
mau2=00002
mai3=00002
mah3=00002
m2=00002
lun3=00002
lue3=00002
lok2=00002
lit1=00002
lip3=00002
ling3=00002
ling2=00002
lim5=00002
liam3=00002
let2=00002
le4=00002
lat2=00002
lap3=00002
lak3=00002
lak1=00002
kuan1=00002
kong4=00002
kiau4=00002
keh2=00002
kan2=00002
ior2=00002
inn2=00002
hue5=00002
hu4=00002
hu3=00002
hong1=00002
hoh3=00002
hoh2=00002
ho4=00002
ho1=00002
hng2=00002
hiong2=00002
hing3=00002
hiau4=00002
hiang4=00002
hiang1=00002
hau4=00002
hap2=00002
hannh5=00002
hannh1=00002
hang5=00002
ha2=00002
gui3=00002
guan4=00002
gua4=00002
gorh=00002
go1=00002
gip2=00002
gin3=00002
gim1=00002
gik2=00002
gang5=00002
gak2=00002
gah=00002
en3=00002
dua4=00002
dua2=00002
diunn5=00002
diunn1=00002
dit1=00002
diorh1=00002
ding5=00002
dik1=00002
dan3=00002
dan2=00002
cuan5=00002
cu1=00002
ciunn2=00002
ciunn1=00002
ciu3=00002
cit2=00002
cinn2=00002
cing3=00002
ciann4=00002
cia1=00002
ci3=00002
cau2=00002
cau1=00002
cang4=00002
can5=00002
cam2=00002
bun4=00002
bun2=00002
bue2=00002
bor3=00002
bor2=00002
binn2=00002
bing1=00002
biann3=00002
ben4=00002
be3=00002
ba5=00002
ba1=00002
au5=00002
ap1=00002
ang5=00002
zun4=00001
zue3=00001
zuann1=00001
zuan5=00001
zuainn2=00001
zuai4=00001
zua3=00001
zu2=00001
zorh2=00001
zong2=00001
zong1=00001
zo4=00001
zip1=00001
ziorh3=00001
zior1=00001
zim2=00001
ziap2=00001
ziap1=00001
ziann3=00001
ziann1=00001
ziam3=00001
zi2=00001
zen3=00001
ze5=00001
zau1=00001
zap1=00001
zaih1=00001
zai5=00001
vun3=00001
vun1=00001
vua5=00001
vua4=00001
vu1=00001
vor1=00001
vo2=00001
vit3=00001
vit2=00001
vip3=00001
vin5=00001
viau2=00001
veh2=00001
vak3=00001
va3=00001
uat3=00001
uann4=00001
tun2=00001
tui4=00001
tuan2=00001
tor4=00001
tok1=00001
tng3=00001
tng2=00001
ting2=00001
tiau3=00001
tiau1=00001
teh2=00001
tau4=00001
tang1=00001
tan3=00001
tam4=00001
tai4=00001
ta1=00001
sun4=00001
sui5=00001
sui1=00001
sue4=00001
suann3=00001
suann1=00001
suan2=00001
suan1=00001
sua3=00001
su4=00001
sor4=00001
song1=00001
so3=00001
sng1=00001
sior=00001
sionn3=00001
sinn2=00001
sing5=00001
sim4=00001
sik3=00001
sik2=00001
sik1=00001
siau3=00001
siau2=00001
siann2=00001
siang4=00001
siang3=00001
set1=00001
sennh2=00001
senn5=00001
senn3=00001
sen5=00001
sen1=00001
sau4=00001
san3=00001
s3=00001
ruah2=00001
ruah1=00001
ru2=00001
rit2=00001
rip=00001
rin5=00001
rin2=00001
rim4=00001
rim3=00001
rim2=00001
rim1=00001
ria1=00001
ren3=00001
ren2=00001
qun4=00001
quan5=00001
qua5=00001
qua=00001
qip3=00001
qip2=00001
qin5=00001
qiann4=00001
qiam2=00001
qia3=00001
qia2=00001
qen5=00001
qeh3=00001
qe2=00001
pue4=00001
pue3=00001
puann2=00001
por3=00001
pong2=00001
po2=00001
ping2=00001
piann1=00001
pi2=00001
pi1=00001
pau3=00001
pang5=00001
pang1=00001
painn4=00001
pai4=00001
pai3=00001
pa3=00001
ong4=00001
o=00001
nqo4=00001
nqo3=00001
nqo2=00001
nqe3=00001
nngh2=00001
niu5=00001
nih2=00001
nia4=00001
nia3=00001
ngh2=00001
ng3=00001
ne3=00001
nau4=00001
nau2=00001
mui1=00001
mui=00001
mue5=00001
mo2=00001
mih2=00001
mia5=00001
mia2=00001
mi3=00001
mh1=00001
me4=00001
m1=00001
lun5=00001
lueh2=00001
luan4=00001
luaih2=00001
luai4=00001
luai3=00001
lua3=00001
lorh2=00001
lor2=00001
lor1=00001
long3=00001
lok1=00001
loh3=00001
lo3=00001
liu1=00001
lik3=00001
lih3=00001
lih2=00001
lih1=00001
liau5=00001
liau2=00001
liap1=00001
lia2=00001
le5=00001
lau5=00001
lau4=00001
lang1=00001
lan4=00001
lan3=00001
lam5=00001
lam3=00001
lam2=00001
lak2=00001
laim3=00001
la4=00001
kuinn4=00001
kuann2=00001
kuan2=00001
kuainn5=00001
kuainn4=00001
kuainn3=00001
kuai3=00001
ku2=00001
ku1=00001
kong1=00001
kit1=00001
king3=00001
king=00001
kin1=00001
kiang4=00001
kiam4=00001
kiam3=00001
kiam2=00001
kiai4=00001
kia2=00001
ki2=00001
ke4=00001
ke3=00001
ke2=00001
kat1=00001
kang1=00001
kah2=00001
iu3=00001
iorh1=00001
iong5=00001
iok1=00001
iann2=00001
iah3=00001
hui4=00001
huat3=00001
hua1=00001
hu1=00001
honnh5=00001
honnh1=00001
honn4=00001
hong5=00001
hong2=00001
hok3=00001
hok1=00001
ho5=00001
hmh5=00001
hiong5=00001
hiong4=00001
hiong3=00001
hiong1=00001
hing2=00001
him2=00001
hiam4=00001
hiam2=00001
hiam1=00001
hiai4=00001
hennh3=00001
henn3=00001
henn2=00001
hen5=00001
hen2=00001
he4=00001
hann4=00001
hann1=00001
ham3=00001
hainn4=00001
haih2=00001
hah2=00001
gun2=00001
guat1=00001
guann2=00001
guai3=00001
guah1=00001
gu2=00001
gu1=00001
gor2=00001
gong5=00001
gok1=00001
go5=00001
go2=00001
gng4=00001
gng1=00001
giunn1=00001
gip1=00001
giong5=00001
giong4=00001
ginn4=00001
ging5=00001
giann1=00001
gia3=00001
get2=00001
gen3=00001
gen2=00001
gaui1=00001
gann4=00001
gang4=00001
gam2=00001
ga1=00001
eh5=00001
dun3=00001
dun1=00001
dui2=00001
dueh2=00001
due4=00001
duann3=00001
do5=00001
dit2=00001
din4=00001
din3=00001
dik3=00001
dik2=00001
dih1=00001
diam2=00001
di5=00001
de1=00001
de=00001
dat3=00001
dann3=00001
dang1=00001
dan5=00001
dam1=00001
dah2=00001
da3=00001
da2=00001
cut3=00001
cuan2=00001
cua2=00001
cor3=00001
co2=00001
co1=00001
cit1=00001
ciorh3=00001
cior4=00001
cior3=00001
ciong3=00001
cinn4=00001
cinn=00001
cim2=00001
ciah2=00001
ci5=00001
ci4=00001
cet1=00001
cen2=00001
cap2=00001
ca4=00001
but3=00001
bor5=00001
bor4=00001
bo1=00001
bng4=00001
bit3=00001
bit1=00001
bing5=00001
bing2=00001
bik2=00001
bik1=00001
biah2=00001
bi4=00001
bi2=00001
benn3=00001
be4=00001
bau=00001
bak3=00001
bai5=00001
bah3=00001
bah1=00001
ang3=00001
an5=00001
an3=00001
aih3=00001
ai5=00001
ai1=00001
a11=00001