開始執行	2014-02-06 15:17:59
trs加註意思	/GitRepos/finish/DaAi/vvrs22-20130325-20130430-0516.trs	5.115999937057495
trs加註意思
/GitRepos/finish/DaAi/vvrs22-20130325-20130430-0516.trs
5.273999929428101
trs加註意思	/GitRepos/finish/DaAi/vvrs22-20130325-20130430-0516.trs	6.098349094390869
trs加註意思	/GitRepos/finish/DaAi/vvrs04-20130309(0324)-20130420.trs	4.316999912261963
trs加註意思
/GitRepos/finish/DaAi/vvrs04-20130309(0324)-20130420.trs
4.422999858856201
trs加註意思	/GitRepos/finish/DaAi/vvrs04-20130309(0324)-20130420.trs	5.095290899276733
trs加註意思	/GitRepos/finish/Dream_State/1025-220001-111209.trs	2.5810000896453857
trs加註意思
/GitRepos/finish/Dream_State/1025-220001-111209.trs
2.625
trs加註意思	/GitRepos/finish/Dream_State/1025-220001-111209.trs	3.083177089691162
開始執行	2014-02-07 12:27:38
開始執行	2014-02-07 14:08:21
trs加註意思	/GitRepos/finish/DaAi/vvrs01-20130301 (20130316)-0416.trs	2.366999864578247
2014-02-07 14:11:08
trs加註意思	/GitRepos/finish/DaAi/vvrs04-20130309(0324)-20130420.trs	3.364999771118164
2014-02-07 14:12:49
trs加註意思	/GitRepos/finish/DaAi/vvrs07-20130308(0404)-0422.trs	2.493000030517578
2014-02-07 14:13:54
trs加註意思	/GitRepos/finish/DaAi/vvrs10-20130311(0411)-0425.trs	3.5329999923706055
2014-02-07 14:14:13
2014-02-07 14:18:09
開始執行	2014-02-07 14:19:12
結束
2014-02-07 14:20:34
開始執行	2014-02-07 14:20:56
trs加註意思	/GitRepos/finish/DaAi/vvrs01-20130301 (20130316)-0416.trs	2.3440001010894775
2014-02-07 14:23:36
結束
2014-02-07 14:24:07
開始執行	2014-02-07 14:24:21
結束
2014-02-07 14:25:49
開始執行	2014-02-07 14:27:07
結束
2014-02-07 14:28:34
開始執行	2014-02-07 14:29:06
結束
2014-02-07 14:30:22
開始執行	2014-02-07 14:31:01
結束
2014-02-07 14:32:19
開始執行	2014-02-07 14:32:38
結束
2014-02-07 14:39:28
開始執行	2014-02-07 14:39:55
trs加註意思		0.01100015640258789
2014-02-07 14:41:19
開始執行	2014-02-07 14:41:29
結束
2014-02-07 14:41:35
開始執行	2014-02-07 14:46:50
trs加註意思	/GitRepos/finish/DaAi/vvrs04-20130309(0324)-20130420.trs	3.434000015258789
2014-02-07 15:02:35
開始執行	2014-02-13 11:55:08
結束
2014-02-13 11:55:37
開始執行	2014-02-13 12:02:33
trs加註意思	/GitRepos/finish/DaAi/vvrs07-20130308(0404)-0422.trs	2.5799999237060547
2014-02-13 12:02:57
開始執行	2014-02-13 13:14:48
結束
2014-02-13 13:15:25
開始執行	2014-02-13 13:16:19
結束
2014-02-13 13:20:18
開始執行	2014-02-13 13:20:33
開始執行	2014-02-19 11:02:11
開始執行	2014-02-19 11:02:15
trs加註意思	/GitRepos/finish/DaAi/vvrs01-20130301 (20130316)-0416.trs	3.700000047683716
2014-02-19 11:02:22
開始執行	2014-02-19 11:03:44
trs加註意思	/GitRepos/finish/DaAi/vvrs13-20130317-0408-20130423.trs	3.069000005722046
2014-02-19 11:03:58
開始執行	2014-02-19 11:06:00
trs加註意思	/GitRepos/finish/DaAi/vvrs10-20130311(0411)-0425.trs	3.5789999961853027
2014-02-19 11:06:08
開始執行	2014-02-20 10:55:14
trs加註意思	/GitRepos/finish/DaAi/vvrs16-20130322-20130428-0516.trs	4.817999839782715
2014-02-20 10:55:48
開始執行	2014-02-20 10:55:54
trs加註意思	/GitRepos/finish/DaAi/vvrs01-20130301 (20130316)-0416.trs	2.4539999961853027
2014-02-20 10:57:22
trs加註意思	/GitRepos/finish/DaAi/vvrs01-20130301 (20130316)-0416.trs	2.4559998512268066
2014-02-20 10:57:22
開始執行	2014-02-20 14:41:10
開始執行	2014-02-20 16:05:25
開始執行	2014-02-20 21:31:57
trs加註意思	/GitRepos/finish/DaAi/vvrs01-20130301 (20130316)-0416.trs	2.373000144958496
2014-02-20 21:32:40
開始執行	2014-02-24 10:53:38
開始執行	2014-02-24 10:54:09
開始執行	2014-02-25 16:22:20
trs加註意思	/GitRepos/finish/FTVN-3/20110916-zy120627-0711-120802.trs	4.906000137329102
2014-02-25 16:23:15
開始執行	2014-02-25 16:23:59
trs加註意思	/GitRepos/finish/DaAi/vvrs01-20130301 (20130316)-0416.trs	5.101000070571899
2014-02-25 20:34:25
開始執行	2014-02-26 10:40:59
開始執行	2014-02-26 10:41:34
開始執行	2014-02-26 10:42:50
trs加註意思	/GitRepos/finish/DaAi/vvrs04-20130309(0324)-20130420.trs	3.7330000400543213
2014-02-26 10:42:55
trs加註意思	/GitRepos/finish/DaAi/vvrs04-20130309(0324)-20130420.trs	3.757999897003174
2014-02-26 10:42:55
開始執行	2014-02-26 10:44:59
字典搜尋	0.03099989891052246
2014-02-26 10:45:05
字典搜尋	0.03099989891052246
2014-02-26 10:45:05
開始執行	2014-02-26 10:45:17
trs加註意思	/GitRepos/finish/DaAi/vvrs01-20130301 (20130316)-0416.trs	13.69700002670288
2014-02-26 10:45:12
trs加註意思	/GitRepos/finish/DaAi/vvrs01-20130301 (20130316)-0416.trs	13.743000030517578
2014-02-26 10:45:12
trs加註意思	/GitRepos/finish/DaAi/vvrs01-20130301 (20130316)-0416.trs	2.634999990463257
2014-02-26 10:45:53
trs加註意思	/GitRepos/finish/DaAi/vvrs01-20130301 (20130316)-0416.trs	2.7239999771118164
2014-02-26 10:45:53
trs加註意思	/GitRepos/finish/DaAi/vvrs01-20130301 (20130316)-0416.trs	2.7309999465942383
2014-02-26 10:45:53
trs加註意思	/GitRepos/finish/DaAi/vvrs16-20130322-20130428-0516.trs	0.07599997520446777
2014-02-26 10:46:52
trs加註意思	/GitRepos/finish/DaAi/vvrs16-20130322-20130428-0516.trs	4.351000070571899
2014-02-26 10:46:52
trs加註意思	/GitRepos/finish/DaAi/vvrs16-20130322-20130428-0516.trs	4.375
2014-02-26 10:46:52
trs加註意思	/GitRepos/finish/DaAi/vvrs22-20130325-20130430-0516.trs	0.034999847412109375
2014-02-26 10:47:03
trs加註意思	/GitRepos/finish/DaAi/vvrs22-20130325-20130430-0516.trs	4.736999988555908
2014-02-26 10:47:03
trs加註意思	/GitRepos/finish/DaAi/vvrs22-20130325-20130430-0516.trs	4.756999969482422
2014-02-26 10:47:03
trs加註意思	/GitRepos/finish/FTVN-3/20110916-zy120627-0711-120802.trs	2.995000123977661
2014-02-26 20:40:17
trs加註意思	/GitRepos/finish/FTVN-3/20110916-zy120627-0711-120802.trs	2.9639999866485596
2014-02-26 20:40:17
trs加註意思	/GitRepos/finish/FTVN-3/20110916-zy120627-0711-120802.trs	2.995000123977661
2014-02-26 20:40:17
trs加註意思	/GitRepos/finish/FTVN-3/20110916-zy120627-0711-120802.trs	2.8550000190734863
2014-02-26 23:16:17
trs加註意思	/GitRepos/finish/FTVN-3/20110916-zy120627-0711-120802.trs	2.9170000553131104
2014-02-26 23:16:17
trs加註意思	/GitRepos/finish/FTVN-3/20110916-zy120627-0711-120802.trs	2.933000087738037
2014-02-26 23:16:17
開始執行	2014-02-27 10:43:02
開始執行	2014-03-24 14:54:10
開始執行	2014-03-25 10:16:55
開始執行	2014-03-25 11:33:37
開始執行	2014-04-10 15:19:20
字典搜尋	0.07700014114379883
2014-04-10 17:01:25
字典搜尋	0.0
2014-04-11 02:24:33
開始執行	2014-04-11 23:48:25
開始執行	2014-04-11 23:48:25
開始執行	2014-04-11 23:48:27
trs加註意思	/GitRepos/finish/PTSN-3/PTSN_20121221-zy-121231.trs	4.578000068664551
2014-04-11 23:48:29
trs加註意思	/GitRepos/finish/PTSN-3/PTSN_20121221-zy-121231.trs	4.624000072479248
2014-04-11 23:48:29
字典搜尋	0.0279998779296875
2014-04-11 23:58:16
字典搜尋	0.028999805450439453
2014-04-11 23:58:16
字典搜尋	0.025999784469604492
2014-04-11 23:58:16
字典搜尋	0.07500004768371582
2014-04-14 21:15:02
字典搜尋	0.0839998722076416
2014-04-14 21:15:02
開始執行	2014-04-14 21:15:30
trs加註意思	/GitRepos/finish/DaAi/vvrs01-20130301 (20130316)-0416.trs	20.301000118255615
2014-04-14 21:15:22
trs加註意思	/GitRepos/finish/DaAi/vvrs01-20130301 (20130316)-0416.trs	20.36299991607666
2014-04-14 21:15:22
trs加註意思	/GitRepos/finish/DaAi/vvrs01-20130301 (20130316)-0416.trs	20.408999919891357
2014-04-14 21:15:22
trs加註意思	/GitRepos/finish/EDU/Combine001(dancor)ok.trs	4.881999969482422
2014-04-14 21:15:47
開始執行	2014-04-14 21:15:52
trs加註意思	/GitRepos/finish/EDU/Combine001(dancor)ok.trs	6.270999908447266
2014-04-14 21:15:47
trs加註意思	/GitRepos/finish/EDU/Combine001(dancor)ok.trs	6.384999990463257
2014-04-14 21:15:47
trs加註意思	/GitRepos/finish/EDU/Combine001(dancor)ok.trs	6.386999845504761
2014-04-14 21:15:47
字典搜尋	0.0019998550415039062
2014-04-17 09:53:16
字典搜尋	0.0019998550415039062
2014-04-17 09:53:16
字典搜尋	0.0019998550415039062
2014-04-17 09:53:16
字典搜尋	0.0019998550415039062
2014-04-17 09:53:16
字典搜尋	0.003000020980834961
2014-04-17 09:53:16
trs加註意思	/GitRepos/finish/DaAi/vvrs01-20130301 (20130316)-0416.trs	2.9230000972747803
2014-04-17 09:53:17
trs加註意思	/GitRepos/finish/DaAi/vvrs01-20130301 (20130316)-0416.trs	2.9590001106262207
2014-04-17 09:53:17
trs加註意思	/GitRepos/finish/DaAi/vvrs01-20130301 (20130316)-0416.trs	3.240000009536743
2014-04-17 09:53:17
trs加註意思	/GitRepos/finish/DaAi/vvrs01-20130301 (20130316)-0416.trs	3.253000020980835
2014-04-17 09:53:17
trs加註意思	/GitRepos/finish/DaAi/vvrs01-20130301 (20130316)-0416.trs	3.4810001850128174
2014-04-17 09:53:17
字典搜尋	0.003000020980834961
2014-04-17 14:02:06
字典搜尋	0.003999948501586914
2014-04-17 14:02:06
字典搜尋	0.003999948501586914
2014-04-17 14:02:06
字典搜尋	0.003000020980834961
2014-04-17 14:02:06
開始執行	2014-04-23 11:38:13
trs加註意思	/GitRepos/finish/EDU/Combine009-110727(dancor).trs	1.5130000114440918
2014-04-23 11:44:20
開始執行	2014-04-23 12:25:18
trs加註意思	/GitRepos/finish/EDU/Combine002-110519(dancor)-1.trs	1.4040000438690186
2014-04-23 12:31:34
trs加註意思	/GitRepos/finish/EDU/Combine003-0424-2-1.trs	0.7800002098083496
2014-04-23 14:11:04
trs加註意思	/GitRepos/finish/Dream_State/1022-220002-120103-120114.trs	0.9509999752044678
2014-04-23 15:49:35
trs加註意思	/GitRepos/finish/Dream_State/1227-220001-120905.trs	1.9660000801086426
2014-04-23 16:26:18
trs加註意思	/GitRepos/finish/FTVN-2/FTVN_090608-20100517-1.trs	0.016000032424926758
2014-04-23 17:41:42
trs加註意思	/GitRepos/finish/Dream_State/0901-220002(dancor)-120204.trs	1.7940001487731934
2014-04-23 19:25:21
trs加註意思	/GitRepos/finish/Dream_State/0520-220002-110810-1114-120106.trs	1.3570001125335693
2014-04-23 19:52:40
開始執行	2014-04-25 06:18:40
開始執行	2014-04-25 06:18:40
開始執行	2014-04-25 06:18:40
trs加註意思	/GitRepos/finish/Dream_State/1115-220002-120825(1017)121114.trs	42.71299982070923
2014-04-25 06:18:33
trs加註意思	/GitRepos/finish/FTVN-4/20110916-zy120414-120513.trs	0.09399986267089844
2014-04-25 06:45:25
trs加註意思	/GitRepos/finish/FTVN-4/20110916-zy120414-120513.trs	1.122999906539917
2014-04-25 06:45:25
trs加註意思	/GitRepos/finish/FTVN-4/20110916-zy120414-120513.trs	1.2329998016357422
2014-04-25 06:45:25
trs加註意思	/GitRepos/finish/FTVN-4/20110916-zy120414-120513.trs	1.247999906539917
2014-04-25 06:45:25
trs加註意思	/GitRepos/finish/Dream_State/0817-220002-111215-120108.trs	0.9670000076293945
2014-04-25 06:54:58
trs加註意思	/GitRepos/finish/Dream_State/0817-220002-111215-120108.trs	0.999000072479248
2014-04-25 06:54:58
trs加註意思	/GitRepos/finish/Dream_State/0817-220002-111215-120108.trs	1.0300002098083496
2014-04-25 06:54:58
trs加註意思	/GitRepos/finish/Dream_State/0817-220002-111215-120108.trs	1.061000108718872
2014-04-25 06:54:58
trs加註意思	/GitRepos/finish/FTVN-4/20110804-zy-120617.trs	0.03099989891052246
2014-04-25 07:02:55
trs加註意思	/GitRepos/finish/FTVN-4/20110804-zy-120617.trs	2.3559999465942383
2014-04-25 07:02:55
trs加註意思	/GitRepos/finish/FTVN-3/20110715-zy-20120307-120319.trs	3.0420000553131104
2014-04-25 07:13:14
trs加註意思	/GitRepos/finish/FTVN-3/20110715-zy-20120307-120319.trs	3.1670000553131104
2014-04-25 07:13:14
trs加註意思	/GitRepos/finish/FTVN-3/20110715-zy-20120307-120319.trs	3.384999990463257
2014-04-25 07:13:14
trs加註意思	/GitRepos/finish/FTVN-3/20110715-zy-20120307-120319.trs	3.447999954223633
2014-04-25 07:13:14
trs加註意思	/GitRepos/finish/Dream_State/1113-220001-120929.trs	3.1050000190734863
2014-04-25 09:42:58
trs加註意思	/GitRepos/finish/Dream_State/1113-220001-120929.trs	3.183000087738037
2014-04-25 09:42:58
trs加註意思	/GitRepos/finish/Dream_State/1113-220001-120929.trs	3.197999954223633
2014-04-25 09:42:58
trs加註意思	/GitRepos/finish/Dream_State/1113-220001-120929.trs	3.2290000915527344
2014-04-25 09:42:58
trs加註意思	/GitRepos/finish/Dream_State/1115-220001-120823(1013)-121114.trs	0.046000003814697266
2014-04-25 09:48:49
trs加註意思	/GitRepos/finish/Dream_State/1115-220001-120823(1013)-121114.trs	0.046000003814697266
2014-04-25 09:48:49
trs加註意思	/GitRepos/finish/Dream_State/1115-220001-120823(1013)-121114.trs	2.1989998817443848
2014-04-25 09:48:49
trs加註意思	/GitRepos/finish/Dream_State/1115-220001-120823(1013)-121114.trs	2.246000051498413
2014-04-25 09:48:49
trs加註意思	/GitRepos/finish/Dream_State/1227-220002-120909.trs	2.5900001525878906
2014-04-25 09:54:41
trs加註意思	/GitRepos/finish/Dream_State/1227-220002-120909.trs	2.699000120162964
2014-04-25 09:54:41
trs加註意思	/GitRepos/finish/Dream_State/1227-220002-120909.trs	2.933000087738037
2014-04-25 09:54:41
trs加註意思	/GitRepos/finish/Dream_State/1227-220002-120909.trs	2.933000087738037
2014-04-25 09:54:41
trs加註意思	/GitRepos/finish/DaAi/vvrs31-20130406-0505-0515.trs	0.016000032424926758
2014-04-25 10:26:44
trs加註意思	/GitRepos/finish/DaAi/vvrs31-20130406-0505-0515.trs	3.74399995803833
2014-04-25 10:26:44
trs加註意思	/GitRepos/finish/DaAi/vvrs31-20130406-0505-0515.trs	3.74399995803833
2014-04-25 10:26:44
trs加註意思	/GitRepos/finish/LTS/LTS27-1.trs	0.015000104904174805
2014-04-25 11:36:06
trs加註意思	/GitRepos/finish/LTS/LTS27-1.trs	1.4660000801086426
2014-04-25 11:36:06
trs加註意思	/GitRepos/finish/LTS/LTS27-1.trs	1.559999942779541
2014-04-25 11:36:06
trs加註意思	/GitRepos/finish/LTS/LTS27-1.trs	1.5750000476837158
2014-04-25 11:36:06
trs加註意思	/GitRepos/finish/EDU/Combine011-110616(dancor).trs	0.06299996376037598
2014-04-25 11:47:48
trs加註意思	/GitRepos/finish/EDU/Combine011-110616(dancor).trs	1.4040000438690186
2014-04-25 11:47:48
trs加註意思	/GitRepos/finish/EDU/Combine011-110616(dancor).trs	1.498000144958496
2014-04-25 11:47:48
trs加註意思	/GitRepos/finish/EDU/Combine011-110616(dancor).trs	1.5290000438690186
2014-04-25 11:47:48
trs加註意思	/GitRepos/finish/FTVN-1/090715_B_FTVN20090826.trs	0.015000104904174805
2014-04-25 13:42:03
trs加註意思	/GitRepos/finish/FTVN-1/090715_B_FTVN20090826.trs	0.015000104904174805
2014-04-25 13:42:03
trs加註意思	/GitRepos/finish/FTVN-1/090715_B_FTVN20090826.trs	1.4820001125335693
2014-04-25 13:42:03
trs加註意思	/GitRepos/finish/FTVN-1/090715_B_FTVN20090826.trs	1.5130000114440918
2014-04-25 13:42:03
trs加註意思	/GitRepos/finish/PTSN-3/PTSN_20121006-zy-121014.trs	0.10899996757507324
2014-04-25 13:42:53
trs加註意思	/GitRepos/finish/PTSN-3/PTSN_20121006-zy-121014.trs	0.10899996757507324
2014-04-25 13:42:53
trs加註意思	/GitRepos/finish/PTSN-3/PTSN_20121006-zy-121014.trs	2.4649999141693115
2014-04-25 13:42:53
trs加註意思	/GitRepos/finish/PTSN-3/PTSN_20121006-zy-121014.trs	2.557999849319458
2014-04-25 13:42:53
trs加註意思	/GitRepos/finish/PTSN-1/PTSN-20100518-1.trs	0.04699993133544922
2014-04-25 14:40:22
trs加註意思	/GitRepos/finish/PTSN-1/PTSN-20100518-1.trs	0.04699993133544922
2014-04-25 14:40:22
trs加註意思	/GitRepos/finish/PTSN-1/PTSN-20100518-1.trs	1.8410000801086426
2014-04-25 14:40:22
trs加註意思	/GitRepos/finish/PTSN-1/PTSN-20100518-1.trs	1.8870000839233398
2014-04-25 14:40:22
trs加註意思	/GitRepos/finish/FTVN-3/20110708-zy-120310-120317.trs	0.997999906539917
2014-04-25 15:36:56
trs加註意思	/GitRepos/finish/FTVN-3/20110708-zy-120310-120317.trs	2.6670000553131104
2014-04-25 15:36:56
trs加註意思	/GitRepos/finish/FTVN-3/20110708-zy-120310-120317.trs	2.682999849319458
2014-04-25 15:36:56
trs加註意思	/GitRepos/finish/FTVN-3/20110708-zy-120310-120317.trs	2.6989998817443848
2014-04-25 15:36:56
trs加註意思	/GitRepos/finish/Dream_State/1106-230001-120819.trs	0.031000137329101562
2014-04-25 15:40:35
trs加註意思	/GitRepos/finish/Dream_State/1106-230001-120819.trs	0.031000137329101562
2014-04-25 15:40:35
trs加註意思	/GitRepos/finish/Dream_State/1106-230001-120819.trs	2.1690001487731934
2014-04-25 15:40:35
trs加註意思	/GitRepos/finish/Dream_State/1106-230001-120819.trs	2.2149999141693115
2014-04-25 15:40:35
trs加註意思	/GitRepos/finish/LTS/LTS12_100410.trs	1.0299999713897705
2014-04-25 16:09:46
trs加註意思	/GitRepos/finish/LTS/LTS12_100410.trs	1.0299999713897705
2014-04-25 16:09:46
trs加註意思	/GitRepos/finish/LTS/LTS12_100410.trs	1.0920000076293945
2014-04-25 16:09:46
trs加註意思	/GitRepos/finish/LTS/LTS12_100410.trs	1.122999906539917
2014-04-25 16:09:46
trs加註意思	/GitRepos/finish/MH/MaternalHome-413(chencau)-kdlu.trs	0.015000104904174805
2014-04-25 16:15:51
trs加註意思	/GitRepos/finish/MH/MaternalHome-413(chencau)-kdlu.trs	0.015000104904174805
2014-04-25 16:15:51
trs加註意思	/GitRepos/finish/MH/MaternalHome-413(chencau)-kdlu.trs	2.745000123977661
2014-04-25 16:15:51
trs加註意思	/GitRepos/finish/MH/MaternalHome-413(chencau)-kdlu.trs	2.761000156402588
2014-04-25 16:15:51
trs加註意思	/GitRepos/finish/LTS/LTS06_100325-1.trs	0.5150001049041748
2014-04-25 16:19:30
trs加註意思	/GitRepos/finish/LTS/LTS06_100325-1.trs	1.3259999752044678
2014-04-25 16:19:30
trs加註意思	/GitRepos/finish/LTS/LTS06_100325-1.trs	1.3420000076293945
2014-04-25 16:19:30
trs加註意思	/GitRepos/finish/LTS/LTS06_100325-1.trs	1.3420000076293945
2014-04-25 16:19:30
trs加註意思	/GitRepos/finish/FTVN-3/20110627-zy-20110115-120314.trs	0.04699993133544922
2014-04-25 16:20:43
trs加註意思	/GitRepos/finish/FTVN-3/20110627-zy-20110115-120314.trs	1.372999906539917
2014-04-25 16:20:43
trs加註意思	/GitRepos/finish/FTVN-3/20110627-zy-20110115-120314.trs	1.3880000114440918
2014-04-25 16:20:43
trs加註意思	/GitRepos/finish/FTVN-3/20110627-zy-20110115-120314.trs	1.4040000438690186
2014-04-25 16:20:43
trs加註意思	/GitRepos/finish/Dream_State/1119-230002-120824.trs	1.2949998378753662
2014-04-25 19:03:55
trs加註意思	/GitRepos/finish/Dream_State/1119-230002-120824.trs	2.559000015258789
2014-04-25 19:03:55
trs加註意思	/GitRepos/finish/Dream_State/1119-230002-120824.trs	2.745999813079834
2014-04-25 19:03:55
trs加註意思	/GitRepos/finish/Dream_State/1119-230002-120824.trs	2.745999813079834
2014-04-25 19:03:55
trs加註意思	/GitRepos/finish/FTVN-2/FTVN_090526-20100516-1.trs	0.10899996757507324
2014-04-25 19:39:11
trs加註意思	/GitRepos/finish/FTVN-2/FTVN_090526-20100516-1.trs	0.125
2014-04-25 19:39:11
trs加註意思	/GitRepos/finish/FTVN-2/FTVN_090526-20100516-1.trs	0.14099979400634766
2014-04-25 19:39:11
trs加註意思	/GitRepos/finish/FTVN-2/FTVN_090526-20100516-1.trs	0.14099979400634766
2014-04-25 19:39:11
trs加註意思	/GitRepos/finish/MH/MaternalHome-253-100[1].3.23-110402-20130215.trs	0.7330000400543213
2014-04-25 20:03:30
trs加註意思	/GitRepos/finish/MH/MaternalHome-253-100[1].3.23-110402-20130215.trs	3.4789998531341553
2014-04-25 20:03:30
trs加註意思	/GitRepos/finish/MH/MaternalHome-253-100[1].3.23-110402-20130215.trs	3.494999885559082
2014-04-25 20:03:30
trs加註意思	/GitRepos/finish/MH/MaternalHome-253-100[1].3.23-110402-20130215.trs	3.494999885559082
2014-04-25 20:03:30
trs加註意思	/GitRepos/finish/Dream_State/0805-220002-111206-120106.trs	0.06200003623962402
2014-04-25 20:18:06
trs加註意思	/GitRepos/finish/Dream_State/0805-220002-111206-120106.trs	1.8250000476837158
2014-04-25 20:18:06
trs加註意思	/GitRepos/finish/Dream_State/0805-220002-111206-120106.trs	1.8880000114440918
2014-04-25 20:18:06
trs加註意思	/GitRepos/finish/Dream_State/0805-220002-111206-120106.trs	1.9809999465942383
2014-04-25 20:18:06
trs加註意思	/GitRepos/finish/FTVN-4/20110719-zy-120610.trs	1.622999906539917
2014-04-25 20:35:08
trs加註意思	/GitRepos/finish/FTVN-4/20110719-zy-120610.trs	2.5279998779296875
2014-04-25 20:35:08
trs加註意思	/GitRepos/finish/FTVN-4/20110719-zy-120610.trs	2.6059999465942383
2014-04-25 20:35:08
trs加註意思	/GitRepos/finish/FTVN-4/20110719-zy-120610.trs	2.6059999465942383
2014-04-25 20:35:08
trs加註意思	/GitRepos/finish/FTVN-4/20110706-zy-120711-120722.trs	0.0
2014-04-25 20:46:04
trs加註意思	/GitRepos/finish/FTVN-4/20110706-zy-120711-120722.trs	0.0
2014-04-25 20:46:04
trs加註意思	/GitRepos/finish/FTVN-4/20110706-zy-120711-120722.trs	2.5899999141693115
2014-04-25 20:46:04
trs加註意思	/GitRepos/finish/FTVN-4/20110706-zy-120711-120722.trs	2.6050000190734863
2014-04-25 20:46:04
trs加註意思	/GitRepos/finish/PTSN-3/PTSN_20121229-zy-130104.trs	0.9210000038146973
2014-04-25 20:57:58
trs加註意思	/GitRepos/finish/PTSN-3/PTSN_20121229-zy-130104.trs	1.3889999389648438
2014-04-25 20:57:58
trs加註意思	/GitRepos/finish/PTSN-3/PTSN_20121229-zy-130104.trs	2.325000047683716
2014-04-25 20:57:58
trs加註意思	/GitRepos/finish/PTSN-3/PTSN_20121229-zy-130104.trs	2.325000047683716
2014-04-25 20:57:58
trs加註意思	/GitRepos/finish/FTVN-1/090604_A_FTVN20090914.trs	0.09400010108947754
2014-04-25 21:55:10
trs加註意思	/GitRepos/finish/FTVN-1/090604_A_FTVN20090914.trs	0.1100001335144043
2014-04-25 21:55:10
trs加註意思	/GitRepos/finish/FTVN-1/090604_A_FTVN20090914.trs	0.1100001335144043
2014-04-25 21:55:10
trs加註意思	/GitRepos/finish/FTVN-1/090604_A_FTVN20090914.trs	0.1100001335144043
2014-04-25 21:55:10
trs加註意思	/GitRepos/finish/Dream_State/0907-230002dancor-0101.trs	1.9189999103546143
2014-04-25 23:11:25
trs加註意思	/GitRepos/finish/Dream_State/0907-230002dancor-0101.trs	1.9499998092651367
2014-04-25 23:11:25
trs加註意思	/GitRepos/finish/Dream_State/0907-230002dancor-0101.trs	2.013000011444092
2014-04-25 23:11:25
trs加註意思	/GitRepos/finish/Dream_State/0907-230002dancor-0101.trs	2.0749998092651367
2014-04-25 23:11:25
trs加註意思	/GitRepos/finish/EDU/Combine013-110624(dancor).trs	1.8410000801086426
2014-04-25 23:17:45
trs加註意思	/GitRepos/finish/EDU/Combine013-110624(dancor).trs	1.871999979019165
2014-04-25 23:17:45
trs加註意思	/GitRepos/finish/EDU/Combine013-110624(dancor).trs	1.934999942779541
2014-04-25 23:17:45
trs加註意思	/GitRepos/finish/EDU/Combine013-110624(dancor).trs	1.9500000476837158
2014-04-25 23:17:45
trs加註意思	/GitRepos/finish/Dream_State/0816-220001-111215-120107.trs	1.434999942779541
2014-04-27 02:30:26
trs加註意思	/GitRepos/finish/Dream_State/0816-220001-111215-120107.trs	1.4820001125335693
2014-04-27 02:30:26
trs加註意思	/GitRepos/finish/Dream_State/0816-220001-111215-120107.trs	1.4820001125335693
2014-04-27 02:30:26
trs加註意思	/GitRepos/finish/Dream_State/0816-220001-111215-120107.trs	1.5130000114440918
2014-04-27 02:30:26
trs加註意思	/GitRepos/finish/DaAi/vvrs04-20130309(0324)-20130420.trs	0.03099989891052246
2014-04-27 03:00:27
trs加註意思	/GitRepos/finish/DaAi/vvrs04-20130309(0324)-20130420.trs	0.03099989891052246
2014-04-27 03:00:27
trs加註意思	/GitRepos/finish/DaAi/vvrs04-20130309(0324)-20130420.trs	3.6659998893737793
2014-04-27 03:00:27
trs加註意思	/GitRepos/finish/DaAi/vvrs04-20130309(0324)-20130420.trs	3.7130000591278076
2014-04-27 03:00:27
trs加註意思	/GitRepos/finish/DaAi/vvrs01-20130301 (20130316)-0416.trs	0.031999826431274414
2014-04-27 05:07:56
trs加註意思	/GitRepos/finish/DaAi/vvrs01-20130301 (20130316)-0416.trs	2.620999813079834
2014-04-27 05:07:56
trs加註意思	/GitRepos/finish/DaAi/vvrs01-20130301 (20130316)-0416.trs	2.6989998817443848
2014-04-27 05:07:56
trs加註意思	/GitRepos/finish/DaAi/vvrs01-20130301 (20130316)-0416.trs	2.7769999504089355
2014-04-27 05:07:56
trs加註意思	/GitRepos/finish/Dream_State/0907-230001dancor-1231.trs	0.031000137329101562
2014-04-27 07:30:26
trs加註意思	/GitRepos/finish/Dream_State/0907-230001dancor-1231.trs	0.031000137329101562
2014-04-27 07:30:26
trs加註意思	/GitRepos/finish/Dream_State/0907-230001dancor-1231.trs	1.8560001850128174
2014-04-27 07:30:26
trs加註意思	/GitRepos/finish/Dream_State/1115-220002-120825(1017)121114.trs	2.2769999504089355
2014-04-27 22:55:27
trs加註意思	/GitRepos/finish/Dream_State/1115-220002-120825(1017)121114.trs	2.3550000190734863
2014-04-27 22:55:27
trs加註意思	/GitRepos/finish/Dream_State/1115-220002-120825(1017)121114.trs	2.385999917984009
2014-04-27 22:55:27
trs加註意思	/GitRepos/finish/Dream_State/1115-220002-120825(1017)121114.trs	2.385999917984009
2014-04-27 22:55:27
開始執行	2014-04-28 16:35:07
字典搜尋	0.13899993896484375
2014-04-28 16:55:35
字典搜尋	0.1359999179840088
2014-04-28 16:55:35

trs加註意思	/GitRepos/finish/Dream_State/0518-220001-110731-1128-120101.trs	2.2929999828338623
2014-04-29 16:47:21
trs加註意思	/GitRepos/finish/Dream_State/0518-220001-110731-1128-120101.trs	2.3559999465942383
2014-04-29 16:47:21
trs加註意思	/GitRepos/finish/Dream_State/0518-220001-110731-1128-120101.trs	2.38700008392334
2014-04-29 16:47:21
trs加註意思	/GitRepos/finish/Dream_State/0518-220001-110731-1128-120101.trs	2.4179999828338623
2014-04-29 16:47:21
trs加註意思	/GitRepos/finish/Dream_State/1209-220001-121020-121114.trs	2.932000160217285
2014-04-29 21:32:01
trs加註意思	/GitRepos/finish/Dream_State/1209-220001-121020-121114.trs	3.009999990463257
2014-04-29 21:32:01
trs加註意思	/GitRepos/finish/Dream_State/1209-220001-121020-121114.trs	3.057000160217285
2014-04-29 21:32:01
trs加註意思	/GitRepos/finish/Dream_State/1209-220001-121020-121114.trs	3.134999990463257
2014-04-29 21:32:01
開始執行	2014-05-09 20:29:12
開始執行	2014-05-13 04:45:30
trs加註意思	/GitRepos/finish/LTS/LTS24-1.trs	1.2860000133514404
2014-05-13 04:49:08
trs加註意思	/GitRepos/finish/LTS/LTS15_091206.trs	1.2820000648498535
2014-05-13 04:52:55
trs加註意思	/GitRepos/finish/LTS/LTS09_100406.trs	1.1370000839233398
2014-05-13 04:56:42
trs加註意思	/GitRepos/finish/LTS/LTS21_100110.trs	1.4200000762939453
2014-05-13 05:00:30
trs加註意思	/GitRepos/finish/LTS/LTS03_101012.trs	0.8949999809265137
2014-05-13 05:04:46
trs加註意思	/GitRepos/finish/PTSN-2/PSTN-20101103.trs	1.6019999980926514
2014-05-13 05:42:11
trs加註意思	/GitRepos/finish/PTSN-1/PTSN-20100522-1.trs	1.7160000801086426
2014-05-13 05:45:58
trs加註意思	/GitRepos/finish/PTSN-1/PTSN-20100520-1.trs	1.502000093460083
2014-05-13 05:49:46
trs加註意思	/GitRepos/finish/EDU/Combine012(dancor).trs	1.2999999523162842
2014-05-13 05:50:30
trs加註意思	/GitRepos/finish/PTSN-1/PTSN-20100523-1.trs	1.7950000762939453
2014-05-13 05:51:15
trs加註意思	/GitRepos/finish/PTSN-2/PTSN-2010110825.trs	2.309000015258789
2014-05-13 05:52:01
trs加註意思	/GitRepos/finish/PTSN-1/PTSN-20100524-1.trs	1.6389999389648438
2014-05-13 05:52:54
trs加註意思	/GitRepos/finish/EDU/Combine008(dancor).trs	1.315999984741211
2014-05-13 05:56:12
trs加註意思	/GitRepos/finish/PTSN-1/PTSN-20100519-1.trs	1.6470000743865967
2014-05-13 05:59:59
trs加註意思	/GitRepos/finish/PTSN-1/PTSN-20100521-1.trs	1.6089999675750732
2014-05-13 06:03:49
trs加註意思	/GitRepos/finish/PTSN-1/PTSN-20100525-1.trs	1.6770000457763672
2014-05-13 06:07:34
trs加註意思	/GitRepos/finish/FTVN-3/20110714-zy-0215.trs	2.7239999771118164
2014-05-13 06:11:22
trs加註意思	/GitRepos/finish/FTVN-3/20110707-zy-0202.trs	2.7209999561309814
2014-05-13 06:15:09
trs加註意思	/GitRepos/finish/EDU/Combine001(dancor)ok.trs	1.178999900817871
2014-05-13 06:19:24
trs加註意思	/GitRepos/finish/FTVN-3/20110804-zy-120307.trs	2.552999973297119
2014-05-13 06:25:02
trs加註意思	/GitRepos/finish/FTVN-3/20110705-zy-120220.trs	0.935999870300293
2014-05-13 06:26:31
trs加註意思	/GitRepos/finish/FTVN-3/20110726-zy-120227.trs	3.059999942779541
2014-05-13 06:30:18
trs加註意思	/GitRepos/finish/FTVN-4/20110629-zy-120517.trs	2.631999969482422
2014-05-13 06:34:44
trs加註意思	/GitRepos/finish/PTSN-2/PSTN-20101110-1208.trs	2.3519999980926514
2014-05-13 06:37:53
trs加註意思	/GitRepos/finish/FTVN-3/20110805-zy-120311.trs	2.7160000801086426
2014-05-13 06:41:41
trs加註意思	/GitRepos/finish/FTVN-4/20110726-zy-120614.trs	1.5780000686645508
2014-05-13 06:45:28
trs加註意思	/GitRepos/finish/FTVN-4/20110713-zy-120603.trs	2.6059999465942383
2014-05-13 06:49:15
trs加註意思	/GitRepos/finish/FTVN-4/20110714-zy-120608.trs	2.7139999866485596
2014-05-13 06:53:03
trs加註意思	/GitRepos/finish/FTVN-4/20110721-zy-120612.trs	2.5899999141693115
2014-05-13 06:56:50
trs加註意思	/GitRepos/finish/FTVN-3/20110713-zy-120208.trs	2.072999954223633
2014-05-13 07:00:37
trs加註意思	/GitRepos/finish/FTVN-4/20110627-zy-120509.trs	2.2149999141693115
2014-05-13 07:04:25
trs加註意思	/GitRepos/finish/MH/MaternalHome-333_110217.trs	4.03600001335144
2014-05-13 07:08:12
trs加註意思	/GitRepos/finish/MH/MaternalHome-043-110630.trs	3.947000026702881
2014-05-13 07:12:00
trs加註意思	/GitRepos/finish/MH/MaternalHome-023-compare.trs	3.5889999866485596
2014-05-13 07:15:47
trs加註意思	/GitRepos/finish/PTSN-2/PTSN-20101105_101210.trs	2.7100000381469727
2014-05-13 07:19:34
trs加註意思	/GitRepos/finish/FTVN-3/20110722-zy-20120407.trs	0.9489998817443848
2014-05-13 07:22:27
trs加註意思	/GitRepos/finish/FTVN-2/FTVN_090529-20100430.trs	0.04699993133544922
2014-05-13 07:26:01
trs加註意思	/GitRepos/finish/MH/MaternalHome-003-compare.trs	2.6040000915527344
2014-05-13 07:29:52
trs加註意思	/GitRepos/finish/MH/MaternalHome-053-compare.trs	1.6670000553131104
2014-05-13 07:34:46
trs加註意思	/GitRepos/finish/PTSN-2/PTSN-20101027_101202.trs	2.885999917984009
2014-05-13 07:37:23
trs加註意思	/GitRepos/finish/MH/MaternalHome-013-20130120.trs	6.555999994277954
2014-05-13 07:41:10
trs加註意思	/GitRepos/finish/FTVN-1/090525_A_FTVN20091104.trs	0.037999868392944336
2014-05-13 07:44:58
trs加註意思	/GitRepos/finish/EDU/Combine006-0508-3-110617.trs	1.1430001258850098
2014-05-13 07:48:53
trs加註意思	/GitRepos/finish/FTVN-1/090601_A_FTVN20091012.trs	0.056999921798706055
2014-05-13 07:52:32
trs加註意思	/GitRepos/finish/FTVN-1/090522_B_FTVN20091112.trs	0.007999897003173828
2014-05-13 07:56:20
trs加註意思	/GitRepos/finish/FTVN-1/090528_A_FTVN20091021.trs	2.254999876022339
2014-05-13 08:00:07
trs加註意思	/GitRepos/finish/PTSN-2/PTSN-20101022(chencau).trs	1.9600000381469727
2014-05-13 08:07:42
trs加註意思	/GitRepos/finish/EDU/Combine010(dancor)-110602.trs	1.558000087738037
2014-05-13 08:11:29
trs加註意思	/GitRepos/finish/EDU/Combine014(dancor)-110612.trs	1.4890000820159912
2014-05-13 08:15:17
trs加註意思	/GitRepos/finish/EDU/Combine005-110519(dancor).trs	1.2639999389648438
2014-05-13 08:19:35
trs加註意思	/GitRepos/finish/EDU/Combine004(dancor)-110623.trs	1.1389999389648438
2014-05-13 08:22:51
trs加註意思	/GitRepos/finish/FTVN-2/FTVN_090602-20100619-1.trs	0.053999900817871094
2014-05-13 08:26:39
trs加註意思	/GitRepos/finish/LTS/LTS30-1.trs	0.9800000190734863
2014-05-14 00:12:53
trs加註意思	/GitRepos/finish/LTS/LTS12_100410.trs	0.874000072479248
2014-05-14 15:57:44
trs加註意思	/GitRepos/finish/EDU/Combine007-110602(dancor).trs	1.3559999465942383
2014-05-14 18:06:20
trs加註意思	/GitRepos/finish/FTVN-2/FTVN_090603-20100710-1.trs	0.05099987983703613
2014-05-14 18:10:08
trs加註意思	/GitRepos/finish/FTVN-2/FTVN_090521-20100512-1.trs	0.004999876022338867
2014-05-14 18:14:22
trs加註意思	/GitRepos/finish/FTVN-2/FTVN_090527-20100527-1.trs	0.031000137329101562
2014-05-14 18:17:42
trs加註意思	/GitRepos/finish/FTVN-2/FTVN_090605-20100711-1.trs	0.031000137329101562
2014-05-14 18:21:30
trs加註意思	/GitRepos/finish/Dream_State/1113-220002-121001.trs	2.5190000534057617
2014-05-14 18:25:17
trs加註意思	/GitRepos/finish/PTSN-3/PTSN_20121103-zy-121111.trs	1.9649999141693115
2014-05-14 18:29:17
trs加註意思	/GitRepos/finish/FTVN-4/20111013-zy-120506-0513.trs	2.7929999828338623
2014-05-14 18:32:52
trs加註意思	/GitRepos/finish/DaAi/vvrs19-20130324-0429-0513.trs	2.928999900817871
2014-05-14 18:36:39
trs加註意思	/GitRepos/finish/Dream_State/1103-220002-120730.trs	1.6760001182556152
2014-05-14 18:40:27
trs加註意思	/GitRepos/finish/DaAi/vvrs37-20130414-0513-0515.trs	2.190000057220459
2014-05-14 18:44:14
trs加註意思	/GitRepos/finish/FTVN-4/20110908-zy-120506-0513.trs	2.674999952316284
2014-05-14 18:48:01
trs加註意思	/GitRepos/finish/PTSN-3/PTSN_20121110-zy-130113.trs	2.1529998779296875
2014-05-14 18:51:49
trs加註意思	/GitRepos/finish/Dream_State/1106-230002-120816.trs	2.556999921798706
2014-05-14 18:55:36
trs加註意思	/GitRepos/finish/DaAi/vvrs25-20130331-0505-0513.trs	2.805000066757202
2014-05-14 18:59:24
trs加註意思	/GitRepos/finish/PTSN-3/PTSN_20121007-zy-121010.trs	1.9840002059936523
2014-05-14 19:03:11
trs加註意思	/GitRepos/finish/PTSN-3/PTSN_20121204-zy-121224.trs	4.148000001907349
2014-05-14 19:06:58
trs加註意思	/GitRepos/finish/PTSN-3/PTSN_20121117-zy-121201.trs	2.2209999561309814
2014-05-14 19:10:46
trs加註意思	/GitRepos/finish/Dream_State/1103-230001-120801.trs	1.559999942779541
2014-05-14 19:14:33
trs加註意思	/GitRepos/finish/Dream_State/1106-220002-120812.trs	2.1740000247955322
2014-05-14 19:18:20
trs加註意思	/GitRepos/finish/PTSN-3/PTSN_20120928-zy-121006.trs	3.6010000705718994
2014-05-14 19:22:08
開始執行	2014-05-14 20:53:12
trs加註意思	/GitRepos/finish/Dream_State/1106-220001-120809.trs	2.2839999198913574
2014-05-14 20:59:30
trs加註意思	/GitRepos/finish/FTVN-4/20111006-zy-120506-0513.trs	2.57099986076355
2014-05-14 20:59:51
trs加註意思	/GitRepos/finish/Dream_State/0520-230002-110816.trs	0.7869999408721924
2014-05-14 21:02:05
開始執行	2014-05-14 21:08:19
trs加註意思	/GitRepos/finish/Dream_State/1103-230002-120808.trs	0.8510000705718994
2014-05-14 21:14:40
trs加註意思	/GitRepos/finish/Dream_State/1025-220001-111209.trs	1.9760000705718994
2014-05-14 21:14:51
trs加註意思	/GitRepos/finish/Dream_State/1025-220002-111210.trs	1.6470000743865967
2014-05-14 21:16:58
trs加註意思	/GitRepos/finish/PTSN-3/PTSN_20130105-zy-130110.trs	2.056999921798706
2014-05-14 21:19:36
trs加註意思	/GitRepos/finish/PTSN-3/PTSN_20121005-zy-121021.trs	4.239000082015991
2014-05-14 21:23:24
trs加註意思	/GitRepos/finish/Dream_State/1103-220001-120729.trs	1.8970000743865967
2014-05-14 21:27:11
trs加註意思	/GitRepos/finish/PTSN-3/PTSN_20121116-zy-121126.trs	4.140000104904175
2014-05-14 21:30:58
trs加註意思	/GitRepos/finish/FTVN-4/20110626-zy-120502-0620.trs	1.9200000762939453
2014-05-14 21:34:52
trs加註意思	/GitRepos/finish/FTVN-4/20110825-zy-120506-0513.trs	2.7170000076293945
2014-05-14 21:39:42
trs加註意思	/GitRepos/finish/PTSN-3/PTSN_20121023-zy-121105.trs	3.7209999561309814
2014-05-14 21:42:20
trs加註意思	/GitRepos/finish/Dream_State/1228-220001-121119.trs	2.694999933242798
2014-05-14 21:46:08
trs加註意思	/GitRepos/finish/FTVN-3/20110629-zy-0117-120314.trs	2.5349998474121094
2014-05-14 21:49:55
trs加註意思	/GitRepos/finish/PTSN-3/PTSN_20121019-zy-121029.trs	4.08899998664856
2014-05-14 21:54:14
trs加註意思	/GitRepos/finish/FTVN-4/20110817-zy-120510-0513.trs	2.4529998302459717
2014-05-14 21:57:30
trs加註意思	/GitRepos/finish/PTSN-3/PTSN_20121221-zy-121231.trs	3.986999988555908
2014-05-14 22:01:17
trs加註意思	/GitRepos/finish/Dream_State/0520-230001-110815.trs	0.9270000457763672
2014-05-14 22:05:05
trs加註意思	/GitRepos/finish/Dream_State/1119-230001-120817.trs	2.055999994277954
2014-05-14 22:09:32
trs加註意思	/GitRepos/finish/PTSN-3/PTSN_20121114-zy-121211.trs	4.163000106811523
2014-05-14 22:12:39
trs加註意思	/GitRepos/finish/DaAi/vvrs10-20130311(0411)-0425.trs	3.4560000896453857
2014-05-14 22:16:27
trs加註意思	/GitRepos/finish/FTVN-4/20110818-zy120412-120513.trs	2.4680001735687256
2014-05-14 22:20:14
trs加註意思	/GitRepos/finish/MH/MaternalHome-033[2]-0414.trs	2.009999990463257
2014-05-14 22:24:01
trs加註意思	/GitRepos/finish/DaAi/vvrs07-20130308(0404)-0422.trs	2.431999921798706
2014-05-14 22:27:49
trs加註意思	/GitRepos/finish/FTVN-4/20110811-zy-120407-120513.trs	2.7720000743865967
2014-05-14 22:31:36
trs加註意思	/GitRepos/finish/FTVN-4/20110712-zy-120602-120722.trs	3.055999994277954
2014-05-14 22:35:24
trs加註意思	/GitRepos/finish/FTVN-3/20110712-zy-120310-120317.trs	2.1760001182556152
2014-05-14 22:39:22
trs加註意思	/GitRepos/finish/FTVN-3/20110706-zy-120308-120317.trs	2.3970000743865967
2014-05-14 22:42:58
trs加註意思	/GitRepos/finish/FTVN-4/20110707-zy-120716-120722.trs	2.8459999561309814
2014-05-14 22:46:46
trs加註意思	/GitRepos/finish/FTVN-4/20110705-zy-120711-120722.trs	2.427000045776367
2014-05-14 22:50:33
trs加註意思	/GitRepos/finish/FTVN-3/20110923-zy-120729-120802.trs	2.575000047683716
2014-05-14 22:54:49
trs加註意思	/GitRepos/finish/FTVN-3/20110630-zy-120308-120316.trs	2.3479998111724854
2014-05-14 22:58:08
trs加註意思	/GitRepos/finish/FTVN-3/20111013-zy-020721-120724.trs	2.814000129699707
2014-05-14 23:01:55
trs加註意思	/GitRepos/finish/FTVN-3/20110929-zy-120729-120802.trs	2.4110000133514404
2014-05-14 23:05:43
trs加註意思	/GitRepos/finish/MH/MaternalHome-203-compare-130221.trs	2.803999900817871
2014-05-14 23:09:30
trs加註意思	/GitRepos/finish/DaAi/vvrs22-20130325-20130430-0516.trs	4.049000024795532
2014-05-14 23:13:17
trs加註意思	/GitRepos/finish/DaAi/vvrs28-20130401-20130504-0520.trs	4.236000061035156
2014-05-14 23:17:05
trs加註意思	/GitRepos/finish/DaAi/vvrs13-20130317-0408-20130423.trs	2.879999876022339
2014-05-14 23:20:52
trs加註意思	/GitRepos/finish/PTSN-3/PTSN_20121201-1228-zy130213.trs	2.3279998302459717
2014-05-14 23:24:39
trs加註意思	/GitRepos/finish/PTSN-3/PTSN_20121207-1224-zy130214.trs	4.341000080108643
2014-05-14 23:28:27
trs加註意思	/GitRepos/finish/DaAi/vvrs34-20130407-20130509-0520.trs	3.449000120162964
2014-05-14 23:32:14
trs加註意思	/GitRepos/finish/DaAi/vvrs40-20130415-20130512-0520.trs	3.3999998569488525
2014-05-14 23:36:01
trs加註意思	/GitRepos/finish/Dream_State/0915-220002dancor-0108.trs	1.687999963760376
2014-05-14 23:39:52
trs加註意思	/GitRepos/finish/DaAi/vvrs16-20130322-20130428-0516.trs	3.739000082015991
2014-05-14 23:44:05
trs加註意思	/GitRepos/finish/MH/MaternalHome-393_compare_110308.trs	2.8929998874664307
2014-05-14 23:47:24
trs加註意思	/GitRepos/finish/FTVN-3/20110721-zy-20120311-120319.trs	2.427000045776367
2014-05-14 23:51:11
trs加註意思	/GitRepos/finish/FTVN-3/20110719-zy-20120308-120319.trs	2.755000114440918
2014-05-14 23:54:58
trs加註意思	/GitRepos/finish/Dream_State/0915-220001dancor-0107.trs	1.8209998607635498
2014-05-14 23:59:21
trs加註意思	/GitRepos/finish/Dream_State/0706-230001-0823-111228.trs	1.5249998569488525
2014-05-15 00:02:33
trs加註意思	/GitRepos/finish/FTVN-4/20110702-zy-120526-0707-0717.trs	2.9549999237060547
2014-05-15 00:06:20
trs加註意思	/GitRepos/finish/Dream_State/0706-230002-0802-111229.trs	1.38100004196167
2014-05-15 00:10:08
trs加註意思	/GitRepos/finish/FTVN-4/20110809-zy-120405-0425-0513.trs	2.5260000228881836
2014-05-15 00:14:09
trs加註意思	/GitRepos/finish/FTVN-4/20110929-zy-120429-0508-0802.trs	2.5160000324249268
2014-05-15 00:17:43
trs加註意思	/GitRepos/finish/FTVN-4/20110630-zy--120517-0702-0717.trs	2.7880001068115234
2014-05-15 00:21:30
trs加註意思	/GitRepos/finish/FTVN-3/20110916-zy120627-0711-120802.trs	2.323000192642212
2014-05-15 00:25:17
trs加註意思	/GitRepos/finish/Dream_State/0805-220001-111202-120106.trs	1.1710000038146973
2014-05-15 00:29:05
trs加註意思	/GitRepos/finish/Dream_State/1209-220002-121020-121115.trs	2.129999876022339
2014-05-15 00:32:52
trs加註意思	/GitRepos/finish/Dream_State/1014-220002-120101-120114.trs	2.134999990463257
2014-05-15 00:36:39
trs加註意思	/GitRepos/finish/Dream_State/1214-220001-120903-121119.trs	2.5299999713897705
2014-05-15 00:40:27
trs加註意思	/GitRepos/finish/Dream_State/0827-230002-111228-120108.trs	1.125999927520752
2014-05-15 00:44:14
trs加註意思	/GitRepos/finish/FTVN-3/20110909-zy-120622-0710-120802.trs	2.3329999446868896
2014-05-15 00:48:02
trs加註意思	/GitRepos/finish/Dream_State/0827-230001-111212-120108.trs	1.4149999618530273
2014-05-15 00:51:49
trs加註意思	/GitRepos/finish/Dream_State/1008-230002-111220-120113.trs	1.7599999904632568
2014-05-15 00:55:36
trs加註意思	/GitRepos/finish/Dream_State/1013-220001-120101-120113.trs	1.9689998626708984
2014-05-15 00:59:24
trs加註意思	/GitRepos/finish/Dream_State/1022-220001-120101-120114.trs	0.9939999580383301
2014-05-15 01:03:11
trs加註意思	/GitRepos/finish/Dream_State/1002-230002-111220-120112.trs	2.1669998168945312
2014-05-15 01:06:58
trs加註意思	/GitRepos/finish/Dream_State/1202-220001-120828-121103.trs	2.628000020980835
2014-05-15 01:10:46
trs加註意思	/GitRepos/finish/Dream_State/1005-230001-111220-120112.trs	1.9920001029968262
2014-05-15 01:14:36
trs加註意思	/GitRepos/finish/Dream_State/1013-220002-120101-120114.trs	2.0
2014-05-15 01:18:20
trs加註意思	/GitRepos/finish/Dream_State/1214-220002-120903-121119.trs	2.2709999084472656
2014-05-15 01:22:08
trs加註意思	/GitRepos/finish/Dream_State/1005-230002-111220-120112.trs	2.23799991607666
2014-05-15 01:25:55
開始執行	2014-05-15 01:32:38
trs加註意思	/GitRepos/finish/FTVN-3/20111006-zy-120712-0727-120802.trs	174.37399983406067
2014-05-15 01:29:45
trs加註意思	/GitRepos/finish/Dream_State/1014-220001-120101-120114.trs	2.313999891281128
2014-05-15 01:34:53
trs加註意思	/GitRepos/finish/FTVN-3/20111006-zy-120712-0727-120802.trs	2.4579999446868896
2014-05-15 01:35:55
trs加註意思	/GitRepos/finish/Dream_State/0824-220001-111215-120108.trs	1.3670001029968262
2014-05-15 01:39:52
trs加註意思	/GitRepos/finish/Dream_State/0817-220001-111215-120108.trs	1.386000156402588
2014-05-15 01:44:03
trs加註意思	/GitRepos/finish/Dream_State/0513-230002-110727-1119-111231.trs	1.6659998893737793
2014-05-15 02:15:11
trs加註意思	/GitRepos/finish/Dream_State/0522-230001-110821-111122-120106.trs	1.2810001373291016
2014-05-15 02:19:00
trs加註意思	/GitRepos/finish/PTSN-3/PTSN_20121111-20130114-130207-0223-zy.trs	2.377000093460083
2014-05-15 02:22:46
trs加註意思	/GitRepos/finish/Dream_State/0522-230002-110823-111122-120106.trs	0.7369999885559082
2014-05-15 02:26:33
trs加註意思	/GitRepos/finish/PTSN-3/PTSN_20121202-20130109-zy-130214-0223.trs	2.2669999599456787
2014-05-15 02:30:21
trs加註意思	/GitRepos/finish/MH/MaternalHome-383-chencau-ok-110321-20130215.trs	2.813000202178955
2014-05-15 02:34:17
trs加註意思	/GitRepos/finish/PTSN-3/PTSN_20121230-20130107-130207-0223-zy (1).trs	81.48100018501282
2014-05-15 02:38:01
trs加註意思	/GitRepos/finish/MH/MaternalHome-263(100[1].03.11)-110326-20130215.trs	168.00800013542175
2014-05-15 02:41:44
trs加註意思	/GitRepos/finish/Dream_State/0824-220002-111220-120108.trs	1.2430000305175781
2014-05-15 10:05:05
trs加註意思	/GitRepos/finish/Dream_State/1008-230001-111220-120112.trs	2.048999786376953
2014-05-15 10:08:54
trs加註意思	/GitRepos/finish/Dream_State/0816-220002-111215-120107.trs	1.1640000343322754
2014-05-15 10:12:40
trs加註意思	/GitRepos/finish/Dream_State/1202-220002-120828-121103.trs	1.7980000972747803
2014-05-15 10:16:27
trs加註意思	/GitRepos/finish/FTVN-3/20111007-zy-120715-0728-120802.trs	2.373999834060669
2014-05-15 10:20:14
trs加註意思	/GitRepos/finish/Dream_State/1002-230001-111220-120112.trs	1.9019999504089355
2014-05-15 10:24:34
trs加註意思	/GitRepos/finish/FTVN-3/20111014-zy-120716-120725-0731.trs	2.7850000858306885
2014-05-15 10:27:49
trs加註意思	/GitRepos/finish/Dream_State/0906-220001(dancor)-120204.trs	1.9720001220703125
2014-05-15 10:31:36
trs加註意思	/GitRepos/finish/MH/MaternalHome-223_110313-0131-130219.trs	3.998999834060669
2014-05-15 10:35:24
trs加註意思	/GitRepos/finish/Dream_State/0609-220001(dancor)-120204.trs	0.8340001106262207
2014-05-15 10:39:45
trs加註意思	/GitRepos/finish/Dream_State/0609-220002(dancor)-120204.trs	0.8009998798370361
2014-05-15 10:42:59
trs加註意思	/GitRepos/finish/Dream_State/0901-220001(dancor)-120204.trs	0.9460000991821289
2014-05-15 10:46:46
trs加註意思	/GitRepos/finish/Dream_State/0608-230002(dancor)-120204.trs	1.0090000629425049
2014-05-15 10:50:33
trs加註意思	/GitRepos/finish/Dream_State/0906-220002(dancor)-120204.trs	1.873000144958496
2014-05-15 10:54:21
trs加註意思	/GitRepos/finish/Dream_State/0608-230001(dancor)-120204.trs	0.9869999885559082
2014-05-15 10:58:08
trs加註意思	/GitRepos/finish/Dream_State/0604-230002(dancor)-120204.trs	1.1319999694824219
2014-05-15 11:01:55
trs加註意思	/GitRepos/finish/Dream_State/0604-230001(dancor)-120204.trs	1.121000051498413
2014-05-15 11:05:43
trs加註意思	/GitRepos/finish/MH/MaternalHome-363-130126-0131-130218.trs	6.273000001907349
2014-05-15 11:09:49
trs加註意思	/GitRepos/finish/PTSN-3/PTSN_20121219-20130102-zy-130216.trs	4.736000061035156
2014-05-15 11:13:18
trs加註意思	/GitRepos/finish/MH/MaternalHome-243(chencau)-kdlu-110418.trs	2.990000009536743
2014-05-15 11:17:05
trs加註意思	/GitRepos/finish/Dream_State/0520-220001-110808-1114-120106.trs	1.2909998893737793
2014-05-15 11:20:52
trs加註意思	/GitRepos/finish/Dream_State/1001-220002-111010-1219-120110.trs	1.2430000305175781
2014-05-15 11:24:40
trs加註意思	/GitRepos/finish/Dream_State/1001-230002-111017-1224-120111.trs	1.317000150680542
2014-05-15 11:28:27
trs加註意思	/GitRepos/finish/Dream_State/0513-230001-110723-1113-111231.trs	1.5319998264312744
2014-05-15 11:32:14
trs加註意思	/GitRepos/finish/Dream_State/0511-230001-110716-1015-111230.trs	1.564000129699707
2014-05-15 11:36:02
trs加註意思	/GitRepos/finish/Dream_State/1001-220001-111009-1210-120110.trs	2.440999984741211
2014-05-15 11:39:51
trs加註意思	/GitRepos/finish/Dream_State/0518-220002-110802-1203-120101.trs	1.2820000648498535
2014-05-15 11:44:38
trs加註意思	/GitRepos/finish/Dream_State/0511-230002-110718-1102-111230.trs	1.314000129699707
2014-05-15 11:47:24
trs加註意思	/GitRepos/finish/Dream_State/0501-230001-110704-0917-111229.trs	1.4700000286102295
2014-05-15 11:51:11
trs加註意思	/GitRepos/finish/Dream_State/0501-230002-110710-0929-111230.trs	1.5499999523162842
2014-05-15 11:54:59
trs加註意思	/GitRepos/finish/Dream_State/1001-230001-111015-1220-120111.trs	1.378000020980835
2014-05-15 11:59:30
開始執行	2014-05-22 16:03:52
trs加註意思	/GitRepos/finish/PTSN-1/PTSN-20100523-1.trs	1.871999979019165
2014-05-22 16:10:26
trs加註意思	/GitRepos/finish/PTSN-1/PTSN-20100522-1.trs	1.7940001487731934
2014-05-23 03:29:29
開始執行	2014-05-25 15:45:28
trs加註意思	/GitRepos/finish/LTS/LTS27-1.trs	1.3889999389648438
2014-05-27 13:16:01
trs加註意思	/GitRepos/finish/PTSN-1/PTSN-20100523-1.trs	2.2300000190734863
2014-06-06 12:02:10
開始執行	2014-06-12 14:20:20
開始執行	2014-06-19 13:00:25
trs加註意思	/GitRepos/finish/PTSN-1/PTSN-20100523-1.trs	2.0900001525878906
2014-06-20 07:28:46
字典搜尋	0.1100001335144043
2014-06-20 15:28:08
字典搜尋	0.016000032424926758
2014-06-20 15:28:36
開始執行	2014-07-03 04:20:17
開始執行	2014-07-03 04:20:18
開始執行	2014-07-03 04:20:19
trs加註意思	/GitRepos/finish/PTSN-1/PTSN-20100523-1.trs	2.453000068664551
2014-07-04 00:53:22
trs加註意思	/GitRepos/finish/PTSN-1/PTSN-20100523-1.trs	2.374000072479248
2014-07-04 00:53:22
trs加註意思	/GitRepos/finish/PTSN-1/PTSN-20100523-1.trs	2.4210000038146973
2014-07-04 00:53:22
字典搜尋	0.1419999599456787
2014-07-07 20:49:36
字典搜尋	0.13099980354309082
2014-07-07 20:49:36
字典搜尋	0.10600018501281738
2014-07-07 20:49:36
字典搜尋	0.003000020980834961
2014-07-08 10:29:32
字典搜尋	0.009000062942504883
2014-07-08 10:29:32
字典搜尋	0.03600001335144043
2014-07-08 10:29:32
字典搜尋	0.03699994087219238
2014-07-08 10:30:45
字典搜尋	0.06299996376037598
2014-07-08 10:30:45
字典搜尋	0.06299996376037598
2014-07-08 10:30:45
字典搜尋	0.01699995994567871
2014-07-08 11:11:10
字典搜尋	0.03600001335144043
2014-07-08 11:11:10
字典搜尋	0.06299996376037598
2014-07-08 11:11:10
字典搜尋	0.0019998550415039062
2014-07-08 11:11:16
字典搜尋	0.0019998550415039062
2014-07-08 11:11:16
字典搜尋	0.0019998550415039062
2014-07-08 16:00:44
字典搜尋	0.0019998550415039062
2014-07-08 16:00:44
字典搜尋	0.0010001659393310547
2014-07-08 16:00:44
字典搜尋	0.014999866485595703
2014-07-09 10:47:28
字典搜尋	0.016000032424926758
2014-07-10 14:04:05
字典搜尋	0.07699990272521973
2014-07-10 14:04:05
字典搜尋	0.07699990272521973
2014-07-10 14:04:05
字典搜尋	0.0
2014-07-10 14:43:12
字典搜尋	0.0
2014-07-10 14:43:12
字典搜尋	0.0
2014-07-10 14:43:12
字典搜尋	0.0
2014-07-10 14:43:36
字典搜尋	0.0
2014-07-10 14:43:36
字典搜尋	0.0
2014-07-10 14:43:36
字典搜尋	0.0
2014-07-10 14:43:38
字典搜尋	0.0
2014-07-10 14:43:38
字典搜尋	0.0
2014-07-10 14:43:38
字典搜尋	0.0
2014-07-10 14:43:47
字典搜尋	0.0
2014-07-10 14:43:47
字典搜尋	0.0
2014-07-10 14:43:47
trs加註意思	/GitRepos/finish/DaAi/vvrs01-20130301 (20130316)-0416.trs	2.245999813079834
2014-07-10 14:44:06
trs加註意思	/GitRepos/finish/DaAi/vvrs01-20130301 (20130316)-0416.trs	3.930999994277954
2014-07-10 14:44:06
trs加註意思	/GitRepos/finish/DaAi/vvrs01-20130301 (20130316)-0416.trs	3.9619998931884766
2014-07-10 14:44:06
字典搜尋	0.014999866485595703
2014-07-10 15:55:16
字典搜尋	0.014999866485595703
2014-07-10 15:55:16
字典搜尋	0.002000093460083008
2014-07-10 20:52:44
字典搜尋	0.002000093460083008
2014-07-10 20:52:44
開始執行	2014-07-11 14:35:56
開始執行	2014-07-14 10:40:23
字典搜尋	0.03600001335144043
2014-07-14 10:58:57
字典搜尋	0.002000093460083008
2014-07-14 11:07:22
字典搜尋	0.04400014877319336
2014-07-14 16:27:03
字典搜尋	0.002000093460083008
2014-07-14 16:29:26
trs加註意思	/GitRepos/finish/DaAi/vvrs07-20130308(0404)-0422.trs	3.246999979019165
2014-07-14 16:29:29
字典搜尋	0.003000020980834961
2014-07-14 16:34:21
字典搜尋	0.003000020980834961
2014-07-14 16:50:33
開始執行	2014-07-18 02:05:43
trs加註意思	/GitRepos/finish/PTSN-1/PTSN-20100523-1.trs	1.9240000247955322
2014-07-18 02:11:54
字典搜尋	0.12000012397766113
2014-07-18 16:47:20
trs加註意思	/GitRepos/finish/MH/MaternalHome-003-compare.trs	2.9809999465942383
2014-07-18 16:47:34
字典搜尋	0.15799999237060547
2014-07-20 07:51:02
字典搜尋	0.015999794006347656
2014-07-21 03:15:08
字典搜尋	0.03099989891052246
2014-07-21 12:12:32
開始執行	2014-07-30 14:56:42
字典搜尋	0.009000062942504883
2014-07-30 15:10:04
trs加註意思	/GitRepos/finish/DaAi/vvrs31-20130406-0505-0515.trs	3.6660001277923584
2014-07-30 15:10:06
trs加註意思	/GitRepos/finish/DaAi/vvrs37-20130414-0513-0515.trs	2.3980000019073486
2014-07-30 15:10:11
字典搜尋	0.06400012969970703
2014-07-31 13:55:55
trs加註意思	/GitRepos/finish/Dream_State/0511-230001-110716-1015-111230.trs	3.4090001583099365
2014-07-31 13:56:01
trs加註意思	/GitRepos/finish/Dream_State/0907-230001dancor-1231.trs	1.7669999599456787
2014-07-31 13:56:17
trs加註意思	/GitRepos/finish/MH/MaternalHome-203-compare-130221.trs	3.187000036239624
2014-07-31 13:56:37
trs加註意思	/GitRepos/finish/MH/MaternalHome-383-chencau-ok-110321-20130215.trs	2.7060000896453857
2014-07-31 13:56:56
字典搜尋	0.002000093460083008
2014-07-31 14:14:32
字典搜尋	0.0010001659393310547
2014-07-31 16:04:47
trs加註意思	/GitRepos/finish/DaAi/vvrs01-20130301 (20130316)-0416.trs	2.3429999351501465
2014-07-31 16:04:51
trs加註意思	/GitRepos/finish/DaAi/vvrs10-20130311(0411)-0425.trs	3.5490000247955322
2014-07-31 16:04:59
trs加註意思	/GitRepos/finish/DaAi/vvrs10-20130311(0411)-0425.trs	3.430000066757202
2014-07-31 16:05:12
trs加註意思	/GitRepos/finish/DaAi/vvrs10-20130311(0411)-0425.trs	3.434999942779541
2014-07-31 16:05:20
trs加註意思	/GitRepos/finish/DaAi/vvrs16-20130322-20130428-0516.trs	3.925999879837036
2014-07-31 16:06:03
字典搜尋	0.0010001659393310547
2014-07-31 16:24:07
字典搜尋	0.00599980354309082
2014-08-01 16:29:43
字典搜尋	0.0019998550415039062
2014-08-01 16:30:30
字典搜尋	0.0009999275207519531
2014-08-01 16:30:37
trs加註意思	/GitRepos/finish/DaAi/vvrs01-20130301 (20130316)-0416.trs	2.427999973297119
2014-08-01 16:30:45
字典搜尋	0.0009999275207519531
2014-08-01 16:30:58
字典搜尋	0.0009999275207519531
2014-08-01 16:31:41
字典搜尋	0.0010001659393310547
2014-08-01 16:43:42
trs加註意思	/GitRepos/finish/DaAi/vvrs01-20130301 (20130316)-0416.trs	2.300999879837036
2014-08-01 16:43:47
trs加註意思	/GitRepos/finish/DaAi/vvrs01-20130301 (20130316)-0416.trs	2.299999952316284
2014-08-01 16:44:15
字典搜尋	0.03600001335144043
2014-08-04 11:00:51
trs加註意思	/GitRepos/finish/Dream_State/0817-220001-111215-120108.trs	1.5929999351501465
2014-08-04 11:01:18
字典搜尋	0.002000093460083008
2014-08-04 11:22:34
trs加註意思	/GitRepos/finish/DaAi/vvrs01-20130301 (20130316)-0416.trs	2.4189999103546143
2014-08-04 11:22:37
trs加註意思	/GitRepos/finish/Dream_State/0817-220001-111215-120108.trs	1.309000015258789
2014-08-04 11:34:57
開始執行	2014-08-04 11:35:05
字典搜尋	0.46900010108947754
2014-08-06 16:07:08
字典搜尋	0.5910000801086426
2014-08-06 16:07:08
字典搜尋	0.21799993515014648
2014-08-07 13:32:59
字典搜尋	0.19500017166137695
2014-08-07 13:32:59
trs加註意思	/GitRepos/finish/LTS/LTS03_101012.trs	3.056999921798706
2014-08-07 13:33:16
trs加註意思	/GitRepos/finish/LTS/LTS03_101012.trs	3.7229998111724854
2014-08-07 13:33:16
trs加註意思	/GitRepos/finish/FTVN-4/20110825-zy-120506-0513.trs	3.193000078201294
2014-08-07 13:34:00
trs加註意思	/GitRepos/finish/FTVN-4/20110825-zy-120506-0513.trs	3.2820000648498535
2014-08-07 13:34:00
字典搜尋	0.0019998550415039062
2014-08-07 14:09:29
字典搜尋	0.0019998550415039062
2014-08-07 14:09:29
字典搜尋	0.02200007438659668
2014-08-08 15:23:40
字典搜尋	0.06999993324279785
2014-08-08 15:23:40
trs加註意思	/GitRepos/finish/DaAi/vvrs01-20130301 (20130316)-0416.trs	3.73799991607666
2014-08-08 15:23:43
trs加註意思	/GitRepos/finish/DaAi/vvrs01-20130301 (20130316)-0416.trs	4.108999967575073
2014-08-08 15:23:43
字典搜尋	0.0009999275207519531
2014-08-08 15:23:59
字典搜尋	0.002000093460083008
2014-08-08 15:24:10
字典搜尋	0.002000093460083008
2014-08-08 15:24:10
trs加註意思	/GitRepos/finish/Dream_State/0501-230001-110704-0917-111229.trs	1.7630000114440918
2014-08-08 15:24:20
trs加註意思	/GitRepos/finish/Dream_State/0501-230001-110704-0917-111229.trs	1.8500001430511475
2014-08-08 15:24:20
字典搜尋	0.0019998550415039062
2014-08-08 15:24:32
trs加註意思	/GitRepos/finish/EDU/Combine005-110519(dancor).trs	1.5859999656677246
2014-08-08 15:24:36
trs加註意思	/GitRepos/finish/EDU/Combine005-110519(dancor).trs	1.7049999237060547
2014-08-08 15:24:36
字典搜尋	0.7239999771118164
2014-08-14 11:40:18
字典搜尋	1.0149998664855957
2014-08-14 11:40:18
開始執行	2014-08-18 15:00:36
字典搜尋	0.22600007057189941
2014-08-24 17:33:53
字典搜尋	0.08099985122680664
2014-08-25 14:33:46
字典搜尋	0.005000114440917969
2014-08-25 15:16:46
字典搜尋	0.30900001525878906
2014-08-26 09:15:34
字典搜尋	0.002000093460083008
2014-08-26 09:16:03
字典搜尋	0.0009999275207519531
2014-08-26 09:16:38
字典搜尋	0.0010001659393310547
2014-08-26 09:25:22
字典搜尋	0.023000001907348633
2014-08-26 09:33:22
字典搜尋	0.0009999275207519531
2014-08-26 09:50:09
字典搜尋	0.0009999275207519531
2014-08-26 09:50:15
字典搜尋	0.32899999618530273
2014-08-27 13:26:21
字典搜尋	0.0009999275207519531
2014-08-27 13:26:27
字典搜尋	0.002000093460083008
2014-08-27 13:27:22
字典搜尋	0.002000093460083008
2014-08-27 13:27:35
字典搜尋	0.002000093460083008
2014-08-27 13:32:45
字典搜尋	0.22800016403198242
2014-08-28 11:34:50
字典搜尋	0.029000043869018555
2014-08-28 11:45:38
開始執行	2014-08-29 09:45:00
開始執行	2014-08-29 09:45:20
開始執行	2014-08-29 09:45:20
開始執行	2014-08-29 09:45:39
開始執行	2014-08-29 09:45:39
字典搜尋	0.05099987983703613
2014-08-29 09:48:27
字典搜尋	0.05099987983703613
2014-08-29 09:48:27
開始執行	2014-08-29 09:48:36
開始執行	2014-08-29 09:48:36
開始執行	2014-08-29 09:48:36
開始執行	2014-08-29 09:48:39
字典搜尋	0.0019998550415039062
2014-08-29 09:50:24
字典搜尋	0.0019998550415039062
2014-08-29 09:50:24
字典搜尋	0.0019998550415039062
2014-08-29 09:50:24
字典搜尋	0.0019998550415039062
2014-08-29 09:50:24
trs加註意思	/GitRepos/finish/DaAi/vvrs01-20130301 (20130316)-0416.trs	0.08599996566772461
2014-08-29 09:50:25
trs加註意思	/GitRepos/finish/DaAi/vvrs01-20130301 (20130316)-0416.trs	2.9489998817443848
2014-08-29 09:50:25
trs加註意思	/GitRepos/finish/DaAi/vvrs01-20130301 (20130316)-0416.trs	2.9570000171661377
2014-08-29 09:50:25
trs加註意思	/GitRepos/finish/DaAi/vvrs01-20130301 (20130316)-0416.trs	3.117999792098999
2014-08-29 09:50:25
trs加註意思	/GitRepos/finish/DaAi/vvrs01-20130301 (20130316)-0416.trs	2.815999984741211
2014-08-29 09:50:27
trs加註意思	/GitRepos/finish/PTSN-3/PTSN_20121114-zy-121211.trs	0.15599989891052246
2014-08-29 09:50:38
trs加註意思	/GitRepos/finish/PTSN-3/PTSN_20121114-zy-121211.trs	4.698999881744385
2014-08-29 09:50:38
trs加註意思	/GitRepos/finish/PTSN-3/PTSN_20121114-zy-121211.trs	4.707000017166138
2014-08-29 09:50:38
字典搜尋	0.0009999275207519531
2014-08-29 09:58:06
字典搜尋	0.002000093460083008
2014-08-29 09:58:06
字典搜尋	0.0009999275207519531
2014-08-29 09:58:06
字典搜尋	0.0009999275207519531
2014-08-29 09:58:06
字典搜尋	0.1830000877380371
2014-08-29 09:58:13
字典搜尋	0.1830000877380371
2014-08-29 09:58:13
字典搜尋	0.1830000877380371
2014-08-29 09:58:13
字典搜尋	0.1830000877380371
2014-08-29 09:58:13
字典搜尋	0.0009999275207519531
2014-08-29 09:58:22
字典搜尋	0.0019998550415039062
2014-08-29 09:58:22
字典搜尋	0.0019998550415039062
2014-08-29 09:58:22
字典搜尋	0.0019998550415039062
2014-08-29 09:58:22
字典搜尋	0.0009999275207519531
2014-08-29 09:58:28
字典搜尋	0.0009999275207519531
2014-08-29 09:58:28
字典搜尋	0.0019998550415039062
2014-08-29 09:58:28
字典搜尋	0.0019998550415039062
2014-08-29 09:58:28
trs加註意思	/GitRepos/finish/FTVN-4/20110705-zy-120711-120722.trs	2.703000068664551
2014-08-29 09:58:40
trs加註意思	/GitRepos/finish/FTVN-4/20110705-zy-120711-120722.trs	2.7209999561309814
2014-08-29 09:58:40
trs加註意思	/GitRepos/finish/FTVN-4/20110705-zy-120711-120722.trs	2.8440001010894775
2014-08-29 09:58:40
字典搜尋	0.002000093460083008
2014-08-29 10:46:33
字典搜尋	0.002000093460083008
2014-08-29 10:46:33
字典搜尋	0.0019998550415039062
2014-08-29 10:46:33
字典搜尋	0.003000020980834961
2014-08-29 14:38:32
字典搜尋	0.0019998550415039062
2014-08-29 14:38:32
字典搜尋	0.003000020980834961
2014-08-29 14:38:32
trs加註意思	/GitRepos/finish/DaAi/vvrs10-20130311(0411)-0425.trs	3.937999963760376
2014-08-29 14:38:37
trs加註意思	/GitRepos/finish/DaAi/vvrs10-20130311(0411)-0425.trs	3.940000057220459
2014-08-29 14:38:37
trs加註意思	/GitRepos/finish/DaAi/vvrs10-20130311(0411)-0425.trs	3.9560000896453857
2014-08-29 14:38:37
trs加註意思	/GitRepos/finish/DaAi/vvrs13-20130317-0408-20130423.trs	3.7080001831054688
2014-08-29 15:06:33
trs加註意思	/GitRepos/finish/DaAi/vvrs13-20130317-0408-20130423.trs	3.7250001430511475
2014-08-29 15:06:33
trs加註意思	/GitRepos/finish/DaAi/vvrs13-20130317-0408-20130423.trs	3.76200008392334
2014-08-29 15:06:33
字典搜尋	0.0019998550415039062
2014-08-29 16:17:33
字典搜尋	0.003999948501586914
2014-08-29 16:17:33

字典搜尋	0.05800008773803711
2014-09-01 16:21:12
字典搜尋	0.057000160217285156
2014-09-01 16:21:12
trs加註意思	/GitRepos/finish/FTVN-3/20111007-zy-120715-0728-120802.trs	0.2929999828338623
2014-09-01 16:21:30
trs加註意思	/GitRepos/finish/FTVN-3/20111007-zy-120715-0728-120802.trs	2.8949999809265137
2014-09-01 16:21:30
trs加註意思	/GitRepos/finish/FTVN-3/20111007-zy-120715-0728-120802.trs	2.9089999198913574
2014-09-01 16:21:30
trs加註意思	/GitRepos/finish/PTSN-2/PTSN-20101105_101210.trs	3.256999969482422
2014-09-01 16:22:12
trs加註意思	/GitRepos/finish/PTSN-2/PTSN-20101105_101210.trs	3.2669999599456787
2014-09-01 16:22:12
trs加註意思	/GitRepos/finish/PTSN-2/PTSN-20101105_101210.trs	3.2899999618530273
2014-09-01 16:22:12
字典搜尋	0.0019998550415039062
2014-09-01 17:07:39
字典搜尋	0.0019998550415039062
2014-09-01 17:07:39
字典搜尋	0.002000093460083008
2014-09-01 17:07:39
字典搜尋	0.002000093460083008
2014-09-01 17:15:46
字典搜尋	0.003000020980834961
2014-09-01 17:15:46
字典搜尋	0.003000020980834961
2014-09-01 17:15:46
字典搜尋	0.031999826431274414
2014-09-02 09:32:33
字典搜尋	0.04699993133544922
2014-09-02 09:32:33
字典搜尋	0.04699993133544922
2014-09-02 09:32:33
字典搜尋	0.04699993133544922
2014-09-02 14:49:00
字典搜尋	0.016000032424926758
2014-09-02 14:49:00
字典搜尋	0.09400010108947754
2014-09-02 14:49:00
字典搜尋	0.04799985885620117
2014-09-02 16:30:46
字典搜尋	0.020999908447265625
2014-09-02 16:30:46
字典搜尋	0.08100008964538574
2014-09-02 16:30:46
trs加註意思	/GitRepos/finish/Dream_State/1001-230001-111015-1220-120111.trs	2.8380000591278076
2014-09-02 16:31:26
trs加註意思	/GitRepos/finish/Dream_State/1001-230001-111015-1220-120111.trs	2.8910000324249268
2014-09-02 16:31:26
trs加註意思	/GitRepos/finish/Dream_State/1001-230001-111015-1220-120111.trs	2.8929998874664307
2014-09-02 16:31:26
字典搜尋	0.0280001163482666
2014-09-02 16:33:26
字典搜尋	0.00800013542175293
2014-09-02 16:33:26
字典搜尋	0.009999990463256836
2014-09-02 16:33:26
trs加註意思	/GitRepos/finish/DaAi/vvrs01-20130301 (20130316)-0416.trs	0.20099997520446777
2014-09-02 16:42:39
trs加註意思	/GitRepos/finish/DaAi/vvrs01-20130301 (20130316)-0416.trs	3.0309998989105225
2014-09-02 16:42:39
trs加註意思	/GitRepos/finish/DaAi/vvrs01-20130301 (20130316)-0416.trs	3.0859999656677246
2014-09-02 16:42:39
字典搜尋	0.315000057220459
2014-09-03 11:17:21
字典搜尋	0.3859999179840088
2014-09-03 11:17:21
字典搜尋	0.806999921798706
2014-09-03 11:17:21
字典搜尋	0.16700005531311035
2014-09-04 15:48:56
字典搜尋	0.375
2014-09-04 15:48:56
字典搜尋	0.44099998474121094
2014-09-04 15:48:56
字典搜尋	0.002000093460083008
2014-09-05 14:54:42
字典搜尋	0.002000093460083008
2014-09-05 14:54:42
字典搜尋	0.0019998550415039062
2014-09-05 14:54:42
trs加註意思	/GitRepos/finish/PTSN-1/PTSN-20100523-1.trs	3.4089999198913574
2014-09-09 05:31:51
trs加註意思	/GitRepos/finish/PTSN-1/PTSN-20100523-1.trs	3.2720000743865967
2014-09-09 05:31:51
字典搜尋	0.0009999275207519531
2014-09-09 14:41:44
字典搜尋	0.0009999275207519531
2014-09-09 14:41:44
字典搜尋	0.0009999275207519531
2014-09-09 14:41:44
字典搜尋	0.19700002670288086
2014-09-10 13:45:11
字典搜尋	0.21300005912780762
2014-09-10 13:45:11
字典搜尋	0.18199992179870605
2014-09-10 13:45:11
trs加註意思	/GitRepos/finish/FTVN-3/20110708-zy-120310-120317.trs	3.6070001125335693
2014-09-10 13:54:59
trs加註意思	/GitRepos/finish/FTVN-3/20110708-zy-120310-120317.trs	3.6529998779296875
2014-09-10 13:54:59
trs加註意思	/GitRepos/finish/FTVN-3/20110708-zy-120310-120317.trs	3.808000087738037
2014-09-10 13:54:59
開始執行	2014-09-13 17:49:52
trs加註意思	/GitRepos/finish/FTVN-4/20110626-zy-120502-0620.trs	2.1679999828338623
2014-09-13 17:49:54
開始執行	2014-09-21 15:39:33
字典搜尋	0.0
2014-09-21 15:40:35
trs加註意思	/GitRepos/finish/DaAi/vvrs01-20130301 (20130316)-0416.trs	2.4019999504089355
2014-09-21 15:40:38
字典搜尋	0.2330000400543213
2014-09-26 14:46:54
開始執行	2014-10-08 14:05:24
trs加註意思	/GitRepos/finish/PTSN-1/PTSN-20100522-1.trs	1.9189999103546143
2014-10-08 14:11:22
開始執行	2014-10-21 12:59:25
trs加註意思	/GitRepos/finish/FTVN-2/FTVN_090521-20100512-1.trs	0.3580000400543213
2014-10-21 12:59:28
trs加註意思	/GitRepos/finish/FTVN-2/FTVN_090521-20100512-1.trs	0.06200003623962402
2014-10-21 13:01:47
trs加註意思	/GitRepos/finish/PTSN-1/PTSN-20100523-1.trs	1.934999942779541
2014-10-24 00:02:51
字典搜尋	0.18700003623962402
2014-11-10 11:52:46
開始執行	2014-12-07 21:24:23
trs加註意思	/GitRepos/finish/FTVN-3/20110627-zy-20110115-120314.trs	1.436000108718872
2014-12-07 21:24:28
trs加註意思	/GitRepos/finish/FTVN-3/20110627-zy-20110115-120314.trs	1.1080000400543213
2014-12-07 21:24:37
開始執行	2015-01-23 18:42:25
trs加註意思	/GitRepos/finish/PTSN-1/PTSN-20100523-1.trs	2.6520001888275146
2015-01-23 18:48:45
字典搜尋	0.18700003623962402
2015-02-09 13:18:42
開始執行	2015-07-09 14:21:20
開始執行	2015-07-09 14:21:24
字典搜尋	0.031000137329101562
2015-07-09 14:24:18
字典搜尋	0.0
2015-07-09 16:23:30
字典搜尋	0.0
2015-07-09 16:23:30
字典搜尋	0.14100003242492676
2015-07-13 13:25:37
字典搜尋	0.15600013732910156
2015-07-13 13:25:37
字典搜尋	0.002000093460083008
2015-07-13 14:09:02
字典搜尋	0.0010001659393310547
2015-07-13 14:09:02
字典搜尋	0.0
2015-07-13 14:23:11
字典搜尋	0.0
2015-07-13 14:23:11
trs加註意思	/GitRepos/finish/DaAi/vvrs07-20130308(0404)-0422.trs	4.851999998092651
2015-07-13 14:23:14
trs加註意思	/GitRepos/finish/DaAi/vvrs07-20130308(0404)-0422.trs	4.851999998092651
2015-07-13 14:23:14
字典搜尋	0.03600001335144043
2015-07-13 23:44:23
