pang5		pang 帆 旁 捧 篷 龐 	1
pang1		芳 香 蜂 	7
pang2		縫 	2
pang4		紡 	3
rin2-ki3		人氣 	6
vo2-hing5		模型 	1
por2		抱 	8
por3		朴 破 魄 	6
por4		跛 頗 	4
gau4-guann1		教官 	1
ai4-zing5		愛情 	2
ai4-zu4		哀子 	1
lai2-siu1		來收 	6
giu2-hing5		求刑 	5
ang2-mng2-to5		紅毛土 	1
guan2-do2		guan度 	1
i4-su3		意思 	68
sau4-ciu4		掃帚 	1
dang2-sim1		同心 	2
lam2-sing3		男性 	11
dong2-i3		同意 	18
dau2-ciu4		投手 	5
se4-han4-giann4		細漢囝 	1
kia2-ve4		騎馬 	3
dui4-dai2-uan5		對台灣 	28
ling2-giann2		零件 	3
rin2-quan5		人員 	11
hing2-zong1		行裝 行蹤 	2
go4-i3		古意 故意 	4
si4-ka1		四腳 	1
dong4		董 懂 檔 黨 	3
go4-giong1		故宮 	6
si4-ho2		侍候 	1
sin4-lai2		信賴 	1
hing2-zing4-inn4-diunn4		行政院長 	7
zuan2-dai2-uan5		全台灣 	75
kor4-gin2		靠近 	1
dui4-qua2		對外 	11
ping2-qi2		評議 	1
ge4-cua2		嫁娶 	1
tor4		討 	2
tor1		叨 它 淘 滔 濤 	3
cau4-vi2		臭味 	2
ang2-ding1		紅燈 	4
zi4-a3		姐a 姊a 	9
siong2-hun5		祥雲 	1
dai2-den2		台電 	29
tau4-za4		透早 	119
dau4-din2		鬥陣 	22
qang2		楞 	1
ciu1		秋 啾 揪 鞦 鰍 鬚 鶖 	1
ciu4		手 帚 醜 	19
quan2-qe2		園藝 	1
vu2-gor3		無告 誣告 	1
dui4-bi4		對比 	1
lai2-giong2-diau2		來強調 	1
qua4-gong1		外公 	2
gue4-ki3		過去 	124
liam3		捻 	6
liam2		念 唸 斂 殮 歛 	1
ua2		話 	1
hui2-hiam4		危險 	11
dan4		等 彈 膽 	24
dan5		dan 陳 彈 	3
dan3		旦 但 蛋 彈 憚 誕 擲 妲 	38
dan1		丹 單 簞 	37
dong2-ni5		童年 	5
zing4-dong1		正當 精當 	1
zing4-dong4		政黨 	14
mua1		幔 	2
gam4-gang1		監工 	1
zor4-gang1		做工 	6
dau3		到 鬥 悼 晝 逗 透 竇 讀 	1
dau2		豆 脰 逗 痘 讀 	1
zong4-kong4		狀況 	1
dai2-uan2-vi2		台灣味 	4
cin4-cai4		凊采 凊彩 	11
i5		予 夷 余 怡 咦 姨 胰 移 愉 貽 飴 維 諛 餘 遺 頤 彝 	1
ziu4-zua2		咒誓 	2
su1		司 抒 私 思 師 書 斯 舒 須 嫗 需 樞 輸 軀 姝 	5
bor4-zua4		報紙 	17
iu2-gi5		尤其 	8
iu2-gi1		遊技 	6
lai2-bue5		來賠 	1
pa3		帕 怕 	1
vor2-ti4		無恥 	1
pai4-he2		派系 	3
zor4-bing1		做兵 	6
dor4-li4		道里 道理 	2
qiam2-diong2		嚴重 	30
hi4-lor5		肺癆 	3
han4-vun2-hua3		漢文化 	8
hiong4-i2		向伊 	3
dong2-zu4		童子 	1
biann4		丙 餅 	9
biann3		拚 拼 	6
zin1		津 珍 貞 真 偵 幀 楨 甄 禎 	5
zin3		振 晉 進 賑 賬 震 燼 	5
bing2-ding4		平等 	4
ti4		恥 齒 褫 	4
ti3		剃 剔 涕 翅 	1
ti2		雉 	2
ving2-liau5		明瞭 	1
an4-le2		案例 	7
din4-diunn4		鎮長 	3
kun4-ging4		困境 	8
ki4-gu2		器具 	2
kin2-vu2		勤務 	1
sin2-ving5		神明 	4
ing4-siu5		應酬 	4
kin1		輕 	2
vu2-zing5		無情 	1
hor2-hor4		和好 	3
vor2-si4		無死 	3
gau4-si5		gau時 到時 	22
dong2-zen5		堂前 	1
hing2-cia1		行車 	4
te4-dai2		替代 	1
gau4-cu3		到厝 	6
zuan2-vin5		全民 	7
ging4-quan5		警員 	1
ki4-iu5		汽油 	13
suann4-vin5		線民 	1
diu2-bi2		籌備 	1
ziann4-vin2		正面 	3
iu4-dong5		幼童 	1
de2-guan4		茶館 題款 	1
vin2-hang2-gi1		民航機 	1
su4-siong5		庶常 	1
si2-gi1		時機 	1
gai4-ze2		gai濟 介濟 蓋濟 	1
gen4-zai5		建材 	1
zing4-duann5		政壇 	4
gor4-lin5		果仁 個人 高人 篙人 	12
siu2		受 岫 售 授 壽 綬 瘦 	15
siu3		siu siu 秀 狩 宿 袖 繡 獸 銹 	9
siu1		siu 休 收 修 羞 脩 	14
siu4		手 守 首 袖 	3
ki4-zau4		去走 	1
zin4-do2		進度 	7
lor4-ka1		ler腳 	1
lan2-su2		蘭嶼 	3
e4		啞 矮 	11
e5		siu ｅ 的 個 鞋 	41
e1		挨 鍋 	163
e2		e 下 厄 可 窄 廈 會 	11745
e3		穢 	2354
cui3		脆 悴 喙 萃 瘁 碎 粹 翠 嘴 	11
cui1		吹 崔 推 催 摧 	3
zing2-au2		前後 	2
hor4-hor4-hor4		好好好 	18
giu2-ve5		球迷 	12
gue4-ni5		過年 	11
giong2-hing5		強橫 	2
dam2-ue2		談話 	3
no2		怒 諾 懦 糯 	1
quan2-de4		原底 	4
ni2-guan1		年關 	1
lai2-cu4-li4		來處理 	2
te4-hue3		退貨 	1
ping2-go1		評估 	3
dau2-hang5		投降 	1
dong2-bo2		同步 	3
dor4-di3		倒置 	1
diunn2-de2		場地 	4
tinn3		撐 	3
bang4-ga4		放假 	3
cuan4-len5		串聯 	2
iann2-giu5		營求 	1
sann1		sann ３ 三 相 衫 聲 	33
ving2-ziong3		名將 	2
ko1		元 呼 枯 圈 箍 	8
sin4-lim2		勝任 	1
gi2-diong1		其中 期中 	148
tuan5		傳 團 糰 	3
hong2-ki3		宏器 	2
gor4-rin5		果仁 個人 高人 篙人 	18
gun4		蚓 滾 頸 懇 	1
gam4		gam 敢 感 	6
gam1		gam 干 甘 柑 疳 乾 監 	89
gui4		gui 軌 鬼 幾 詭 	3
gui2		跪 匱 櫃 	8
gui3		季 癸 桂 氣 悸 貴 瑰 	4
gui1		圭 皈 珪 規 閨 龜 歸 	4
vun2-an3		文案 	1
duann2		段 惰 彈 憚 	1
a1		a 矣 亞 阿 啊 鴉 	305
a2		a 也 仔 	1118
a3		也 	1674
a4		也 仔 	35
cong3		創 愴 滄 闖 	2
gau4-hue2		教會 	4
hu5		孚 扶 芙 俘 浮 涪 符 魚 輻 苻 	4
hu1		夫 灰 孚 虎 俘 孵 敷 膚 	1
hu3		付 咐 附 訃 負 赴 副 埠 富 賦 跗 	4
hu2		父 負 婦 傅 富 腐 駙 	4
gong4-hen3		貢獻 	3
i4-zi3		以至 異志 意志 	11
kam4		kam 坎 砍 檻 	4
gun2-ziong3		群眾 	14
sun2-le4		巡禮 	1
mo2-ni4		摹擬 模擬 	2
bai4-li2		拜二 	4
si4-diam4		四點 	3
u4		宇 有 羽 雨 禹 寓 與 譽 	2
u1		u 汙 污 迂 於 淤 窩 	1
u2		有 預 豫 譽 	42
u3		污 	891
hue3		晦 貨 歲 誨 	7
hue2		卉 晦 畫 匯 會 話 慧 繪 蟹 	8
hue1		灰 花 恢 薈 	5
hue5		回 徊 迴 洄 	1
hue4		火 伙 悔 夥 誨 	9
din2		陣 鎮 	3
sing2-hua3		承化 	1
zuan1		專 鑽 	1
na4-e2		na會 那會 若會 哪e 哪會 	2
vor2-di2		無di 	1
tau2		毒 瀆 	5
tau5		頭 	4
vun2-li2		文字 	1
ze4-zor3		製做 	2
dionn2-so4		場所 	1
quan2-dan3		元旦 	9
in4-do2		引渡 印度 	21
hong4-bng4		放榜 	2
long2		long 弄 浪 量 踉 	6
long1		都 	387
so4-ui2		所謂 數位 	7
buann4-lo2		半路 	5
ga4-su4		假使 駕駛 	26
ga4-su1		家私 家書 	2
nia4		耳 領 嶺 	1
ziam1		ziam 占 尖 針 詹 瞻 簪 	1
gai4-ho2		改ho 	1
hui4-ue2		廢話 	1
ding4-gai4		頂gai 	1
hun4-luan2		昏亂 混亂 	1
dor4-dng4-ki3		倒轉去 	1
ga4-su4-bing2-iu4		駕駛朋友 	2
sang4-hue3		送貨 	5
ze4-zor2		製造 	1
penn2-o2-lang5		澎湖人 	1
ue1		丫 挨 鍋 椏 	1
lai5		來 徠 梨 萊 	391
lai3		裡 	40
lan2-guai3		難怪 	2
lai2-bin1		來賓 	9
zin4-den4		進展 	2
zai4-lai5		再來 在來 載來 	1
siann2-ci2		城市 	32
diam4-ri2		點字 	1
ziong4-lang5		眾人 	1
kor4		可 考 坷 拷 烤 	18
huai2		壞 	2
qam2-zing3		癌症 	5
gim2		妗 	2
gim1		今 金 矜 襟 	3
hiong4		享 響 	25
hiong5		雄 	1
hiong1		凶 兇 匈 洶 香 胸 鄉 	1
siong2-san1		松山 	3
kue2-sinn3		kue扇 葵扇 	1
ng2-gin1		黃巾 	1
zin4-hue3		進貨 	1
siau4-duann1		帳單 	2
ia4-sen2		厭sen 	1
tun2		填 	3
sua4-hong5		沙皇 	1
iu2-sen1		遊仙 	3
vor2-gong4		無講 	8
sin5		丞 臣 忱 辰 承 宸 神 晨 禪 繩 蠅 	2
lam2-gang4		南港 	8
rin2-sim1		人心 	1
kiam4-zinn5		欠錢 儉錢 	7
sinn3		姓 性 扇 	2
vor2-hau2		無效 	5
gior4-siann1		叫聲 	2
len2		煉 練 諫 斂 殮 臉 鍊 鏈 歛 	6
len3		碾 輾 	40
len1		len 蓮 	1
len4		撚 碾 輪 臉 輾 鍊 鏈 	1
len5		年 連 然 廉 漩 漣 漫 憐 憫 蓮 燃 聯 簾 	1
diau2-iong4		調養 	4
hui4-siann5		費城 	1
en2-hai4		沿海 	5
viau2-sia4		描寫 	1
vor2-ki4		無起 無齒 	5
bau1		包 庖 胞 苞 鮑 孢 	1
zue4-hor4		最好 	4
hua4-gang1		化工 	1
hor2-bing5		和平 	5
kiam2		歉 儉 	6
lai2-zin4-hing5		來進行 	7
nia5		娘 孃 	145
nia3		瞪 	1
gai4-han2		界限 	1
guann4-gin4		趕緊 	1
ang5		ang 昂 洪 紅 	2
ang1		ang 翁 骯 尪 舡 	5
gue4-ho2		過戶 	1
bor4-gor3		報告 	35
hui5		危 肥 瓷 	1
ing2-iong4		營養 	10
sui2-ben2		隨便 	1
cuan5		傳 僎 	2
cuan3		串 篡 竄 纂 	1
cuan1		川 村 穿 詮 	3
si2-tau2-lo2		辭頭路 	2
au2		后 後 	3
au3		au 朽 傲 懊 漚 	4
au4		拗 媼 嘔 毆 	1
lang2-gong4		人講 	2
giu4-hun1		糾紛 	4
binn1		篇 繃 鞭 邊 	4
binn2		病 鼻 	5
binn4		binn 扁 	7
dor4-bo3		道布 	1
zin4-ze2		真儕 真濟 	1
de2-zai5		題材 	3
qong2		憨 戇 	3
ping2-lun2		評論 	1
ki4-hun1		氣氛 	20
iu4-mi2-mi5		幼綿綿 	1
rin2-so3		人數 	9
vor2-la3		無啦 	1
nng2		２ 二 卵 兩 	13
o2		芋 喔 	167
hiang4		享 餉 嚮 響 饗 	1
quan2-iu5		原由 源由 	1
ni2-qua2		年外 	2
quan2-gang1		沅江 員工 	32
ai4-go3		愛顧 	2
guan4-si3		慣習 慣勢 	6
sing2-sim1		成心 誠心 	2
zin4-van2		真慢 	1
vun2-rin5		文人 聞人 	3
hu4-dong4		父黨 	3
bai4-so3		敗訴 	2
sun3		舜 遜 瞬 	3
sun4		sun 筍 損 	1
puann4-hing5		判刑 	5
lor2-sor1		牢騷 	1
go4-hiong1		故鄉 	14
dior2-ziu1		潮州 	1
lai2-lai2-ki4-ki3		來來去去 	1
dim2-dang2		沈重 沉重 	1
hiong2-sim1		雄心 	1
hong4-hen3		奉獻 風憲 	4
sia4-sia4-gior3		sia_sia叫 sia_sia叫 	4
dor4-bing5		倒旁 倒爿 	8
so4-gi3		數據 	1
vor5		帽 無 謀 	164
gun2-hong1		群芳 	12
gui4-hong1		鬼方 貴方 	1
bai4-bai3		拜拜 	1
me2-ni5		明年 	62
pinn1		偏 篇 	1
siu4-zai5		秀才 	1
tiann3		疼 痛 	18
tiann5		程 	11
tai4-iong2-ling5		太陽能 	8
ving2-cing1		名稱 	4
honn4-qin2		否認 	1
ong2-zu4		王子 	3
ping2-ge3		評價 	5
zing2-gam4		情感 	1
hui4-to5		廢土 	1
ue4		挖 矮 	1
ue5		鞋 	35
ue2		畫 會 話 劃 衛 	72
ue3		穢 	8
kia2-cia1		騎車 	14
hen2-an3		懸案 	1
vun2-suan1		文宣 	2
dan2		但 蛋 誕 	4
lia4		惹 	1
lia1		遮 	5
ting2-cia1		停車 	13
ben3		遍 變 	6
ben4		扁 砭 匾 貶 蝙 諞 	16
iu2-vin5		游民 	6
ginn4-vin2		見面 	22
tang2		tang 痛 	11
tang4		桶 筒 	1
diau2-zing4		調整 	8
sing2-gong1		成功 	34
enn1		嬰 	2
enn5		楹 	32
kong4-zing1		抗爭 	11
vu2-di1		無知 	1
ki4-zai5		器材 	1
vo4		bho 牡 牧 某 畝 	21
vo2		戊 牧 冒 茂 貿 募 墓 幕 慕 暮 穆 懋 	4
gi2-gu2		耆舊 	2
ki4-pai3		氣派 	1
lai2-ziau4-go3		來照顧 	4
hor4-vor5		好無 	1
ai4-mai2		曖昧 	2
siau4-lu4		少女 	8
zu2-hong1		雌風 	3
te2-mia5		提名 題名 	8
siu2-hun2		仇恨 	1
sng1		拴 星 閂 孫 桑 栓 痠 酸 霜 	6
ia1		呀 	2
ia2		也 亦 夜 頁 掖 腋 	4
ia3		ia 厭 揠 	20
tai4-gue4-hun2		太過份 	1
ling2-len5		仍然 凝然 	1
zai1		災 知 哉 栽 齋 	32
zai3		再 哉 載 	26
zai4		早 宰 載 	9
ho3		戽 	602
ho1		乎 呼 	1
len2-au2		連後 	32
rin2-kau4		人口 	4
zau4-ka1		灶腳 	16
kuann4-diong3		看中 	1
ki4-vi2		氣味 	9
iunn2-zong1		洋裝 	6
long2-vin5		農民 	92
zan3		棧 層 贊 讚 	2
cu4-ding4		厝頂 	16
diau2-zing5		調情 	1
ui2-gui1		違規 遺規 	11
len2-su4		連署 	9
zai4-sing1		再生 災星 	1
siann4		啥 	10
siann5		siann 成 城 	2
siann2		盛 	2
siann3		聖 	2
vua5		磨 	2
lin2-kuan5		人權 	9
lau4-pau5		lau跑 	1
go4-gi1		故居 	1
go4-su2		故事 	22
tai4-san1		泰山 	8
dai2-uan2-sing4		台灣省 	2
dong2-rin5		同人 同仁 唐人 瞳人 	2
kun4-liau4		睏了 	3
ve2-ki3		迷去 	2
ciann2-giann4		ciann囝 	1
cong4-di2		創治 	2
giam2-ve5		鹹糜 	2
si4-sing3		詩聖 	1
lui2-gong1		雷公 雷光 	1
gue4-hun2		過分 過份 	3
mau2		貌 	1
sue4-gim1		稅金 	7
hing2-zong2		行狀 形狀 	1
lau4-sai4		漏屎 	1
bor4-mia5		報名 	5
au4-ziu1		後周 歐州 歐洲 	1
lin2-kau4		人口 	4
tor4-bang5		套房 	3
siong4-pinn3		相片 	30
do2-ging3		途徑 	1
gau4-len2		教練 	17
ia4-siu3		野獸 	1
sia4		捨 寫 啥 	20
sia2		社 射 榭 謝 麝 	1
sia3		卸 舍 捨 赦 瀉 	6
siann4-lang5		啥人 	1
lau2-tui1		樓梯 	2
mo1		毛 摸 	1
mo5		毛 弁 牟 盲 髦 摩 摹 模 膜 磨 蘑 魔 	2
tue3		退 替 蛻 	1
quan2-bun4		元本 原本 	46
zng1		妝 莊 裝 磚 鐘 庄 粧 	2
zng4		種 	2
zng5		床 	1
ng2-dau2		黃豆 	1
san2		善 	3
kuan2-li2		權利 	8
diu2-du5		躊躇 	1
diong2-sin1		重身 重新 	24
ui2-gin1		圍巾 	1
sing2-hun1		成婚 	4
zen4-dau4-gi1		戰鬥機 	4
cu4-vi2		趣味 	11
ziau4-li4		照理 	2
iong5		洋 容 揚 絨 陽 溶 慵 榕 熔 瘍 蓉 融 嶸 鎔 	1
iong4		仰 勇 氧 湧 蛹 養 擁 踴 癢 	7
iong3		映 	76
iong2		用 佣 傭 	7
ga4-ki3		咬去 	1
gai4-siau2		介紹 	7
guan4-tau5		關頭 罐頭 	2
lin2-ui5		人為 	1
ving2-ving5		明明 冥冥 	18
sue4-ving5		說明 	16
ho4-ho2		戶戶 	1
sui2-au2		隨後 	8
song3		宋 相 送 訟 喪 葬 頌 誦 	2
hor4-hor4		好好 	10
vor2-kuan2-li2		無權利 	1
din4		din 振 震 	1
cu4-binn1		厝邊 	19
ben4-ben4-ben3		變變變 	1
dng2-si2-gan1		長時間 	4
kuann4-kin1		看輕 	1
hi4-hng5		戲園 	1
ce2		揣 	4
ce3		切 刷 砌 脆 廁 	5
qen2-qi4		言語 	1
lui3		兌 蛻 	1
za4		早 查 	23
za3		炸 詐 榨 	7
za2		炸 	2
za1		昨 查 紮 渣 楂 	7
guai4-ciu4		怪手 	2
qing5		仍 迎 凝 龍 	1
pai4-lang5		歹人 派人 	1
bing2-iu4		朋友 	96
ui2-zu4		為主 	6
tiann4-li4		聽你 	1
bor4		保 堡 葆 寶 	1
bor2		暴 	1
bor1		波 玻 缽 菠 褒 	4
vu3		bhu 	1
vu2		務 幕 霧 騖 瞀 鶩 	3
ham2-ho5		含糊 	1
zue4-gun2		最近 	17
penn2-o5		澎湖 	32
lai2-go4-ve4		來購買 	1
ai4-kuann3		愛看 	1
si2-zun2		時陣 	578
qi2-lan2-lang5		宜蘭人 	13
dai4-dong2		帶動 	2
kiam4-siau3		欠帳 欠賬 	1
kor1		刻 柯 科 苛 訶 軻 稞 窠 顆 珂 	14
kor3		可 誥 酷 課 銬 靠 洘 	1
vor2-zinn5		無錢 	13
ui2-ci5		維持 	10
sing2-bun4		成本 	21
vor2-cai4		無采 無彩 	2
gong4-ze3		公債 	1
sin3		迅 信 甚 訊 勝 釁 	37
sin2		甚 剩 腎 慎 葚 	63
sin1		申 伸 身 辛 呻 娠 紳 森 新 鋅 薪 馨 	18
mia2-cu3		名次 	2
lam2-bing5		南平 南爿 	1
lau4-kui3		漏氣 	1
am4-an1		暗安 	2
te2-qi2		提議 	2
hui4		虺 匪 喟 毀 翡 誹 燬 	1
hui3		沸 晦 費 廢 諱 穢 	3
hui2		卉 吠 虺 彗 晦 惠 賄 慧 蕙 	2
gior4-i2		叫伊 	16
iunn2-mui5		陽梅 楊梅 	3
quan2-vi2		原味 	1
gia4-pue1		寄pue 寄批 	4
tng5		傳 糖 	6
tng2		鍛 	2
tng1		湯 	3
to2-siann5		土城 	5
vor2		沒 帽 磨 	405
vor3		不 否 	177
vor4		母 牡 姆 拇 畝 蒡 	3
pun2-zai1		盆栽 	1
gen4-bor4		健保 	1
qun2-hang5		銀行 	1
iu2-quan5		猶原 	39
lu2-hor5		如何 	5
ui2-ham2		遺憾 	8
so4-siong2		訴訟 	1
vin2-zin4-dong4		民進黨 	206
lai2-hue2-pior3		來回票 	1
na4-zai1		若知 	1
giong1		弓 供 姜 宮 恭 躬 僵 疆 芎 	1
giong5		強 窮 	3
hing2-siong2		形上 形象 	7
ni2-do2		年度 	5
zen2-zin3		前進 	1
bai2-di2		排di 	1
zing4-su1		正書 證書 	3
ai4-ai4		藹藹 	1
zing4-gi3		証據 證據 	1
sun2-hue5		巡迴 	2
gim4-zi4		禁止 	1
lan2-guan1		難關 	2
gue4-tau5		過頭 	2
zi4-hau3		至孝 	1
gai4-liam2		概念 	4
en1		咽 胭 淵 焉 湮 腌 菸 煙 鉛 嫣 鳶 醃 燕 堙 臙 	4
en4		en 衍 偃 演 	1
dua4-buann5		大盤 	1
sin2-ging1		神經 	2
en2-lo2		沿路 	3
ai4-bi1		哀悲 	1
en2-dau5		緣投 	5
si2-bor3		時報 	1
sin4-do5		信徒 	2
lai2-quan5		來源 	7
cu4-zu4		厝主 處子 	12
lor2-gang1		奴工 勞工 	35
zue4-sin1		最新 	4
ven4		免 勉 娩 冕 緬 	23
lim2-liau4		臨了 	2
iunn2		樣 	1
qen2-lun2		言論 	2
zai2-zing3		財政 	6
uan4-tan3		怨嘆 	3
giu4-ze3		救濟 	2
can2-hng5		田園 	2
dong2-dai5		同台 	1
sun2-li2		徇利 殉利 純吏 純利 	1
pun3		噴 	2
vu2-sim1		無心 	1
vin2-kuan2-lo2		民權路 	1
lai2-giann5		來行 	3
senn4-mia2		生命 性命 	16
lau2		老 婁 漏 鬧 	18
lau4		lau 老 荖 	2
gong1		gong 工 公 功 光 攻 岡 剛 宮 胱 崗 筐 綱 	1183
gong3		貢 槓 曠 摃 	2
gong5		狂 強 誑 	1
gong4		況 管 廣 講 	320
diau2-gai4		調解 	1
hu4-li4		婦女 富里 	5
iam2		炎 焰 艷 豔 	8
iam3		厭 	1
senn4-lim5		姓林 	1
su4-hong1		四方 	1
gang4-ge2		降低 	12
zin4-siu1		珍羞 進修 	1
huan4-gui1		犯規 	1
gau4-ui2		gau位 九位 到位 	8
zu4-sia2		注射 	4
di4-i3		致意 	1
giu3		究 咎 疚 糾 救 	1
qi2		二 字 貳 義 語 餌 議 	2
ve2		bhe 未 妹 袂 麥 買 賣 謎 	34
ving2-long4		明朗 	1
dui3		對 綴 	3
dui2		兌 隊 墜 墮 	7
dui1		追 堆 	1
sin2-gong1		晨光 	1
zing2-ni5		前年 	1
pue4-bi2		配備 	1
iu2-hi3		遊戲 	6
hiong4-siong2		向上 	1
dang2-si5		dang時 	17
ha1		呵 哈 	4
ha2		下 夏 廈 	2
guan2-li2		權利 	1
po4-zu4		鋪子 	1
a4-ziu1		亞洲 	1
tau4-lau2		透漏 	1
vin2-ziong3		民眾 	325
vue4-a4		尾仔 	1
zu4-diong2		自重 注重 	2
diu3		晝 	1
zin4-bo2		進步 	14
buann4-bo1		半晡 	2
dong2-si5		同時 	160
cau4-tau5		臭頭 	1
ci4-kuann4-mai2		試看mai 	10
ior5		搖 窯 	1
ior3		喲 	2
ior1		么 育 腰 養 邀 	4
zan4-zo2		贊助 	2
ing2-zong4		榮總 	3
si2-ca1		時差 	1
ben4-sing5		便成 變成 	3
bing2-siong2-sim1		平常心 	1
rin2-vin5		人民 	18
hun2-duan1		雲端 	2
lai2-dai5		來台 	1
dng5		長 唐 堂 湯 塘 腸 糖 	10
dui4-hong1		追封 追風 對方 	34
hui4-iong2		費用 	26
dng2-gi5		長期 	26
ti1		ti 黐 	2
ke4-gi1		契機 	1
sang3		送 	7
sang4		sang 	26
cui4-dun5		嘴唇 	1
hing2-zing4-ku1		行政區 	1
cing4		請 	2
hing2-zing4-kuan5		行政權 	2
zia1		zia zia 嗟 遮 	104
zia3		炙 借 蔗 遮 鷓 	2
zia4		姐 者 	14
vin2-sing1		民生 	1
ga4-si2		教示 	2
or4		襖 	4
zen4-zing1		戰爭 	3
kor4-se3		苛細 	1
hun4-kai3		憤慨 	1
tiam1		添 	2
tiam4		忝 諂 	10
ciann4		且 請 	13
ciann2		ciann 	1
si4-e2-lang5		四個人 	21
dai2-qi4		台語 	7
honn4-lin2		否認 	1
ding2-cing1		澄清 	6
lai2-ki3		來去 	13
tau2-siann5		頭城 	2
vang2		望 夢 網 	2
vang5		忙 芒 氓 盲 茫 濛 	1
do2-hing5		徒刑 徒行 圖形 	2
i2-zing5		移情 	2
so4-cai3		蔬菜 	1
dong2-de2		同地 	36
su2-gi1		殊技 	59
zing4-do5		正徒 正途 征途 	1
pong4-i4		膨椅 	1
rin2-kuan5		人權 	4
huai2-qi5		懷疑 	14
gi4-siau3		記帳 記賬 	1
tai4-tai3		太太 	22
bue2-i2		陪伊 	1
hiong2-hiong5		雄雄 	54
dng2-gi2-lai5		長期來 	2
dor4-diau3		倒吊 	1
go4-diau2-diau5		顧diau_diau 	1
lai2-giann2		來件 	1
si3		世 四 序 習 勢 弒 肆 薛 	4554
si1		尸 司 西 私 屍 思 施 書 絲 視 須 詩 鷥 	5
si4		矢 死 始 	14
lau2-guann2		流汗 	2
din2-zing2-su1		陳情書 	1
ting2-zi4		停止 	5
na3		乍 哪 	187
na4		那 拿 納 欖 	78
kau4-diau2		扣掉 	2
din2-zing5		陳情 	9
liu2-luan5		流戀 留戀 	1
de2-vi4		茶米 	3
se4-gai3		世界 	40
ui1		ui 威 崴 葳 	1
ui3		為 畏 尉 慰 蔚 衛 謂 	55
ui4		委 韋 偽 偉 萎 痿 緯 諱 	46
hue2-siu1		回收 	5
gi2-a4		旗仔 	4
quan2-ban4		原版 	1
quan2-lai5		原來 	45
gia4-hu3		寄付 寄附 	1
can5		田 殘 纏 	3
can1		餐 	2
ang2-ang5		昂昂 紅紅 	1
ru2-ga1		儒家 	1
mia2-siann1		名聲 	7
ui2-te4		遺體 	9
lun2-dun1		倫敦 	12
vor2-zun4		無準 	2
sai4		使 屎 駛 	1
sai1		司 西 私 師 犀 獅 腮 鰓 螄 	3
qin2-hang5		銀行 	12
zin4-zing5		晉前 真情 進前 盡情 	179
zin4-dang2		真重 	1
bai3		拜 跛 	1
bai2		敗 	6
bai5		徘 排 牌 碑 	3
bai4		跛 擺 	2
sann4-diam4		三點 	1
vor2-i1		無醫 	3
dai2-uan2-su4		台灣史 	2
im1		音 淹 猓 陰 	2
buann4-gu4-ue2		半句話 	1
ben4-te4		變體 	2
i2-ci5		維持 	3
iu2-dong5		油桐 	1
kong4-so3		控訴 	8
diam1		沾 砧 	2
diam3		diam 店 玷 站 	17
na2-giu5		籃球 	3
zuan2-se4-gai3		全世界 	79
diong2-vun5		重文 	4
ai4-hu3		愛付 	2
da4-sim1		焦心 	3
hor2-cuan1		河川 	2
giu4-ho2		救護 	1
buann4-ni5		半年 	6
ham1		和 蚶 酣 頇 	1
ting2		挺 	1
ge4-gang1		雞公 	2
vor2-guainn1		無關 	1
diong2-gen3		重見 重建 	3
ai4-sim1		愛心 	4
ze4-lang5		濟人 	1
ki3		去 企 汽 氣 棄 器 據 	61
ui2-gong1		圍攻 	1
dng2-gun5		長裙 	1
ging4-siau1		經銷 	1
ging4-qen5		井然 竟然 競言 	2
or4-ziu1		澳洲 	9
zuan2-vin2		全面 	10
gi2-ni5		期年 	1
sang4-zui4		送水 	4
kuann4-hai4		看海 	1
guan4-cuan1		貫穿 關穿 	1
hu4-zinn5		付錢 	1
dai2-uan2-qin2-hang5		台灣銀行 	2
hun4-dau3		奮鬥 	2
sing2-rin2		承認 	3
zan2-ging1		曾經 	2
liong2-tam5		龍潭 	2
ai4-zu4-i3		愛注意 	6
ting2-zui4		停水 	1
zen2		賤 踐 戰 餞 濺 薦 	4
zen5		前 錢 	4
bai2-ban4		排版 	2
bai2-ban1		排班 	2
diam4-lai2		店內 	6
cior4-iong5		笑容 	4
sau3		哨 掃 嗽 	1
bor4-ging4		報警 	1
sui2-si5		隨時 	20
sim2		甚 慎 	9
sim3		滲 	5
sim1		心 芯 參 森 新 蔘 	33
sim4		忱 沈 審 瀋 	2
bai2-giu5		排球 	2
vor2-iau4-vor2-gin4		無要無緊 	7
sinn4-mia2		生命 性命 	7
gau4-dng5		教堂 	6
ai4-gong4		愛講 	1
kor4-bun4		課本 	1
go4-cu3		古厝 顧厝 	3
diam4-mia5		店名 點名 	2
cim1		侵 深 	2
guan1		官 冠 娟 捐 棺 鵑 關 鰥 觀 	3
guan5		guan 懸 權 峘 	14
giu4-hue4		救火 	1
tiau4-lai2-tiau4-ki3		跳來跳去 	2
hiong4-zing5		向前 	1
vin2-ing2-hua3		民營化 	1
lor2-ma4		羅馬 	3
hen3		憲 獻 	2
zing2-ging4		情景 	2
hu4-inn4-diunn4		副院長 	1
ziong2-iong5		從容 	1
liu5		柔 流 琉 留 梁 硫 揉 榴 遛 瘤 魷 蹂 瀏 籀 飀 	1
ci4		侈 取 杵 鼠 	4
qin5		人 仁 銀 	1
qin2		ghin 任 認 	3
pue4-de5		配茶 	1
iau2-qen5		謠言 	1
gin4-a2		gin_a 	1
zu4		子 主 梓 煮 	30
ga4		假 絞 賈 	94
ga2		ga 共 咬 	107
ga3		教 價 稼 駕 	418
ve4		尾 美 馬 買 瑪 碼 賣 	32
hing2-ui5		行為 	20
zing2-su2		情事 情緒 	1
zing2-su1		情書 	1
ge4-zinn5		價錢 	3
lu4-e2		愈會 	1
ding1		丁 仃 叮 汀 酊 釘 登 徵 燈 玎 	16
ding2		ding 仗 定 訂 鄧 錠 靛 碇 	6
ding3		訂 釘 凳 	3
ding4		頂 等 鼎 種 騁 	28
lun2-ban1		輪班 	2
ting2-den2		停電 	3
vor2-lai5		無來 	4
ng2-hi5		黃魚 	1
ba4		把 飽 	33
gau4		九 玖 狗 垢 狡 搞 蚼 	248
gau5		猴 	1
gau2		厚 	9
gau3		到 垢 校 夠 教 詬 較 構 酵 	13
gau1		gau 勾 交 郊 蛟 溝 睪 跤 鉤 鮫 茭 	8
diau2-giann2		條件 	17
gau4-an3		gau案 教案 	4
zu2		自 住 柱 就 註 聚 駐 驟 炷 	2
zu1		朱 侏 咨 姿 書 株 殊 珠 茲 茱 硃 滋 蛛 誅 資 緇 諸 諮 姝 	22
dui4-tai2		對待 	5
bor4-dor2		報導 	183
mai4-gong4		mai講 	5
pi1		丕 披 被 帔 	3
pi5		皮 疲 脾 評 	1
vor2-vang2		無望 無夢 	1
ui2-tuan2-sing3		遺傳性 	1
giu4-lang5		救人 	14
rin2-hing2-dor2		人行道 	5
dang4-sng1		冰霜 凍霜 	2
zong4-guan1		壯觀 	3
am4-kam3		暗崁 	1
ho4		否 虎 唬 琥 滸 	48
zue4-zior4		最少 儕少 	1
i2-sing2		餘剩 	5
dong2-cong1		同窗 	3
zu4-qi2		主義 諮議 	1
ving2-cinn1		明星 	12
len2-dai2		聯大 	1
iu2-tang4		郵筒 	1
liam2-mi2		連鞭 	5
zing4-sing5		精誠 	1
siong4-gi1		相機 	1
cai4-hng2-a4		菜園仔 	3
diau2-za1		調查 	70
iu2-gorh1		猶gerh 	35
dai5		台 苔 埋 臺 	4
dai4		歹 佗 逮 	1
dai3		代 待 帶 戴 黛 	5
dai2		大 代 怠 殆 帶 袋 貸 逮 戴 黛 	8
dua4-zia1		dua_zia 	1
siunn3		相 唱 	60
sng4-siau3		算siau 算帳 算數 算賬 	7
ni2-tau5		年頭 	1
dng2-a4		腸仔 	3
tai4-bing2-iunn5		太平洋 	1
ai4-ga2		愛ga 	8
hang5		行 杭 降 航 	3
hang2		巷 項 	3
hang3		hang 胖 	1
zuan2-dai5		泉台 	8
giam2-muai5		鹹糜 	2
tau4-mi5		透暝 	4
lai2-ding2-cing1		來澄清 	1
zong1		妝 宗 奘 莊 棕 裝 綜 樁 鍾 蹤 鐘 贓 椿 粧 	8
giu2-hun1		求婚 	2
suann1		山 	2
benn2-bo1		平埔 	2
ben4-hing5		鞭刑 變形 	4
zang2-me5		昨暝 	2
tor2-hue1		桃花 	1
zuan2-suann3		全線 	3
ziau4		沼 鳥 	12
gue4-ciu4		過手 	1
li2-gi5		離奇 	4
zor4-can5		做田 	3
iunn2-a4		羊仔 	3
giam5		鹹 鹽 	1
dau4-cui3		鬥嘴 	1
zang5		昨 叢 欉 	172
zang1		章 棕 鬃 贓 髒 	1
lai2-se3		來世 	1
zor4-zing3		左證 做證 	1
cing4-zen3		槍戰 	3
uann2		換 	7
uann3		晏 	23
uann4		碗 	2
gim4-ling2		禁令 	1
cua2		cua 娶 	7
len2-zi4		蓮子 	1
zor4-hong2-de3		做皇帝 	1
mng2-kau4		門口 	16
mua2-iu2-ge1		麻油雞 	4
zin4-hing5		進行 	23
kuann4-benn2		看病 	11
zuan2-giu5		全球 	19
hor2-zui4		河水 	2
liong5		戎 良 容 茸 梁 絨 量 隆 溶 熔 融 龍 窿 糧 壟 朧 蘢 	1
biann4-sau3		拚掃 	2
dau4-due4		到底 	2
ge4-sing5		繼承 	6
hong4-sang4-tau5		放送頭 	1
vor2-kui3		無愧 	1
pue2-hu1		皮膚 	5
de2-zng1		茶磚 	2
zan4-sing5		贊成 	9
gua4		寡 	2
gua3		卦 掛 蓋 褂 	7
gua1		呱 括 柯 歌 	4
lai2-sun2-mng2		來詢問 	2
tuan2-dui2		團隊 	11
vin2-i4-dai4-biau4		民意代表 	4
in4-siong4-diong1		印象中 	2
suan4-tau5		蒜頭 	10
le1		咧 	37
le3		咧 	79
le2		例 戾 荔 厲 勵 隸 癘 麗 礪 儷 蠣 糲 鸝 	23
le5		梨 犁 璃 黎 蕾 螺 檸 麗 藜 	6
due4		底 短 貯 	9
cau4-da1		臭礁 	1
huan2-ging4		環境 	4
cui4-nua2		嘴瀾 	2
hong2-giong1		皇宮 黃宮 	1
ui2-bue2		違背 	1
ziann2-ze2		ziann濟 	6
long2-hu1		農夫 	1
gue4-guan1		過關 雞冠 	4
bing2-dai5		平臺 	1
bang4-zui4		放水 	1
so4-ri2		數字 	4
tau2-zang1		頭鬃 	2
la2		撓 臘 蠟 躐 	54
qam2-se4-bau1		癌細胞 	6
pue4-cai3		配菜 	1
lai2-ci2		來飼 	1
pior4-bang5		票房 	7
i4-ai3		意愛 	2
vor2-ciunn3		無唱 	5
rin2-suan4		人選 	3
su4-si2		四序 舒適 賜示 	7
tau4-ving5		透明 	2
kong4-kenn1		礦坑 	1
si4-ging1		詩經 	1
gam4-gong1		感光 	1
zan4-zo1		棧租 	1
qin2-ge1		人家 	1
hong2-ui2		防衛 	1
am4-mi5		暗暝 	5
cam4		慘 	2
dng4-a2		轉a 	1
de2-go4		茶鼓 	3
su3		四 伺 泗 思 恕 庶 斯 舒 肆 肄 飾 賜 駟 	5
ziu4		守 肘 帚 酒 就 	17
ziu1		州 舟 周 洲 週 鄒 蜩 漿 睭 	6
ziu3		咒 蛀 	2
zor4-puann2		做伴 	4
ziau4-go3		照顧 	32
lai2-ciann4		來請 	1
ging4-suan4		競選 	2
gai4-cu4-vi2		蓋趣味 	1
kuann4-e2		看會 	1
gen4-hau2		見效 	1
por1		per 坡 波 	2
zor4-hue4		做伙 	20
zor4-hue2		藻繪 	1
iu2-hing5		游行 遊行 	4
zor4-hue1		造花 	95
gun5		gun 拳 窘 群 裙 焄 	1
gun2		近 郡 	2
gun1		巾 斤 君 均 軍 根 筋 鈞 跟 	14
hi2-gang4		魚港 漁港 	2
hiam2-qi2-huan2		嫌疑犯 	3
zai2-tuan5		財團 	4
in4		允 引 飲 隱 癮 	1
in1		in 因 姻 恩 殷 茵 堙 	19
in3		印 胤 應 	5
in2		in in 孕 	349
tor4-zong1		套裝 	1
ze4-do2		制度 	18
ziann4-bing5		正旁 正爿 	3
diam4-vin2		店面 	6
hai2		亥 害 駭 壞 	4
cong4-zor2		創造 闖坐 	2
zong2-bai3		崇拜 	1
quan2-hing5		原形 	1
lam2-bing2-iu4		男朋友 	7
ai4-gai4		愛改 	2
lor2-dang1		羅東 	1
diong2-king3		重慶 	6
to2-dau2		土豆 	8
u4-liam4		汙染 污染 	1
tan4		疸 袒 毯 氈 	21
ben4-hua3		變化 	17
qin2-pior3		銀票 	2
bing2-hing5		平行 平衡 	2
ca2-iu5		柴油 	10
len2-sua3		連續 	14
te4-hue5		退回 	1
kuann4-ginn3		看見 	1
dau2-pior3		投票 	11
bai2-en1		排煙 	1
bai2-en4		排演 	1
ai4-zinn5		愛錢 	2
dang4-si3		東勢 	1
ing2-vun5		榮聞 	11
guai4-guai3		怪怪 	11
sing4-de2		生地 性地 勝地 聖地 	4
sing2-quan5		成員 	5
ciann4-lang5		請人 	1
ling2-ha2		鈴下 零下 寧夏 	2
gi2-ka4		奇巧 	3
uan2		媛 援 緩 	24
liau2-ling5		遼寧 	1
len2-ciu4		聯手 	3
ting2-do2		程度 	12
ge4-sng3		計算 	2
dui4-kong3		對抗 	3
giu2-zuan5		求全 	1
te4-hue2		體會 	1
se4-hang2		細項 	1
ong5		王 	5
ong4		往 枉 	1
ong2		旺 	1
ong1		汪 翁 嗡 	3
ai4-tiann1		愛聽 	1
vor2-de4		無底 	1
te4-in2		替in 	6
gue4-ding2-diong1		過程中 	1
giam4-gong1		劍光 	1
qu2-ling1		牛奶 牛乳 	9
vor2-ting5		無停 	1
bin2-zing3		憑證 	1
hue2-hiong3		回向 	3
ze4-vu2		債務 	10
sun2-sun5		巡巡 	2
dui4-lan4		對咱 	2
si4-ni5		四年 	9
hong2-dong2		鴻洞 	1
sang1		桑 送 鬆 	8
to2-ka1		土腳 	34
kai4-e2		kai會 	1
gi2-guai3		奇怪 	16
dng2-dng5		長長 	1
ki4-hau2		氣候 	11
hu2-a4		符仔 	1
dong2-su1		唐書 	2
zing4-hing5		進行 	4
bing2-an1		平安 	10
zing2-lin5		情人 	1
diong5		長 重 蟲 	3
iu2-hui3		郵費 	6
vor2-liong2-sim1		無良心 	3
sing2-gi2		繩妓 	1
or3		奧 澳 襖 	124
or2		萼 禍 	4
or1		呵 阿 倭 媧 渦 萵 窩 蒿 蝸 鍋 	1
diong4-hong1		中風 中鋒 	5
ge4-ue2		計畫 計劃 	24
le2-vong4		檸檬 	2
ing4-gai1		應該 	19
long4-si4		撞死 	1
quan2-gor3		原告 	1
zen4-gi1		賤技 薦居 	2
zia5		誰 	1
vor2-li4		無你 無理 	2
tau2-mo1		頭毛 	5
gui4-rin5		貴人 	1
go4-ding2		固定 	6
ham2-liong2		含量 	1
quan2-im1		元音 原音 	2
vu2-go1		無辜 	3
pue2-bau1		皮包 	1
guan2-da4-e5		guan踏鞋 	4
inn2-suann1		圓山 	1
cong4-ban2		創辦 	1
mai4-guan4		mai管 	2
vun2-ziunn1		文章 	4
ko4		苦 許 	5
diau2-le2		條例 	2
lin2-zing5		人情 	4
vor2-den2		無電 	2
mui2-gui4-hue1		玫瑰花 	4
mia5		名 	14
bor4-im1		播音 	1
long2-de2		農地 	2
tuan2-diunn4		團長 	1
nau2		鬧 	2
nau4		nau 惱 瑙 腦 	1
hua2-lin5		華人 	1
cai4-hng5		菜園 	1
diau1		刁 凋 彫 朝 貂 碉 雕 鯛 鵰 	1
qi4-qi2		二二 字義 	1
e2-iu5		鞋油 	1
o2-kau4		湖口 	3
pau4-hue4		砲火 	1
hai4		海 	5
lai2-mng2		來問 	1
vor2-gau4-kui3		無夠氣 	2
m3		ｍ 嗯 	118
gi2-diong2		綦重 	1
en2-dng5		延長 	4
ci4-ban2		試辦 	1
qo2		五 悟 晤 誤 	11
bng2		飯 	6
bai4-qo2		拜五 	12
tau2-vue4		頭尾 	1
ui2-huan4		違反 	1
cam3		塹 懺 讖 	6
song4		爽 	3
ling2-hun5		凌雲 靈魂 	1
ziau4-gong4		照講 	2
sng4-zinn5		算錢 	1
gi2-pau5		旗袍 	1
diau2-kuan4		條款 	4
mai5		埋 	1
kong4-diunn5		空場 	4
si4-hue3		四歲 	1
su2		士 仕 伺 似 序 私 事 侍 祀 俟 述 書 敘 絮 署 緒 嶼 笥 	7
guann2-tinn1		寒天 	7
tue4-bo2		退步 	1
ben2		便 辨 瓣 辮 辯 	2
tan3		炭 探 趁 嘆 碳 歎 	4
hang2-ga1		行家 	2
zen4-dau3		戰鬥 	1
dai2-ding4		台頂 	4
vor2-ing5		無閑 無閒 	28
zen4-au2		戰後 	3
iu2-tai4-lang5		猶太人 	3
lo5		lo 奴 婁 虜 盧 螺 廬 爐 蘆 顱 鱸 	1
gong4-uan5		講完 摃丸 	2
sing4-li2		生字 生利 勝利 	4
li2-cing1		釐清 	1
vor2-ban2		無範 無辦 	1
gu2		灸 具 拒 炙 俱 距 舅 颶 舊 懼 	3
gu4		久 韭 矩 莒 舉 	12
diunn2-vin2		場面 	18
vo3		否 	17
tiam2		沉 	2
iu2-hi4-diunn5		遊戲場 	1
i2-zin2		餘燼 	1
genn3		徑 	1
bue2-iong4		培養 	4
kuann3		看 	106
lo3		陋 露 囉 	25
lo2		陋 賂 路 漏 滷 裸 露 鷺 	17
lo4		努 鹵 惱 虜 滷 魯 擄 櫓 	1
ang2-ri2		紅字 	1
kuann4		款 	143
gong4-gu1		摃龜 	1
pau4-duann5		砲彈 	2
mi2-pue2		棉被 綿被 	1
dua4-ho2		大戶 大雨 帶ho 	1
dior4-hi5		釣魚 	1
sin4-liam2		信念 	2
gi4-liam2		紀念 記念 	1
ging4-hong1		景風 經方 警方 	126
bang1		邦 枋 板 班 崩 蜂 幫 	2
dim4-tau5		dim頭 	2
tng4-diau2		褪掉 	1
diunn5		場 	1
gau4-dann1		到dann 	11
ui2-gim4-pin4		違禁品 	4
senn4-si1		生絲 	1
giu2-zing3		求証 	1
giu2-zing5		求情 	3
in4-siong4		印象 	9
siau4		小 少 韶 痟 	1
siau2		紹 韶 劭 	4
ing2-lang5		閒人 	1
vong1		bhong 摸 	1
vong2		妄 忘 望 墓 夢 網 	3
zue4-gor1		最高 	4
guan4-cun1		眷村 	1
ling2-li2		伶俐 凌厲 能吏 	1
dong2-zi3		同志 	8
zau4-ki3		走去 沼氣 	3
di2-dor3		遲到 	3
dng4-lai5		轉來 	1
sin4-hor2		信號 訊號 	5
di4-hia1		di_hia di_hia 	2
bing2-si5		平時 	9
ling1		奶 乳 	2
ling2		令 另 楝 領 鴒 濘 	2
ling4		伶 冷 領 嶺 	6
ling5		仍 伶 玲 苓 凌 能 羚 翎 聆 蛉 陵 菱 稜 鈴 零 寧 凝 鴒 龍 嚀 濘 檸 齡 靈 淩 	1
dau2-so3		投訴 	8
lim2-si2-hue2		臨時會 	2
te4-uann2		退換 替換 	1
lang2-so3		人數 	2
suan5		玄 旋 漩 璇 	1
suan4		選 	5
suan3		算 蒜 	1
suan2		訕 順 漩 鑽 鏇 	1
suan1		suan 宣 軒 喧 暄 萱 酸 楦 	8
zuan2-bo2		全部 	79
long2-rin5		狼人 農人 	1
gau4-vue4		gau尾 交尾 到尾 	1
pau4-mi2		泡麵 	3
kuann4-kuann3		看看 	1
gue4-liau4-hor4		過了好 	1
len4-dng4		輾轉 	1
vor2-lang2-dua3		無人dua 	4
hau4-sim1		孝心 	3
bing2-siong5		平常 	14
ziong2-gun1		從軍 	2
ai4-ciunn3		愛唱 	1
i2-lu2		餘裕 	2
hong2-cai4		虹采 虹彩 	1
hong4-kuan1		放寬 	1
vor2-zue2		無罪 	7
zing4-siong2-lang5		正常人 	2
ang2-de5		紅茶 	3
long2-hue2		農會 	13
king4-den4		慶典 	1
ai4-rin5		愛人 	1
diunn2		丈 	1
sin2-ho2		神戶 	3
zue4-zing3		罪證 	1
vun2-gu2		文具 	1
si2-gi5		時期 	2
liang5		良 梁 涼 然 量 粱 樑 莨 	1
hng2-ku1		園區 	4
cing4-zi4		青紫 鎗子 銃子 	7
gann4		敢 	1
gann1		gann 柑 監 橄 	15
hong5		hong 弘 妨 宏 防 房 肱 肪 洪 皇 紅 虹 凰 逢 寒 徨 惶 隍 黃 煌 遑 蓬 蝗 磺 縫 鴻 簧 簞 潢 熿 蟥 	48
hong2		奉 俸 鳳 諷 鬨 縫 	9
hong1		丰 方 坊 肪 芳 封 風 香 峰 烘 荒 烽 慌 楓 蜂 瘋 鋒 諷 鬨 謊 豐 轟 	5
gau4-hun3		教訓 	3
ui2-le2		為例 違例 	1
gue4-ding5		過程 	19
hu4		甫 府 斧 俯 圃 釜 脯 腑 腐 輔 撫 蕪 	4
zen1		煎 箋 氈 	1
dau4-cue2		鬥cue 	1
ting2-bor3		呈報 停播 	1
cui4-pinn3		碎片 	2
sui2-len5		垂簾 	168
hua2-hu4		華府 	7
o2-lam5		湖南 	4
lam2-dau2-guan2		南投縣 	5
tuan2-sing5		傳承 	3
dua4-inn2		dua院 住院 	7
mo2-hong4		摹仿 模倣 	1
za4-pen3		詐騙 	11
i2-gong1		餘光 	175
sing4-ging1		聖經 	1
liau2-zui4		liau水 	2
tinn1		天 添 縫 廳 	6
so1		疏 酥 搜 蒐 蔬 穌 蘇 	51
so3		素 訴 數 	3
so4		所 索 鎖 	1
diann1		聽 	1
diann2		定 訂 電 錠 萣 	4
diann4		鼎 	1
liong2-sim1		良心 	3
mia2-duann1		名單 	15
diong2-diong5		重重 	2
hong4-ki3		放棄 風氣 	9
hong4-ki4		蜂起 鋒起 	8
vong4		罔 惘 莽 網 蒙 蟒 檬 懵 	1
hiu4		朽 	1
an4-zing5		案情 	9
hing2-an3		刑案 	2
cing3		cing 倩 秤 槍 鎗 爨 凊 銃 擤 	16
cing2		穿 	12
cing1		千 仟 青 清 菁 槍 稱 癥 	2
ging4-gor3		警告 	6
hor4-ki3		好去 好氣 浩氣 	1
gai3		介 戒 屆 芥 界 溉 鈣 概 蓋 誡 	1
gai1		皆 家 偕 揩 開 階 該 	8
gai4		改 解 	8
zi4		止 只 旨 址 姊 芷 咫 指 祉 祇 籽 祗 紙 脂 趾 紫 詣 鼠 枳 黹 	59
zi3		至 志 蛭 輊 誌 幟 摯 	4
zi2		舐 	1
len2-rim2		連任 	2
hun5		紜 痕 渾 焚 雲 琿 魂 墳 	9
hun3		忿 訓 混 憤 奮 糞 	1
hun1		分 吩 汾 昏 氛 芬 紛 婚 暉 暈 煙 葷 勳 燻 薰 醺 堙 熏 	2
hun2-liong2		雲量 	1
bo1		甫 埔 鋪 晡 	6
bo3		布 佈 怖 傅 播 	7
bo4		bo 斧 哺 捕 浦 脯 補 	1
vor2-siann1		無聲 	10
liu2-long2		流浪 	1
zinn3		政 箭 諍 	2
zinn2		舐 	2
zinn5		晴 錢 簷 	92
tam2-hu4		潭府 	2
vor2-huan2-vor2-lor4		無煩無惱 	1
ci4-qiam2		試驗 	2
ge4-ding5		街亭 過程 	1
bang4-ciu4		放手 幫手 	3
hong2-bi2		防備 	1
ni2-de4		年底 	17
ge4-ding2-cia1		計程車 	36
kui1		開 窺 雕 虧 	11
lai2-zor3		來做 	14
de1		低 	7
de3		de 帝 娣 退 塊 蒂 綴 遞 締 諦 戴 	30
de2		地 弟 娣 第 袋 遞 締 	6
de5		茶 啼 提 蹄 題 	18
de4		底 抵 邸 柢 砥 短 詆 貯 	11
zor2-vu2		曹務 	1
am4-hue2		暗會 	2
hua5		划 華 滑 嘩 樺 譁 	1
tai4-vor2		苔帽 	1
ben4-liau4		變了 	4
lam2-kor1		南柯 	3
dng4-ki3		斷去 轉去 	30
kor4-ding5		考亭 課程 	4
dai2-lam2-ci2		台南市 	31
quan2-liau2		原料 	6
mng2-kam4		門檻 	1
ki4-se3		去世 去勢 氣勢 棄世 	3
gue4-au2		過後 	4
hue4-pior3		匯票 	1
ria1		遮 	4
zing4-ling5		精靈 	1
cu4-lai2		厝內 	46
ziunn2-zi5		蟾蜍 	5
vuan5		瞞 蹣 	1
iam5		炎 鹽 	2
bue4-ging4		背景 	1
an4-ne1		an_ne 按呢 	1
dinn2		滇 鄭 	1
dinn1		dinn 甜 	13
hue4-be3		貨幣 	1
dai2-se1		台西 臺西 	2
vor2-lang5		無人 	6
vor2-sui4		無sui 	1
go4-diam3		顧店 	4
kun4-vin5		睏眠 	2
ging4-cia1		警車 	1
long2-do2		濃度 	2
zang2-am3		昨暗 	14
si2		氏 示 寺 序 事 侍 峙 施 是 敘 豉 絲 視 署 誓 豎 適 	262
si5		時 匙 辭 	82
lua5		籮 	1
lai2-bi4		來比 	2
vor2-bo4		無補 	1
ho2-lui4-lui3		糊lui_lui 	3
tau2-a4		頭仔 	4
tau4		tau 	2
ziam4-iong2		佔用 	1
tiau1		刁 佻 挑 迢 	1
tiau3		眺 跳 	1
tiau2		柱 	3
hing2-sing5		行成 形成 	7
i4-ging1		已經 	1
hu4-ciu4		負手 副手 	4
en4-or1		燕窩 	6
di4-su4		致使 	5
di4-su5		致辭 置辭 	5
di4-su1		致書 	14
ting2-hen3		呈獻 	1
ga4-ziau3		駕照 	2
dang2-ni5		同年 	1
bai4-hong4		拜訪 	3
gong4-a2		講啊 	4
bing2-li4		評理 	1
na2		na na 那 若 鐃 	19
na5		林 藍 嚨 籃 	2
zin4-zai1		震災 	1
iong2-ving2-san1		陽明山 	2
sing2-qin2		承認 	2
giunn1		羌 腔 薑 	4
liong2		冗 亮 量 諒 輛 釀 	6
im2-zui4		淫水 	6
si2-gong1		時光 	1
ong2-pin4		王品 	2
buann4-mi5		半暝 	6
zong2-hong1		藏鋒 	1
quan2-in1		原因 	52
lang2-ling1		人奶 	1
pua4-ki3		破去 	1
hiam5		咸 嫌 	1
lang2-tau5		人頭 	1
di4-hui2		智慧 	1
ui2		位 為 畏 胃 尉 渭 畫 蔚 衛 謂 蝟 	21
ting2-gang1		停工 	2
gue4-dau3		過晝 	4
hong2-diau5		皇朝 	2
lai2-dam5		來談 	1
sue2		銳 	1
benn2-guan5		平guan 	1
ziann4-gang4		正港 	1
giong2-ze3		強制 	6
tau2-nau4		頭腦 	1
suan4-gi4		選舉 	2
lai2-hue5		來回 	2
lai2-hue3		來貨 	1
bun4-sor4-dui1		糞埽堆 	2
cu4-diunn4		次長 處長 	5
uan4-qen5		怨言 婉言 	1
kam4-ding4		坎頂 	1
ziann2-hor4		ziann好 誠好 	33
tuan2-zin1		傳真 	4
hong2-siong2		皇上 	1
dng2-sann1		長衫 	1
dor2-mia2		逃命 	3
lam3		lam 	2
lam2		濫 檻 艦 	5
lam5		男 南 淋 陰 楠 襤 籠 湳 	1
su2-lim5		詞林 辭林 	1
ang2		ang 	1
sin2-hu2		神父 	7
ping2		ping 並 碰 	6
ping3		聘 騁 	1
ciunn4-ki3		搶去 	1
lau4-te1		落胎 	1
painn4		歹 壞 	1
zen2-do5		前途 	10
long3		撞 	2
long4		朗 龍 攏 隴 曩 曨 	1
tai4-bor4		太保 	1
to3		吐 妥 兔 	3
uan2-gor4		完稿 	1
ni2-gim1		年金 	2
hor4-cu3		好處 	5
huan2-ing5		繁榮 	16
zui4-vang2-vang5		醉茫茫 	4
sing2-ge1		成家 	1
gai4-bi2		戒備 	1
sang4-i2		送伊 	4
ai4-siu2		愛受 	1
cior3		笑 	2
i4-rin5		異人 薏仁 	1
gi2-san1		沂山 歧山 祁山 旗山 	1
hua4-gai4		化解 	1
en2-suann3		鉛線 	2
zing2-hing2-ha2		情形下 	21
hng5		園 還 	1
hor2-diong1		和衷 	2
si2-siong5		時常 	1
hun2-lim2-guan2		雲林縣 	9
por4-du5		破除 	1
sau4-du5		掃除 	2
ing4-cai3		甕菜 	1
len2-len5		連連 漣漣 	2
gior2-ding4		橋頂 	4
guan4-su1		官書 關書 灌輸 	1
sia4-hue3		卸貨 	1
si4-cing1		四千 	3
zue4-lang5		罪人 	2
giann2		件 行 健 	38
giann3		鏡 	2
giann4		子 囝 	14
giann5		行 	74
qin2-sing1		人生 	2
zue4-au2		最後 	148
lam2-dau5		南投 	33
na2-kau4		林口 	3
zu4-se4-han3		自細漢 	1
ziong3		將 眾 綜 障 縱 	17
ziong1		宗 衷 將 終 章 彰 漳 綜 障 樟 樁 鍾 蹤 鐘 椿 	2
ziong4		掌 種 獎 	2
sing3		姓 性 盛 勝 聖 蟶 	6
gu1		gu 居 踞 龜 痀 	4
za4-duann5		炸彈 	13
kong4		孔 況 慷 爌 	7
kong1		kong 匡 空 康 眶 筐 慷 悾 	6
kong3		亢 伉 抗 炕 空 控 壙 曠 礦 	2
ken3		譴 	2
uan2-zuan5		完全 	46
dong2-dong5		堂堂 	1
puann4-duan2		判斷 	4
zan4		盞 	6
zan2		綻 踐 賺 贈 贊 	1
zong4-zi3		壯志 	1
buann4-gin1		半斤 	1
lai2-gai4-siau2		來介紹 	1
pua4-kang1		破孔 	1
lai2-kuann3		來看 	106
hu4-siong1		負傷 	1
tuan2-te4		團體 	21
lan2-ven4		難免 	5
vun2-hiunn1		蚊香 	1
huan4-ve2		販賣 	1
dui4-li4		對你 	1
giann2-hiong3		行向 	1
ui2-gen3		違建 	1
ni2-gi4		年紀 	7
ziann2-dua2		ziann大 	3
zor4-zu4		做主 	5
in4-ni5		印尼 印泥 	5
sa2		sa 	2
siau4-len2-ge1		少年家 	11
ni2		呢 爾 	3
ni1		奶 乳 呢 拈 	1
ni5		尼 年 泥 倪 旎 凝 霓 簾 鯢 	1
me2		罵 	10
bang4-den2		放電 	1
rin2-zai5		人才 	1
zan2-lim4		殘忍 	1
pun4-zui4		pun水 噴水 	3
siang4		想 餉 賞 	29
siang3		相 	3
gen4		囝 繭 譴 	3
gen3		見 建 毽 繭 	2
gen2		件 健 鍵 	12
se4-li2		細膩 勢利 	25
ua1		哇 娃 媧 蛙 窪 	20
ua4		ua 瓦 倚 	5
sau4-to2-ka1		掃土腳 	6
king4-gong1		慶功 	1
sam4-su1		三思 	1
vor2-gau3		無gau 無到 無夠 	29
kia5		騎 	2
kia2		kia 企 豎 徛 	4
pa4-bai2		拍敗 	2
rior2		尿 	2
lim2		刃 仞 任 妊 認 	28
lim1		lim 	6
lim5		林 淋 琳 鄰 遴 霖 臨 	1
vor2-ve4		無買 	1
dui4-i1		對於 	1
ciang2		象 橡 	1
ku1		丘 拘 邱 哭 區 樞 駒 軀 驅 	3
gong4-gue3		功過 講過 	16
lau2-ki3		流去 	1
hai2-ki3		孩氣 	3
qu2-pue2-zua4		牛皮紙 	1
ciu4-e2		手下 	1
zo2		助 驟 	1
ziong4-qai2		障礙 	4
go4-vun2		顧問 	2
diam4-tau5		店頭 點頭 	9
be3		陛 敝 蔽 斃 	3
be5		扒 划 杷 爬 耙 陪 琶 菠 篦 	1
be4		把 	2
lai2-iong2		來用 	2
bai2-zu4		牌子 	1
tuan2-liam4		傳染 	1
vor2-a2		無a 無啊 	2
zin4-gun1		真君 進軍 	2
bue1		杯 盃 飛 碑 	9
bue3		貝 背 狽 輩 鋇 	2
bue2		bue 貝 佩 背 倍 悖 狽 培 焙 輩 	20
bue5		培 涪 陪 菠 裴 賠 醅 	4
bing2-gin1		平均 	8
buann3		半 判 絆 	1
buann2		拌 	12
buann1		般 搬 	19
hi4-benn5		戲棚 	2
pong4-cng5		膨床 	1
zau5		巢 剿 鑿 	10
zau4		走 沼 草 蚤 	20
zau1		zau 召 操 糟 蹧 	5
zau3		灶 奏 詔 肇 糙 	1
hi4-dai5		戲台 戲臺 	2
qu2-gang4		牛港 	1
dui4-siong2		對象 	1
diau2		兆 掉 肇 調 頫 	7
diau5		diau 迢 條 朝 嘲 潮 調 椆 	2
gua4-hor2		掛號 	4
zong4-hong4		狀況 	1
gau4-zai5		狗才 教材 	1
zor4-vor2-hor4		做無好 	5
tan4-zinn5		tan錢 趁錢 	32
ai4		指 藹 靄 	368
ai5		崖 	3
ai1		哀 唉 埃 挨 	2
ai3		愛 隘 噯 曖 璦 譪 	19
lau2-ka1		樓腳 	1
den2		佃 甸 店 奠 殿 鈿 電 澱 殄 	1
den4		典 展 碘 	1
ang2-dau2		紅豆 	3
hue2-ing3		回應 	26
dann1		dann 今 擔 攤 	43
zing2-hun2		情分 	1
e2-si5		ｅ時 	8
hau4-zu4		孝子 	1
iu2-tai3		猶太 	1
sing2-ki3		成器 	2
zior4-giann3		照鏡 	2
len2-zor4-hue4		連做伙 	1
tau2-mng5		頭毛 	6
zing4-dai2		正大 	3
len2-suann3		連線 聯線 	14
zue4-gin2		最近 	185
guan2-zan3		guan層 	1
lai2-bun1		來分 	1
hu2-hor2		符號 	1
diau2-li4		條理 調理 	1
rin2-gan1		人間 	2
siau4-liam2		siau念 數念 	4
rin2-su2		人士 人事 	7
zor4-gi2		做忌 	2
giong2-se3		強勢 	5
hing2-zing5		恆情 	1
bai2-diau2		排掉 	1
siong4-cin1		相親 	13
vor2-un4		無穩 	2
san3		汕 疝 散 	3
san1		山 刪 姍 芟 星 珊 舢 衫 閂 羶 	1
gun2-tau5		拳頭 裙頭 	1
zu4-i3		主意 注意 	20
vin2-gan1		民間 	21
lo2-ziu1		廬州 蘆洲 	1
hong3		奉 放 晃 諷 	13
rin2-zing5		人情 	2
ai4-siunn2		愛想 	1
liong2-tau5		龍頭 	1
in4-gong1		恩公 恩光 	1
en4-zau5		燕巢 	1
vin2-i3		民意 	1
en2-au2		延後 	1
ping2-ding2		評定 	1
lin2-ma4		人馬 	1
di4-ging3		致敬 	1
benn2-de2		平地 	2
dng2-do2		長度 	2
ai4-kau3		愛哭 	1
rin2-te4		人體 	3
vor2-zing5		無情 	1
tue4-hue3		退貨 	1
liu2-vong5		流亡 	2
do2-vun5		屠門 	1
zin4-gong1		進攻 	2
kuann4-vor5		看無 	12
gau4-siu2		狗岫 教授 	22
ai4-u2		愛有 	1
su4-pue3		四配 適配 	2
ge4-zng1		假裝 嫁妝 嫁粧 	1
diam4		點 	9
siu2-zui4		泅水 	3
rin2		任 認 	3
ciunn1		昌 槍 鎗 鯧 	6
ciunn2		上 匠 象 像 橡 	3
ciunn3		ciunn 唱 啾 	46
ciunn4		搶 廠 	8
su2-lin5		詞人 辭人 	3
ing2-am3		ing暗 	12
len2-bang1		蓮邦 聯邦 	1
tng4-ko3		脫褲 	2
dai2-diong1		台中 臺中 	106
hing2-ho2		還ho 	1
bin4		稟 廩 	2
bin2		臏 	2
hor2-gai4		和解 	4
gi4		几 己 技 杞 指 紀 矩 莒 幾 舉 	4
gi2		己 巨 乩 妓 忌 拒 炬 俱 距 鉅 據 圮 	5
gi3		既 紀 氣 記 痣 暨 據 鋸 舉 驥 	3
gi1		支 乩 肌 吱 妓 技 車 居 枝 肢 姬 隻 飢 基 幾 畸 箕 畿 稽 稷 踞 機 璣 磯 譏 饑 琚 裾 	10
gue4-do2		過度 過渡 	2
cai2-ding2		裁定 	1
ziam4-de2		佔地 	4
bai2-dann3		排擔 	2
ki4-cia1		汽車 	15
pi2-lor5		疲勞 	1
kun4-cinn4		睏醒 	1
dam2-puann3		談判 	4
ui2-lan5		為難 	1
ci2		市 飼 	12
ci3		切 刺 剌 砌 翅 試 熾 	9
ann2		餡 	24
zor4-siann4		做啥 	1
din1		津 珍 徵 	1
hiann1		兄 	1
mng2-bai5		門牌 	1
zua4		紙 	5
zai2-ging1		財經 	2
zor4-liau4		做了 	8
hainn4-tau5		hainn頭 	1
gong4-ge3		講過 講價 	2
ki4-siong2		去上 氣象 	2
dong2-su2		同事 	26
dor4-hor4		der好 	4
ka4-cia1		卡車 	4
vin2-uan3		民怨 	2
vin2-zu4		民主 	17
vor2-si2-gan1		無時間 	4
dui4-huann2		對岸 	9
diann5		埕 	3
lai2-ci3		來試 	1
guan2-ge2		guan低 	1
painn4-ki3		歹去 	9
sior1		相 燒 	18
sior4		小 	1
ku2		臼 俱 懼 	2
vor2-sann1		無sann 	5
di5		弛 池 枇 除 馳 鋤 遲 	4
di4		抵 	8
di1		弟 知 蜘 豬 	10
di3		di 知 致 智 稚 置 蒂 緻 戴 	326
di2		di 己 地 自 佇 弟 治 值 痔 稚 雉 滯 箸 遞 	12
vun2-qe2		文藝 	1
ki4-li4		起li 綺里 據理 	1
te5		啼 堤 提 隄 緹 諦 題 	1
zing4-giann2		證件 	1
gui4-ziu1		貴州 	2
di2-mia5		馳名 	2
na4-u2		na有 那有 若有 	1
lai2-ki4		來起 	2
am4-tau2-a4		暗頭仔 	10
lai2-la3		來啦 	1
bo4-ging4		布景 佈景 捕景 	2
lam2-guan4		南管 	3
inn2-kuan5		圓環 	1
hun4-no2		忿怒 憤怒 	2
hun4-len2		訓練 	17
se4-dai2		世代 	2
pue2-siunn1		皮相 皮箱 	1
hui4-du5		廢除 	2
m4		姆 	8
m5		梅 	14
m2		m ｍ 毋 	23
cau4		草 	1
hong2-ben2		宏辯 	11
ui2-hai2		危害 為害 	1
mai4		買 	151
mai2		mai 昧 脈 覓 賣 魅 邁 眛 	3
mai3		mai 勿 	6
ting5		呈 廷 挺 停 程 霆 謄 騰 	3
vor2-han2		無限 	1
gam4-ho2		監護 	1
gior5		茄 橋 	2
gior1		轎 	1
gior3		叫 計 	5
gior2		轎 	1
vor2-ing2		無用 	19
zing4-ving5		正名 証明 證明 	10
ging4-hong2		敬奉 	1
lin2-sim1		人心 人參 人蔘 	1
giann2-giann5		行行 	4
ting2-kor3		停課 	2
ging4-gai3		炯戒 耿介 經界 境界 警戒 	4
gan4-quan5		幹員 	2
han2-zen3		韓戰 	1
iong2-un4		容允 	1
zai2-vu2		財務 	6
iu2-ting4		遊艇 	1
lan4		咱 赧 輪 懶 	65
lan5		婪 零 憐 闌 藍 難 攔 瀾 籃 欄 蘭 鱗 	1
lan2		lan 卵 濫 難 爛 	20
lan3		懶 	4
bor4-ge3		報價 	1
pen4-zu4		騙子 	1
si2-si5		時時 辭辭 	1
dai2-uan2-dor4		台灣島 	1
di4-su2		治事 知事 致士 致事 	1
di4-ling5		知能 智能 豬苓 	1
ging4-i3		敬意 	1
sin4-qi2		信義 	1
an4-giann2		案件 	55
bo4-de4-hi3		布袋戲 	1
hor4-vor3		好不 	81
te4-hua3		退化 	1
hng2		遠 	9
hng1		方 昏 荒 	3
hng4		哼 	5
giau2-bau1		僑胞 	1
vin2-cng5		眠床 	2
i1		尹 他 伊 衣 矣 依 於 揖 裔 漪 翳 醫 	125
i2		伊 曳 易 倚 異 肄 裔 預 豫 翼 譽 	1942
i3		易 意 憶 翳 臆 懿 薏 	27
i4		已 予 以 矣 倚 椅 旖 蟻 	5
he2-a4		蝦仔 	2
sing2-bai2		成敗 	2
na2-au5		na喉 嚨喉 	3
bang2-ging1		房間 	41
hia1		hia 遐 靴 	78
kuann4-hor4		看好 	1
due4-liu2-hing5		due流行 	1
zue4-mia5		罪名 	1
dai2-uan5		台灣 臺灣 	453
tau2-ge1		頭家 	111
vor2-cu3		無厝 無趣 	1
gi2-pior3		期票 	6
hor4-gi5		號旗 	2
vun2-hua3		文化 	75
ba2		罷 	5
te2-si2		提示 	1
ki4-ho2		去ho 	1
lam2-ha2		南下 	2
han2-vun5		寒門 	1
dui4-i2		對伊 	20
ciang4		敞 廠 	1
ciang3		倡 唱 	2
vi2		未 味 媚 寐 微 謎 	3
vi1		咪 瞇 	1
vi4		米 弭 美 敉 靡 	7
lai2-lim5		來臨 	2
sui3		戍 祟 睡 	2
sui4		sui 水 	26
quan2-ging4		員警 	4
cai2-puann3		裁判 	1
hing5		亙 刑 行 形 型 恆 桓 橫 衡 還 恒 	8
dui4-ue2		對話 	7
dai2-lam2-lang5		台南人 	1
gang5		同 仝 	18
gang4		港 講 	3
gang3		降 絳 	9
gang2		共 同 仝 	3
gang1		工 公 功 江 肝 肛 岡 蚣 崗 釭 綱 鋼 	5
hing2-zing3		行政 	4
honn3		好 耗 	4
honn4		好 否 	14
vor2-zing4-siong5		無正常 	4
he4		火 伙 夥 	7
he1		灰 彼 嘿 	333
he3		貨 歲 	8
he2		下 兮 系 係 夏 暇 會 繫 蟹 	2
uan2-uan5		完完 	1
ing4-iong2		應用 	2
buann2-a4		盤仔 	1
uan1		冤 鴛 彎 灣 	4
cun3		寸 	1
giu2-sai3		球賽 	1
dui4-vin2		對面 	8
dong2-sim1		同心 童心 	1
bor4-sang3		保送 播送 	4
do2-an3		圖案 	1
so4-giu5		訴求 搜求 	6
ging4-gue3		經過 	1
riu5		柔 揉 魷 蹂 	1
hing2-cun1		恆春 恒春 	3
gi4-zai3		記載 	1
hing2-su2		刑事 行事 形似 	1
gue4-ong4		過往 	1
gi4-len5		巨然 居然 既然 	25
lin4		您 輦 恁 	10
lin5		人 仁 淋 憐 鄰 燐 磷 臨 鱗 麟 	2
lin2		任 吝 認 藺 躪 	33
i4-qua2		以外 意外 	64
hing2-gi5		刑期 	3
hong2-di2		防治 	2
hing2-su4		行使 行駛 	2
so4-quan2		素願 訴願 	1
si4-vin2		四面 	1
i4-quan2		意願 	6
iu2-zenn4		油井 	2
zior4-so3		少數 	1
zing4-gu3		證據 	6
ging4-bor3		警報 	6
giong2		共 	1
mo2-iunn2		模樣 	3
ban4		阪 板 版 闆 	1
zing4-vin5		精民 	1
ban1		扳 班 般 斑 頒 	4
ban2		扮 範 辦 瓣 	2
ban3		半 	6
dang1		冬 東 窗 當 噹 氡 苳 璫 	2
dang2		重 動 盪 	12
dang3		凍 當 	6
dang4		董 	2
vor2-zing4-ging1		無正經 	1
gue4-lo2		過路 	1
ze4-ui2		座位 	1
dng2-de4		長短 	2
hing2-zing4-inn2		行政院 	73
se4-ri2		細字 細膩 	12
ziau4-li4-gong4		照理講 	8
lang2-en5		人緣 	3
lun2-liu5		輪流 	1
le2-can5		犁田 	2
vor2-suann3		無線 	2
ciam1		箋 箴 簽 殲 籤 纖 牋 	2
senn4		省 	6
senn1		senn 生 牲 鉎 	4
kun3		困 睏 	26
kun4		捆 菌 綑 墾 懇 	15
zai4-i2		在伊 災異 	2
dor4		der 朵 佗 倒 島 導 蹈 禱 擣 	29
dor1		刀 多 道 	7
dor3		到 倒 舵 	452
zin4-gin4		真緊 	1
zuan2-ge1		全家 	3
am4-kun3		暗睏 	1
kiu5		虯 	1
vu2-i4-diong1		無意中 	1
tau2-ve4		頭尾 	1
vun2-ri2		文字 	1
hing2-ding5		刑庭 行程 	8
zun2-quan5		船員 	1
hong2-ho2		防護 皇后 蓬戶 	3
me1		me 妹 	1
ing2		用 詠 	9
ne1		奶 乳 呢 嬰 	3
gai2		gai 	7
duan4-ding2		斷定 	1
zi4-zior4		至少 	38
bor4-kor4		報考 	1
vor2-gai4		無改 	2
hi2-ci3		魚刺 魚翅 	1
si4-binn1		四邊 	1
cing4-siann1		清聲 	2
ng4-vang2		ng望 向望 	13
kor4-lang5		靠人 	1
rin2-lui2		人類 	1
hua4-zong1		化妝 化裝 化粧 	1
can2-ga1		田家 	1
ka3		ka 揩 敲 撽 	5
ka1		胛 腳 跤 尻 茭 	16
ka4		卡 巧 	19
te2-giong1		提供 	5
zui4-gor4		水果 	1
zor4-hi3		做戲 	2
dai2-dai2		台大 	11
cu4-tau2-ge1		厝頭家 	6
sam4		糝 	1
zing4-li2		淨利 	1
ma1		媽 	27
ma5		麻 	6
lin2-vin5		人民 	10
lin2-quan5		人員 	15
kuann4-qua4		看我 	1
siong5		松 商 常 淞 祥 詳 嘗 償 	1
siong4		象 想 慫 賞 償 聳 	4
siong1		siong 相 商 湘 傷 嵩 殤 襄 觴 	3
siong3		相 象 像 餉 	27
siong2		上 尚 相 訟 頌 誦 	10
hu4-gau4-siu2		副教授 	1
ai4-iong2		愛用 	1
bi4		匕 比 妣 庇 彼 	8
bi2		bi 婢 敝 被 閉 備 憊 避 	2
bi1		卑 啡 埤 婢 悲 碑 裨 鄙 	62
dor4-ui2		der位 多位 佗位 	2
an3		岸 按 宴 案 	6
sin4-sim1		信心 	16
iann4		映 影 	4
iann5		營 贏 	3
iann2		炎 	3
gen4-siau3		見笑 	5
si4-e5		四個 	2
si4-e2		是會 	12
kior4		口 	2
bo4-pang5		布帆 布蓬 	2
giau1		嬌 澆 轎 驕 	1
ri2-dong5		兒童 	1
dor4-dng4-lai5		倒轉來 	1
bo2		步 哺 埠 部 	1
vor2-siann4		無siann 無啥 	1
hor3		喝 霍 	14
hor4		好 	736
hor5		禾 合 何 和 河 核 毫 荷 號 豪 壕 濠 龢 	1
siu2-iong1		酬庸 	2
hun2-lin5		渾人 	6
bai4-sann1		拜三 	12
dior4-hi2-dai5		釣漁台 	10
ging3		更 勁 徑 陘 莖 逕 竟 敬 境 剄 	4
ging2		更 勁 埂 徑 梗 痙 競 	5
ging1		ging 弓 更 京 供 庚 肩 宮 耕 荊 旌 莖 痙 間 傾 經 兢 擎 鯨 驚 芎 	6
ge4-ho2		嫁ho 過戶 	1
ca4-i2		差異 	1
cui4-da1		嘴da 嘴礁 	1
vor2-ki3		無去 	2
sui2-hor4		隨好 	1
sng4-mia2		算命 	5
ang2-zua4		紅紙 	1
dau4-zing1		鬥爭 	1
zinn4		zinn 井 嫩 	5
zai2-san4		財產 	10
long4-painn4-ki3		long歹去 	1
lam2-dong5		南唐 	2
gai4-dua2		蓋大 	1
zuan5		全 泉 詮 	5
zuan2		撰 篆 纂 	5
hong4-dua2		放大 	2
len2-sor4		連鎖 	8
sng4-gue3		算過 	1
guann4		寡 趕 	1
guann1		干 肝 官 竿 宮 乾 棺 	15
guann2		guann 汗 	3
guann3		看 	4
ong4-diong1		汪中 	1
gau4-su1		教師 	2
giu2-quan5		球員 	4
hor4-a2		好a 好啊 	33
ne4		ne 餒 	1
vin2		命 面 	15
vin5		民 泯 眠 	3
m2-a4		梅仔 	1
zor4-lang5		做人 	11
de2-hang5		茶行 	1
bing2-vin5		平民 	1
ing4-hu3		應付 	5
benn3		柄 	1
benn2		病 	14
dor2-zau4		逃走 	11
bo4-de2		布袋 	4
mng2-tang1		門窗 	1
zai4-do2		再度 	9
siam4		閃 陜 啥 	3
siu4-i1		授衣 壽衣 	2
dang2-ze2-lai5		同齊來 	1
vai4		bhai 歹 	13
gan4-bo2		幹部 	2
tor4-dong3		妥當 	3
iau4-go4		妖蠱 	1
hiam2-qi5		嫌疑 	2
li2-i4		而已 	1
ziunn3		醬 	8
ziunn2		上 癢 	2
gau4-zia1		到zia 	3
gi4-di3		機智 	2
len2-ving5		聯盟 	7
bue2-siong4		賠償 	12
ni2-lau2		年老 	1
u4-riam4		汙染 污染 	1
sui2-su2		遂士 遂事 隨侍 	1
puann1		潘 藩 	1
ki4-guan1		器官 	3
ki4-guan5		棄權 	1
zen2-kor1		前科 	7
dui4-qua4-lai2-gong4		對我來講 	1
zai4-sann1		再三 	2
guan4-hong1		灌風 	1
kuann4-pua3		看破 	1
ing4-dong1		應當 	1
vor2-vai4		無bhai 	1
iau4-so3		要素 	4
i2-su2		餘事 	1
zing2-sinn1		牷牲 	1
king1		匡 卿 框 氫 筐 傾 輕 	4
cior4-kue1		笑詼 	4
dor5		陀 逃 淘 陶 跎 駝 駟 濤 	1
dor2		悼 舵 就 惰 盜 道 墮 稻 導 蹈 	108
di2-hui1		馳暉 	1
tuan2-tong4		傳統 	8
iu2-lam4		遊覽 	2
ca2-ko1		柴箍 	1
zing4-guan5		政權 	1
gau4-si2-zun2		gau時陣 到時陣 	41
zor4-guann1		做官 	2
dai2-uan2-vun2-hua3		台灣文化 	17
ze4-den4		祭典 	4
gang4-ling5		江寧 	1
lun2		紉 閏 韌 嫩 潤 論 	1
cu4		次 此 取 處 鼠 諏 	5
cu2		cu 樹 呲 	1
cu3		次 厝 茨 處 趣 庴 	41
cu1		舒 雌 樞 趨 	4
zor4-ki4		做起 	4
cue1		吹 炊 初 釵 	3
gau4-gi5		到期 	1
dor4-ciu4		倒手 舵手 	3
lun2-i4		輪椅 	8
cai4-duann1		菜單 	3
kong4-qi2		抗議 	42
hua1		花 華 嘩 譁 	2
ling2-quan5		能源 鴒原 	4
buann4-me5		半暝 	8
guan2-se3		權勢 	1
liu2-sng1		硫酸 	2
diann2-vue4		埕尾 	1
zing4-kuan5		政權 	12
guan2		倦 縣 	10
zu4-diann2		注定 註定 	1
guan4		捲 款 管 館 	7
cor4-vi4		糙米 	1
hor2-si5		何時 	1
lim2-si5		臨時 	10
dui4-qua4		dui我 對我 	1
go4-iu4		固有 	1
ki4-do5		企圖 	3
tai5		tai 	2
tai4		癩 	3
tai3		太 汰 泰 態 	1
tai2		待 怠 態 	12
dau1		兜 	9
dau5		投 	4
dau4		dau 斗 抖 枓 陡 淖 	21
du2-bang5		廚房 	7
lau2-ding4		樓頂 	2
sor4-a3		嫂a 	1
ing4-ben3		永遍 應變 	1
riau4-be2-a4		爪爬仔 抓扒仔 	1
du2-hui1		除非 	9
si4-sin2-ging1		視神經 	1
siau4-bang4-dui2		少棒隊 	1
sing2-diong4		成長 	2
uan2-sing5		完成 	13
vor2-dong2-i3		無同意 	2
guinn1		關 	1
dng2-ko3		長褲 	1
qiam2		驗 	3
dau2-zu1		投資 	21
ui2-ho2		圍護 維護 	1
mo2-huan2		模範 	3
bai4-si3		拜四 	9
vor2-ing4-gai1		無應該 	2
tiau4-vu4		跳舞 	12
ging4-len5		井然 竟然 頸聯 	181
ging4-len2		經練 	2
dun3		盾 鈍 遁 頓 噸 	1
dun1		敦 鈍 墩 暾 	1
tong4-ko4		痛苦 	7
giu4-cenn1		救星 	1
kuan4		款 	6
qiam2-zing3		嚴正 	1
mng2		問 	15
mng5		毛 門 魚 	2
cen1		千 仟 煎 箋 遷 韆 芊 	1
si2-duann2		時段 	10
tui2-a4		槌仔 錘仔 	1
gu4-cu3		舊厝 	1
dua4-lai2		大內 	12
zing4-di3		晶智 精緻 	11
gue4-sin1		過身 	24
su4-cuan1		四川 	11
vin2-sim1		民心 	1
ne5		尼 霓 	1
ia2-so1		耶穌 	4
huan2-lor4		煩惱 	49
len2-sim1		蓮心 	1
nng3		nng 	9
o4		挖 	8
o5		芋 胡 壺 湖 瑚 蝴 	39
o3		惡 噢 	395
o1		o 污 烏 黑 嗚 塢 	24
vue4		尾 美 買 	12
cor4-qo2		錯誤 	1
vor2-hing5		無行 無形 無還 	3
ge4-sing2-rin5		繼承人 	2
ving2-rin5		名人 	2
zuan2-ziu1		泉州 	1
him5		熊 	1
lin2-gang1		人工 	1
quan2-su4		原始 	1
lai2-i3		來意 	1
len2-mia5		聯名 	1
zi4-ki3		志氣 	3
dor4-ki3		der去 倒去 	3
bai2-hang5		排行 	1
biann4-mia2		拚命 拼命 	4
ui2-lin5		為人 遺人 	1
hang2-suann3		航線 	1
bui2		吠 	2
mo2		冒 嗎 	4
ziau4-siong5		照常 	6
tau4-me5		透暝 	6
gue3		怪 計 過 檜 	25
gue1		瓜 街 雞 	5
gue4		果 粿 	25
vor2-liau5		無聊 	6
gai4-hor4		蓋好 	2
ging4-ui2		警衛 	1
ni2-dai2		年代 	4
vu4		母 拇 武 侮 舞 撫 鵡 	6
la3		啦 	2811
lai2-gong4		來講 	106
zuan2-sing4		全省 	1
zing4-cai3		種菜 	3
vor2-ga2		無ga 	1
pi2-ki3		脾氣 	4
ai4-ior3		噯喲 	2
kai4		凱 楷 	12
kai1		開 	7
hong2-suann3		防線 	1
se4-i2-a4		細姨仔 	1
lau3		勞 落 漏 露 	4
lau5		牢 流 留 婁 劉 樓 簍 鏤 	3
dang2-suann1		銅山 	2
gun2-gi1		群居 	2
pior4-suan4		票選 票選 	2
sing2-do1		成都 	2
niu2-cng1		糧倉 	1
hi4-bo2		肺部 	1
gong4-gong4		講講 	1
zor4		左 佐 棗 藻 	270
ciong3		倡 唱 淌 縱 	1
vue4-a3		尾啊 	18
ka4-iu5		ka油 揩油 	1
mua2-iu5		麻油 	2
ziann5		成 情 誠 	2
ziann3		ziann 才 正 	4
ziann2		戚 	34
ziann1		正 精 	1
diau2-vi2		調味 	1
iau1		iau 么 夭 妖 要 邀 枵 	16
ga1		加 佳 咖 茄 迦 家 剪 傢 傀 腳 嘉 酵 鉸 膠 栲 蟉 	13
go4-za4		古早 	1
hing2-tai3		型態 	3
so4-li2		素履 蔬糲 	4
gi4-li5		既而 距離 	1
lai2-a4		梨仔 	1
lai2-a2		來a 來啊 	1
se4-gan1		世間 	4
dor4-bun4-sor3		倒糞埽 	2
cai1		差 猜 	1
siau4-len5		少年 蕭然 	38
bing2-siong2-si2-a4		平常時仔 	10
zai2-diau2		才調 	3
vu2-su1		巫師 	1
lor2-su1		奴書 	1
o2-mua5		胡麻 	8
kun4-riau4		困擾 	1
gi2-tai2		期待 	17
gua4-sim1		掛心 	1
gue4-liau4		過了 	2
hu4-gin2		附近 	31
te2-sing1		提升 提昇 	2
sin2-sin5		臣臣 	1
hen4-sin1		現身 獻身 	1
bing2-siong2-si5		平常時 	28
lin2-so3		人數 	4
tor4-ka4		討巧 	2
cai4-dor1		菜刀 	4
ziann2-gu4		ziann久 	4
zu2-sim1		慈心 	1
hua2-san1		華山 	5
dui4-lai2		對內 	1
gong4-la3		講啦 	3
zing4-hu4		政府 	214
zing4-hu1		征夫 	1
ing2-ing5		盈盈 閒閒 	2
do5		陀 徒 逃 屠 途 塗 圖 	2
vor2-ai4-gong4		無愛講 	1
hor2-lam5		河南 	1
dui4-zen3		對戰 	2
hainn1		hainn 哼 	1
gi4-liau4		記了 	1
ging4-zing1		競爭 警鐘 	3
gau4-liau4		gau了 到了 	1
gorh1		gerh 	380
giu2-zo2		求助 	4
ge4-ki3		嫁去 	4
vun2-ving5		文名 文明 聞名 	2
bing2-hor5		平和 	1
gen4-sin1		艱辛 	1
i4-gen3		異見 意見 預見 	26
lai2-uan2-sing5		來完成 	2
dau2-bor4		投保 	1
hi2-zun5		漁船 	2
ga4-su4-lin5		駕駛人 	1
ma2		ma 嗎 嘛 罵 罹 	20
uan3		怨 苑 愿 	3
uan5		uan 丸 完 玩 爰 員 袁 援 皖 園 圓 猿 頑 轅 灣 	6
ma4		ma 馬 嗎 媽 碼 	8
vor2-iau4-gin4		無要緊 	9
quan2-liong2		原諒 	2
lai2-bor3		來報 	1
hing4-cu3		興趣 	6
giann2-lo2		行路 	12
zing4-gen3		政見 整建 踵見 	3
gau4-diunn5		到場 	3
zor4-ui5		做為 	5
sun2		舜 順 	22
sun1		孫 飧 	8
quan2-so3		元素 	5
din4-de3		鎮塊 	1
ai4-giann5		愛行 	1
ham2-van2		憨慢 	1
su4-li2		私利 思慮 	1
vor2-hong5		無妨 	3
co3		措 醋 錯 	2
li3		裡 	88
mui2-hue1		梅花 	7
iau4-hai2		要害 	1
cong4-siong1		創傷 	19
dor4-iu5		der猶 導遊 	1
bang4		綁 榜 謗 	15
bang2		蚌 棒 縫 	12
bang3		放 蚌 	1
ziann4-mia5		正名 	1
mia2-qi2		名字 名義 	6
tuan2-vun5		傳聞 	1
dua2		大 	10
giu2-gan1		球竿 	1
hue4-gui2		貨櫃 	1
van2		曼 晚 萬 幔 慢 漫 蔓 邁 謾 顢 	3
iu2-giann2		郵件 	2
gui4-bin1		貴賓 貴嬪 	3
bi3		庇 泌 祕 秘 閉 愎 痺 辟 幣 弊 蔽 斃 臂 譬 	13
ve2-su1		無輸 	1
lor2-bor4		勞保 	3
pi2		鼻 	1
ge4-se3		過世 	2
buann4-ni2-lai5		半年來 	6
hua4-mia5		化名 	1
kuann4-liau4		看了 	2
sin2-vong2		臣妄 	1
han2-liu5		寒流 	5
te4-i2		替伊 	10
huan1		吩 番 幡 蕃 翻 藩 歡 旛 獾 	11
huan2		幻 氾 犯 汎 泛 宦 范 患 梵 販 換 渙 煥 範 	2
huan3		幻 汎 泛 奐 宦 患 販 喚 換 渙 煥 瘓 	1
huan4		反 返 緩 	1
huan5		凡 帆 垣 桓 痕 煩 樊 緩 寰 環 繁 還 鍰 藩 礬 	5
kiong4		恐 	1
gia4-vang2		寄望 	1
ge4-sing2-lin5		繼承人 	1
lam2-hong1		南方 南風 	1
e2-a4		鞋仔 	13
hue2-hiang4		回響 	2
rua2		偌 	1
hiam3		喊 	1
giu2-diunn5		球場 	3
sam1		三 杉 參 蔘 	1
bang4-sang1		放鬆 	1
siong2-se3		詳細 	12
hing2-su1		行書 	2
vor2-siunn2		無想 	1
ga4-liau4		加了 咬了 教了 	3
so4-liong2		數量 	21
long2-cun1		農村 	1
sing2		乘 盛 剩 	85
sing1		升 生 先 身 昇 星 牲 陞 笙 猩 甥 腥 聲 	5
sng4-kuann4-mai2		算看mai 	1
bun4-dau4		糞斗 	1
sen2		sen 善 羨 擅 膳 繕 鱔 	2
giann2-liau4		行了 	1
giong2-do2		強度 	4
nai4		乃 奶 氖 迺 	62
dior2		趙 	2
dior3		釣 	52
iong4-ho2		用戶 擁護 	1
za4-ki1		詐欺 	4
zun2-zai2		存在 	5
ham5		含 函 咸 涵 銜 憨 	2
ham3		泛 	65
ham2		ham 陷 諂 憾 	20
si4-ki3		死去 是去 	1
vor2-tong1		無通 	1
lai2-diau2-zing4		來調整 	1
hong4-sang3		奉送 放送 	2
ze4-ho2		債戶 	1
vor2-hun2		無份 	2
kuann4-zu1		看書 	1
uan2-vi4		完美 	1
bun4-sor3		bun_ser 糞埽 	9
dan2-lui2-gong1		dan雷公 	5
am4-si2-a4		暗時仔 	30
zai2-liau2		材料 	9
tiann4-lang5		聽人 	1
si4-hor2		四號 	13
ang2-bau1		紅包 	6
zue4-ga1		最佳 	2
pau1		拋 皰 	1
hior4		否 	2
ing2-un2		營運 	5
hi2-vang2		魚網 	11
giau4		giau 皎 餃 矯 竅 繳 攪 筊 覈 	2
ann3		偃 	656
ni2-ni5		泥泥 	1
ziong2-lai5		從來 	43
mai2-uan3		埋怨 	2
dau4-de5		鬥茶 	1
dau4-de4		斗底 到底 	244
du4		du 拄 抵 	2
vun5		文 汶 門 們 紋 蚊 雯 聞 	2
vun2		紊 問 悶 	6
han4-vun5		罕聞 漢文 	1
gor4-lang5		告人 	3
ben4-dong2		變動 	1
liau2		料 廖 	6
liau4		了 爪 瞭 擾 繞 笊 	43
rin2-siu2		仁壽 	1
gior4-ve2		叫賣 	1
lai2-ve2		來賣 	2
lai2-ve4		來買 	3
tai4-ze2		太濟 	2
gi2-go4		旗鼓 	1
vor2-kun3		無睏 	2
bing4-ben3		兵變 	1
tng4-sann1		脫衫 燙衫 褪衫 	1
do2-diong1		途中 	2
zing2-se3		前世 情勢 	4
mia2-ri2		名字 	1
iu2-siunn1		郵箱 	1
lai2-bor4-gor3		來報告 	1
giong2-dor2		強盜 	1
go4-ren5		固然 	1
ben4-painn4		變歹 	1
zong2-giann4-rin5		藏鏡人 	1
su4-vin2		四面 書面 輸面 	1
vun2-giann2		文件 	2
ing5		盈 閑 閒 榮 熒 瑩 嬴 縈 螢 營 瀛 蠅 膋 瀅 	5
ing4		永 往 泳 勇 映 湧 詠 影 穎 顥 	3
ing1		ing 英 瑛 嬰 應 膺 櫻 鶯 纓 鷹 鸚 	3
ing3		映 蔭 壅 應 甕 	5
lau2-bang1		劉邦 	1
sue4-vin5		睡眠 	1
zior1		招 椒 蕉 	1
liu2-hing5		流行 	15
dui4-ciu4		對手 	20
ging4		炯 埂 耿 竟 頂 揀 景 境 憬 頸 警 龔 	13
ving2-pinn3		名片 	1
lin2-ciu4		人手 	1
hor2-hai5		和諧 	2
gng4		捲 管 廣 	1
gun2-dor4		群島 	2
cior4-cior3		笑笑 	3
ze4-zu4		祭主 債主 	3
tiann1		聽 廳 	36
suann4-ding4		山頂 線頂 	1
zam4		斬 鏨 	1
zam2		站 斬 棧 嶄 暫 鏨 	2
ui2-zi4		為止 遺址 	14
vor2-senn4-mia2		無生命 	1
li4-e5		你ｅ 	1
hor2		昊 夏 浩 皓 賀 號 禍 誥 鵠 顥 	3
cuan2-tong4		傳統 	3
zuann3		zuann 讚 	1
zuann5		泉 	15
pu2-diau1		浮雕 	1
i4-qi2		異議 意義 	13
cong4-sin1		創新 	1
hing2-te4		形體 	1
sin4-giann2		信件 	1
kau4-iau1		哭夭 	1
di2-a4		池仔 	1
zui4-lai5		水梨 	1
zor4-hor4		做好 	6
gi2-gi2-guai4-guai3		奇奇怪怪 	3
liu2-tuan5		流傳 	1
na2-do5		藍圖 	2
vin2-vang2		眠夢 	3
vor2-diau5		無diau 	1
han4-lin5		漢人 	7
tai4-iong2-biann4		太陽餅 	1
kuan2-han2		權限 	3
qiu4		扭 	8
vue5		泱 玫 梅 莓 糜 襪 	1
vue2		bhue 未 妹 袂 賣 	12
lin2-lui2		人類 	2
ang2-gi4-gi3		紅記記 	1
long4-go4		long鼓 	1
tue4-hiu1		退休 	4
diam4-zu4		點主 	1
cinn1		生 青 星 菁 腥 親 鮮 蘚 	19
cinn4		淺 醒 	1
lin2-sing1		人生 	7
bin2-dor2		貧道 頻道 	3
di4-zia1		di_zia di_zia di這 	1
dong4-suan4		當選 	5
bor4-dor3		報到 	17
zen4-cia1		戰車 	3
long2-diunn5		農場 	1
sing2-gor4		成果 成稿 	4
bing2-sun2		平順 	1
len2-ling5		年齡 	2
kong4-gor3		抗告 控告 	1
lam2-hui1		南非 	1
mui2-te4		媒體 	66
vor2-zui4		無水 	1
cu4-cu3		次次 此次 處處 	1
sionn2		尚 想 	3
sionn3		相 	1
en2-ri2		鉛字 	1
diam4-quan5		店員 	8
dai2-uan2-vue4		台灣尾 	1
lang2-a4		籠仔 	4
zai2-lo2		財路 	1
sing4-cin1		省親 	1
iang1		央 殃 恙 秧 	1
iang5		羊 洋 揚 陽 楊 煬 瘍 颺 贏 	1
se4-gai4-siong2		世界上 	6
zing4		指 拯 腫 種 整 踵 	24
zing5		前 情 晴 曾 睛 牷 	27
zing2		淨 靖 靜 贈 	26
zing3		正 政 症 眾 証 種 證 贈 	4
zing1		征 爭 貞 偵 清 舂 晶 曾 睛 睜 腫 僧 禎 箏 精 蒸 增 徵 憎 鍾 癥 鐘 	3
gi2-ling5		奇能 畸零 	2
li4-kuann3		你看 	1
o2-dau2		胡豆 	1
tam4-tiann1		探聽 	2
hing2-dong2		行動 	25
gua4-diau2		掛掉 歌調 	3
ko4-zun5		庫存 	1
kuan2-bor4		環保 	4
sin4-rim2		信任 勝任 新任 	4
vun2-dan3		文旦 	2
bi4-hng1		祕方 秘方 	1
giu4-zing3		糾正 	6
iau4-giu5		要求 	2
zor4-sing5		造成 	3
lin2-hing2-dor2		人行道 	3
tua1		拖 	2
zim4-zui4		浸水 	1
ng5		吾 黃 	3
ng1		ng 央 俺 秧 	1
ng3		向 	11
gun2-su1		拳師 群書 	1
vor2-i4-su3		無意思 	1
cui4-ki4		嘴齒 	2
sin2-long5		神農 	1
pang2-diunn5		捧場 	2
pue2-e5		皮鞋 	2
dng2-ni5		長年 	2
bai4-ri2		拜二 	5
su4-senn3		賜姓 	1
ng4		ng 袖 雅 影 嚮 	3
hue2-gui1		回歸 	1
mue5		梅 媒 糜 	1
lin2-zai5		人才 	1
do2-pinn3		圖片 	2
tau2-cai4		頭彩 	6
zan2-cu3		層次 	2
lor4		老 佬 惱 瑙 腦 咾 栳 	1
lor5		奴 牢 哪 勞 濁 癆 螺 羅 蘿 邏 籮 鑼 	2
lor1		嘮 囉 	3
lor2		ler 號 	15
vor2-iann4		無影 	3
qia5		ghia 蜈 舉 鵝 夯 	2
gam4-si2		gam是 甘是 敢是 監視 	1
un1		恩 媼 溫 煙 氳 瘟 蘊 	4
so4-i4		所以 	4
lai2-zor4-ki4		來做起 	1
ling2-liong2		能量 	1
inn2-a4		圓仔 	3
rin2-sing1		人生 	26
dam4-hia1		dam_hia 	3
vor2-en2-vor2-go3		無緣無故 	2
si4-gang1		四工 施工 	5
sor4		叟 唆 索 嫂 瑣 鎖 藪 	2
sor1		ser 唆 娑 梭 嗦 搓 搜 搔 蓑 簑 騷 臊 	3
sng4-sng3		算算 	1
ca1		叉 查 差 	7
ca4		吵 炒 	8
zi4-gong1		至公 至剛 	1
dai2-uan2-tau5		台灣頭 	2
siunn2		尚 想 	41
pau4-zui4		泡水 	1
ze3		ze 乍 至 制 祭 債 寨 製 際 劑 濟 躋 霽 晬 	61
ze2		坐 債 罪 寨 儕 濟 	65
ze1		災 這 渣 劑 楂 	908
ze5		些 齊 蠐 	5
ze4		姊 	330
ga4-cia1		絞車 	1
lu1		lu 	28
lu2		呂 侶 旅 喻 裕 履 慮 鋁 閭 諭 縷 濾 癒 櫚 踰 	1
lu4		女 汝 乳 旅 愈 屢 爾 	1
benn2-ge3		棚架 	1
zui2		悴 萃 瘁 誰 	2
pi4-lu2		譬喻 	3
hun2-lam5		雲南 	2
kau4-du5		扣除 	1
vor2-dang3		無凍 	1
iau4-gin4		要緊 	12
nua5		欄 	2
ze4-liong2		劑量 	1
cu4-ka1		厝腳 	1
hor2-lan5		荷蘭 	1
mng2-pior3		門票 	4
da4		佗 	8
da1		大 乾 焦 礁 譙 	2
da3		罩 達 	4
da2		踏 	3
hong4-sim1		放心 芳心 	51
sun2-lor5		巡邏 	3
guai3		怪 	5
guai1		乖 	35
guai4		拐 枴 柺 	7
ziann4-ciu4		正手 	4
zin4-gi2-tai2		真期待 	1
gim3		禁 	1
hen4-bing1		憲兵 	2
dng2		丈 搪 蕩 盪 斷 	9
dng3		dng 當 頓 凳 	4
dng1		湯 登 當 燈 	3
ng2-gim1		黃金 	5
ki4-si4		氣死 	1
cai4		釆 采 彩 採 睬 綵 	4
su4-giong5		四強 	1
lin2-ki3		人氣 	2
bor4-an3		報案 	15
diorh2		dierh 	272
rim4		忍 荏 	1
ai4-i2		愛伊 	1
senn4-li4		生你 	1
tiau4-lau5		跳樓 	2
hen4-hue1		獻花 	1
hi4-iam2		肺炎 	3
vor2-zor3		無做 	3
gor4-so3		告訴 	5
gau4-su2		教士 	1
guainn1		關 	5
guainn2		縣 	1
qin2-vo2		銀幕 	1
zan2-liu5		殘留 	3
ru2-gor4		如果 	1
hi2-vin5		漁民 	5
lue5		犁 	1
cuan2-lai2-cuan2-ki3		傳來傳去 	1
vor2-cia1		無車 	1
kuann4-u2		看有 	5
zor4-de4		做底 	1
gi2-so3		奇數 畸數 	1
tai2-lang5		tai人 	5
ki4-un1		氣溫 	12
lai2-ga3		來教 	5
bai4-qi2		拜二 	1
sing2-lin2		承認 	4
suann3		汕 傘 散 腺 線 	1
can3		燦 璨 粲 	2
pai1		拍 	11
gor4-sing3		個性 	14
sun2-si2		巡視 	1
zor4-vang2		做夢 	8
qia2-hiunn1		舉香 	1
pua4-benn2		破病 	17
te2-cinn4		提醒 	1
han2-ga4		寒假 	2
bin2-hai4		瀕海 	1
due3		due 綴 	1
ca5		材 查 柴 察 樵 	2
bai2-a4		牌仔 	3
kuann4-ho2		看護 	1
go4-lu2		顧慮 	2
diau2-ia4		朝野 	6
ha4-ha1		哈哈 	1
tai4-kong1		太空 	2
kuann4-i2		看伊 	8
sue3		帥 細 稅 歲 睡 說 	2
am4-diong1		暗中 	1
cai2-quan5		裁員 	2
ving2-cenn1		明星 	2
zin2		盡 儘 燼 	127
inn4-hue2		院會 	1
hong2-an3		鴻案 	12
ben4-zor4		變作 	69
ru2-hor5		如何 	3
vor2-benn5		無平 	1
bang4-dann4		放膽 	1
lai2-tiann1		來聽 	3
guai4-ki3		拐去 	2
benn2-dai5		平臺 	1
quan2		願 	5
quan4		阮 頑 	6
qu4		語 	1
qu5		牛 娛 愚 虞 	1
giam2-zui4		鹹水 	1
va3		豹 	3
va5		麻 痲 貓 	1
sua1		沙 砂 紗 鯊 痧 	2
sua4		耍 徙 	31
ciang4-gong5		猖狂 	1
zing2-hing5		情形 	98
dan2-ving2-ziong1		陳明章 	8
hua4-qiam2		化驗 	3
han2		汗 旱 限 悍 翰 瀚 	1
han3		汗 旱 悍 漢 憾 	8
han5		汗 函 寒 閑 閒 韓 	1
ren2-au2		然後 	5
gam4-pior4-quan5		監票員 	1
sing2-ui5		成為 	4
lai2		內 利 荔 賴 籟 	279
qun4		阮 	6
gi4-ren5		巨然 居然 既然 	16
kau3		扣 哭 銬 翹 蔻 	14
kau1		kau 	2
kau4		口 拷 哭 	5
bue2-puann2		陪伴 	3
zui4		水 	24
zui1		椎 錐 	1
zui3		瘁 醉 	1
bi4-iau3		祕要 	2
mia2		命 	2
hi4-qam5		肺癌 	2
qi2-lan2-guan2		宜蘭縣 	5
hue2-go3		回顧 	1
iu4-tang5		幼蟲 	2
se4-bau1		細胞 	4
zing2-li4		情理 	1
pue1		坏 批 胚 被 碑 坯 	10
kuann4-gu4		看久 	1
hor2-cng5		河床 	2
iong2-i2		容易 	1
din2-siu2		陳壽 	2
tor2-hng2-guan2		桃園縣 	9
sun2-cui3		純粹 	1
sng3		算 蒜 	6
sng4		sng 玩 耍 損 	29
lai2-sia4		來寫 	3
gue4-vin4		過敏 	8
ang2-lau2-vang2		紅樓夢 	1
hue4-cia1		火車 花車 貨車 會車 	10
vor2-nai2		無奈 	3
ai4-kui1		愛開 	2
kang4-de2		空地 	1
ling2-qing4		龍眼 	2
ui2-gim3		違禁 	1
ga4-gi5		佳期 假期 	12
ze4-bin5		濟貧 	1
lam2-bo2		南部 	27
zai2		zai 在 載 	8
ziam4-ui2		佔位 	1
en2-hun2		緣分 緣份 	2
se4-vin2		世面 洗面 勢面 	1
dam4-zui4		淡水 	3
ve4-a3		尾也 	3
zing4-tau5		症頭 踵頭 	15
gi4-zia4-hue2		記者會 	1
ciunn4-gua1		唱歌 	16
zin4-kau4		進口 	23
o4-ki3		挖去 	1
vor2-gau4-iong2		無夠用 	2
sin4-iong4		信仰 	11
ziunn4		守 掌 槳 蔣 	1
gi2-dor4		祈禱 	4
ging4-ren5		井然 竟然 	102
tau2-zing5		頭前 	54
ho5		弧 狐 侯 胡 斛 葫 撈 糊 鬍 	2
ho2		ho ho 予 互 戶 雨 厚 候 扈 滬 護 怙 	107
lin2-vun5		人文 	1
zing4-zong2		症狀 	2
zai2-zing5		才情 	10
kue1		恢 盔 溪 詼 魁 窺 	2
liau2-vun5		皺紋 	1
gang4-ge3		工價 	17
ziann2-cu4-vi2		誠趣味 	2
giu4		九 久 玖 疚 糾 鳩 	6
giu5		求 毬 球 裘 橋 逑 	3
giu2		臼 咎 疚 柩 舅 	2
giu1		giu 鳩 	1
ui2-san4		遺產 	3
gi4-ding2		既定 	1
si4-zia4		死者 	3
vor2-zinn2-lang5		無錢人 	1
vin2-hang5		民航 	1
qia2-tau5		ghia頭 夯頭 	2
cau3		校 臭 湊 	1
se4		洗 黍 	11
se1		西 沙 梳 紗 疏 蔬 	9
iu2-uan5		遊玩 	1
bing4-gong1		秉公 	2
si2-gan1		時間 時艱 	232
hi2-a4		魚仔 	12
ai4-sing1		愛先 	1
zin4-so4		診所 	1
lior2		尿 	2
dai2-uan2-rin2-vin5		台灣人民 	8
te2-sin5		提神 	1
vor2-sing2-i3		無誠意 	3
hun2-ziu1		焚舟 	3
gi2-guan1		奇觀 	2
hing2-li4		行李 還你 	2
ling2-rin5		能人 	1
zing4-can5		種田 	1
ba5		爸 	7
han4-siann5		漢城 	1
ba3		豹 罷 霸 壩 	2
ki2		柿 	10
ki1		欺 	324
ki4		豈 起 綺 齒 器 	29
buan4-zu4		半子 	1
gor4-de2		高地 高弟 	5
bor4-un1		報恩 	1
lam2-giann1		南京 	2
ru2-gim1		如今 	5
bing2-lun2		評論 	1
mi1		mi 咪 	1
mi2		媚 麵 	5
gng1		光 扛 供 缸 耕 糠 	6
gi4-zia4		記者 	511
pai4-ki3		歹去 派去 	2
zu3		次 住 注 蛀 著 註 駐 鑄 	41
vor2-mia2		無命 	2
bing2-huan4		平反 	3
ba1		巴 吧 爸 芭 疤 笆 	3
zi1		zi 之 支 枝 芝 胝 脂 	6
he2-gau5		蝦猴 	5
i2-sing1		餘生 	98
gen4-qi2		建議 	20
kiau4		巧 	9
kiau1		kiau 曲 蹺 蹻 	1
ge4-ang1		嫁翁 	1
cua3		蔡 	41
hun4-ki4		奮起 	1
zong4		總 	1
zong5		zong 崇 叢 藏 	3
gi2-tann1		其他 其它 	19
kuann4-cing1		看清 	1
giam3		劍 	1
giam1		兼 緘 	6
giam4		減 撿 檢 鹼 	2
du2-liau4		除了 	13
dai2-lam2-guan2		台南縣 	2
sing4-ling5		生靈 性能 性靈 	1
sin4-gang4		新港 	1
gau4-vue4-a3		到尾a 	6
quan2-ki3		元氣 原器 	1
dionn2-vin2		場面 	1
ge4-gau3		計較 	10
am4-si5		暗時 	77
vor2-suann4-den2		無線電 	1
buann4-so3		半數 	1
giam2-cai3		鹹菜 	1
zai2-quan5		財源 	1
gor4-gai3		告誡 	3
tau2-lo2		頭路 	19
da2-mi2		乾麵 	1
kun4-lan5		困難 	13
dau2-kor4		投考 	1
zenn4		井 阱 	1
am3		暗 諳 黯 	2
bin1		彬 賓 儐 嬪 濱 檳 殯 繽 鬢 	1
zing4-qi2		正義 爭議 精義 	3
cu4-se3		厝稅 處世 趨勢 	1
lan2-gan1		欄杆 	2
dng4		轉 	5
na4-vor5		na無 若無 	1
qi2-diam4		疑點 	2
tng4-siong1		燙傷 	2
vor2-i4-diong1		無意中 	1
i4-lin5		異人 薏仁 	1
lai2-zia1		來zia 	39
am4-dng3		暗頓 	9
gue4-gi5		瓜期 過期 	1
si2-dai2		時代 	16
buan4-dor4		半島 	1
mui2-gui3		玫瑰 	1
quan2-pue3		元配 	2
siau3		少 肖 哨 峭 笑 帳 紹 嘯 數 賬 	1
siau1		削 宵 消 梟 逍 硝 誚 嘯 銷 霄 蕭 簫 瀟 囂 	1
hor4-la3		好啦 	100
tuan2-duann1		傳單 	4
zinn2-dong5		錢塘 	1
kor4-de5		課題 	3
zun1		尊 樽 遵 	1
zun2		zun 陣 	3
zun4		准 準 撙 隼 	3
zun5		存 船 	1
bai2-mia5		排名 	9
quan2-lim5		員林 	1
ki4-gue4		柿果 	1
dng2-tau2-mo1		長頭毛 	4
ben4-so3		變數 	2
diau2-vun5		條文 	3
kiam4-zui4		欠水 	2
e2-lang5		ｅ人 	27
honn4-rin2		否認 	1
ding2-siu1		重修 	1
siau4-len2-lang5		少年人 	67
zong2-zinn5		zong錢 	1
te2-an3		提案 隄岸 	13
siu4-diunn5		收場 首場 	1
bang4-hue4		放火 	6
hun4		忿 很 狠 粉 	1
hun2		分 份 恨 訓 混 暈 馴 憤 	2
tue4-hua3		退化 	4
zing4-siong5		正常 	11
luan2		亂 戀 	7
hun2-lim5		雲林 	30
vor2-uan2-zuan5		無完全 	2
ri2		ri 二 字 貳 餌 膩 	11
dau2-sing5		投誠 	1
rim2		刃 仞 任 妊 認 	1
vor2-kuann3		無看 	1
ziau2		沼 	2
ge4-siau3		價siau 價帳 價數 價賬 	142
giong2-diau2		強調 	15
qi2-lan5		宜蘭 疑難 	45
vin2-cng2-ding4		眠床頂 	5
vor2-mia5		無名 	1
por4-san4		破產 	1
qau2-za4		ghau早 	12
vor2-ze2		無濟 	2
siong2-siong2-se4-se3		詳詳細細 	1
zai4-gen3		再見 	2
vor2-ai4-gai4		無愛改 	1
long2-en1		狼堙 	1
ge2		下 低 	56
ge3		架 界 計 嫁 過 價 稼 繼 价 	24
ge1		加 瓜 家 基 傢 街 稽 雞 	24
ge4		果 計 假 粿 	12
suann4-suann3		散散 	1
sing2-ziu2		成就 	3
ui2-gi5		圍棋 	2
kng3		kng 券 勸 礦 	7
liang2-hong1		良方 涼風 	1
vor2-zu4-i3		無注意 	8
lin2-su2		人士 人事 	5
pa4-giu5		拍球 	3
zing4-lang5		眾人 蒸籠 	1
ving2		名 命 孟 	5
guan4-gai3		冠蓋 狷介 灌溉 	3
qau5		ghau 賢 	2
lin2-suan4		人選 	3
dui4-tau5		dui頭 對頭 	1
sui2-lang5		隨人 	2
hor2-ding4		何等 	1
sue4-siu1		稅收 	4
zue2		坐 罪 儕 	3
zue4		髓 	14
bing2-gun1		平均 	25
lai2-luan2		來亂 	4
can2-ia4		田野 	1
ga4-gong1		家公 	1
gior2-a4		茄仔 	1
bin2-dong1		屏東 屏當 	40
te4-hiu1		退休 	15
diunn2-so4		場所 	7
por4-hai2		破壞 	4
hua2-sing4-dun3		華盛頓 	2
kuann4-ki4		看起 看起去 	1
sing2-hun2		成分 成份 	1
dau2-pior4-so4		投票所 	1
to5		土 塗 	8
to4		土 吐 妥 賭 篤 	1
din3		鎮 	1
ing4-zing2		永靖 	1
san4-bo2		散步 	1
go4		古 估 沽 股 枸 苟 罟 詁 鈷 鼓 穀 蠱 	11
te1		胎 推 釵 躺 	3
te3		涕 退 惕 替 諦 体 	35
te4		體 	60
zen2-de5		前提 	1
sin2-bi3		神祕 神秘 	3
ting3		聽 	1
kuann4-mai2		看mai 看覓 	58
dai2-uan2-lang5		台灣人 	203
dam2		淡 澹 	2
dam1		耽 擔 	1
dam5		dam 談 澹 譚 	1
pen4-lang5		騙人 	1
uan2-lim5		員林 	1
zin4		忱 拯 振 疹 診 賑 賬 縝 軫 	15
tam4-tor4		探討 	2
kang1		孔 空 腔 	2
gi2-gan1		期間 旗竿 	17
kong4-ze3		控制 	17
rin2-ge1		人家 	4
tuan2-inn5		團圓 	3
suann4-siong2		線上 	1
siu2-lin5		仇人 	1
ziann4-ka1		正腳 	2
tor2-hng5		桃園 	27
dor4-lui4		盜壘 	1
za4-dng3		早頓 	1
mai4-lai5		mai來 	2
ma2-huan5		麻煩 	14
pior3		票 幣 漂 	10
vor2-gang5		無仝 	19
lin2-guan5		人權 	1
inn5		圓 楹 	1
inn2		易 院 異 	1
inn3		燕 	1
inn1		嬰 	1
gue4-me5		過暝 	1
han4-rin5		漢人 	4
ben4-gua3		變卦 	1
lai2-gau4-zia1		來到zia 	4
tiau4-suann3		跳傘 	1
hing2-zinn5		還錢 	1
nng4-e2		二下 	1
ziann2-gi2-guai3		ziann奇怪 	1
lang2		弄 量 	73
lang3		lang 	8
lang5		lang 人 隆 儂 龍 膿 籠 聾 	393
huai2-liam2		懷念 	1
te2-guan5		提峘 	2
biau1		彪 標 	1
qua4		我 	151
qua2		外 偌 	42
ai4-zor3		愛做 	4
hu4-ci4-diunn4		副市長 	1
cue2		cue cue 揣 	15
hong2-de3		皇帝 黃帝 	6
gor1		ger 戈 科 哥 羔 高 過 歌 膏 蒿 篙 糕 擱 鍋 顆 	57
gor3		划 告 個 哥 過 箇 課 靠 	5
gor5		個 	1
gor4		告 果 槁 裹 稿 縞 	6
co4-si1		措施 粗絲 	2
bong4		綁 榜 謗 	2
zen4-diunn5		戰場 	2
bing4		反 丙 秉 柄 炳 	1
bing2		并 並 併 	3
bing1		bing 冰 兵 硼 	4
lam2-zu4		男子 楠梓 	21
gau4-de4		gau底 	5
giann1		京 驚 	3
gue4-dang1		過冬 	2
vor2-diau2-giann2		無條件 	2
zor4-uan5		做完 	1
si4-ge3		四界 	11
hin2		恨 	2
sing2-i1		成衣 	3
en2-bing2-lo2		延平路 	3
sing2-i3		誠意 	2
iau4		iau 夭 舀 	3
zing4-di2		爭痔 政治 種di 整治 	29
hann4		哄 嚇 	3
hann2		hann 	1
ki4-zui4		汽水 	5
cui4-go2-go5		碎糊糊 	4
diam4-ge1		店家 	12
lue2		內 睿 銳 濬 	1
qa4		雅 	1
zor4-bor4-gor3		做報告 	3
vor2-zai2-diau2		無才調 	5
gong4-liau5		貢寮 	1
gong4-liau4		講了 	1
li4		女 汝 你 李 里 妳 哩 旅 理 裡 屢 履 鯉 醴 裏 	128
li1		利 	2313
li2		li 二 吏 字 利 呂 例 俐 莉 痢 貳 蒞 餌 厲 履 慮 鋁 閭 屨 縷 濾 癘 離 蠣 糲 	81
dua3		dua 帶 	47
ziong2		狀 將 	6
lam2-dai2-uan5		南台灣 	5
le4		le 儡 禮 	2
ving2-hen4		明顯 	8
dong2		洞 動 撞 蕩 盪 	10
dong3		凍 棟 痛 當 擋 蕩 檔 盪 	3
dong1		冬 東 當 鐺 	2
zor4-gi4-liam2		做紀念 	5
diong1		中 忠 衷 張 	7
diong2		丈 仲 重 量 	5
diong3		中 帳 悵 脹 暢 漲 	2
zor2		作 坐 皂 座 造 	2
zor3		作 祚 做 	80
zor1		遭 蕉 	2
hi1		希 晞 稀 虛 熙 嘻 墟 嬉 熹 羲 禧 曦 犧 	4
hi3		hi 肺 戲 	3
hi5		魚 漁 	1
zai2-zing4-bo2		財政部 	17
ka4-pinn3		卡片 	2
du1		du 株 蛛 誅 豬 	3
du2		箸 	1
niu5		娘 娘 梁 涼 量 樑 糧 	1
cui4-ciu1		嘴鬚 	5
bing4-ki3		兵器 	1
bai2-du5		排除 	4
zior2		醮 	4
zior3		照 醮 	55
zior4		少 	15
siann1		聲 	21
en2-gi5		延期 	2
ni2-hue3		年貨 年歲 	5
vor2-en5		無緣 	1
cu4-di3		處置 	1
siau4-len2-a4		少年仔 	2
kuann4-lang5		看人 	1
diau2-pue3		調配 	1
liu2-hong5		留黃 硫磺 	1
sing2-ving5		成名 承蒙 	1
gia3		寄 	1
gen4-guai3		見怪 	2
zai4-hue2		再會 	3
gong4-go4		曠古 	3
un2		孕 運 醞 韻 蘊 韞 	4
un4		允 吮 隕 隱 穩 癮 	1
se4-han3		西漢 細漢 	34
se4-qi2		細膩 	1
bui2-liau2		肥料 	5
iu1		攸 幽 悠 憂 優 	2
iu3		幼 碎 釉 誘 	8
lai2-ong4		來往 	3
am4-me5		暗瞑 	1
ga4-in2		ga_in 	1
cai2		cai 峙 	4
cai3		菜 蔡 	42
li2-dong5		兒童 	7
do2-hu1		屠夫 	1
mo2-gui4		魔鬼 	1
bi4-su1		祕書 	5
hen2		現 莧 硯 憲 獻 	1
ui2-gi1		危機 	14
sui2		祟 瑞 遂 穗 	13
si2-rin5		時人 辭人 	1
sing2-dam1		承擔 	1
gan1		gan 干 奸 杆 姦 竿 乾 間 艱 矸 	16
gan5		橄 	1
gan4		柬 桿 稈 簡 	4
hing2-siau1		行銷 	1
cing4-ciu4		槍手 	1
sue4-ze3		稅制 	1
dor4-so3		多數 	1
su2-rin5		詞人 辭人 	3
giann4-tau5		鏡頭 	28
ni2-ling5		年齡 	4
ing4-gong1		用功 	1
bai2-dui2		排隊 	17
hau4		吼 哮 嘓 	1
hau3		孝 耗 	13
hau2		後 候 效 校 傚 酵 	2
bun2		笨 	2
bun4		本 苯 	1
cior4-vin2		笑面 	1
honn4-gi5		好奇 	1
si4-lau5		四樓 	7
vor2-hor4		無好 	52
dau2-ho2		投ho 	2
zong4-dai2		壯大 	1
pau4		跑 	1
pau3		泡 炮 皰 砲 袍 	2
sia1		些 奢 賒 	20
dui4-dam5		對談 	1
kan1		刊 牽 	2
uan2-zing4		完整 	1
suann4-lo2		山路 線路 	2
hm5		茅 媒 	5
qu2-bai5		牛排 	5
an4		an 按 俺 	8
an1		安 	8
an2		安 限 	4
senn3		姓 性 	1
dua4-zor4-hue4		dua做伙 	2
vor2-suan4		無選 	1
vor2-sun2		無順 	1
kuan2-ging4		環境 	21
dai2-uan2-lin2-vin5		台灣人民 	6
zor4-ze3		遭際 	1
cai4-bo4		菜脯 	2
dai2-dang1		台東 臺東 	26
sui2-gi1		隨機 	1
dai2-lam5		台南 臺南 	52
hua2-hang5		華航 	2
zor4-can2-lang5		做田人 	4
sue4-ri2		細膩 	1
gi2-i5		其餘 	1
hong2-hua3		洪化 	1
ing4-zing1		應徵 	1
go5		糊 	2
go1		go 勾 估 姑 孤 沽 枯 罟 蛄 菰 詁 辜 搆 撈 菇 鮕 	1
go3		固 孤 故 雇 僱 構 遘 購 顧 	19
pau4-de5		泡茶 	4
bing2-ge3		評價 	4
zng2		狀 	2
zing2-kong4		情況 	5
ke4		啟 	1
ke3		契 訖 稽 課 	9
tuan2-gi5		傳奇 	3
zing4-ging1		正經 曾經 	3
zue4-puann2		做伴 	3
vor2-i4-qi2		無意義 	3
bu4		斧 	3
kiang4-ka1		kiang腳 	4
cia1		cia 車 奢 	27
hong2-vun5		洪門 逢門 蓬門 鴻文 鴻門 	9
giau2-vin5		僑民 	1
iu2		又 右 佑 柚 祐 鈾 誘 	26
iu4		友 有 酉 誘 	1
iu5		尤 由 油 游 猶 郵 猷 遊 蕕 	9
se4-siann1		細聲 	2
ziann4-dor2		正道 	1
cionn3		cionn 唱 啾 	6
siau4-po2		帳簿 	1
ciunn4-pinn3		唱片 	2
i2-vin5		移民 	1
tng2-a4		糖仔 	5
be2		父 背 倍 培 憊 	2
uan2-gang1		完工 員工 	11
cai4-tau5		彩頭 菜頭 	6
dui4-ing3		對應 	1
buann2-suann1		盤山 	1
vor2-bing2-ding4		無平等 	2
hor2-un2		河運 	1
do3		do 妒 鬥 蠹 	4
do2		杜 肚 豆 度 逗 渡 鍍 竇 	3
do1		多 都 	1
zing2-hong4		情況 	2
zai2-ling5		才能 材能 	1
gin3		艮 絹 	2
gin2		近 	18
gin1		巾 今 斤 均 根 筋 跟 兢 輕 襟 芎 衿 	40
gin4		蚓 僅 緊 瑾 謹 	21
tiau4-pior3		跳票 	4
