	835
niu2	8
siap8	1
niu5	26
niu4	15
qe2	81
Ten1	14
Obamae5	1
It7	69
TAIWAN	2
hiu5	2
sing1	858
Piann5	1
gim1K	1
hiu1	55
hiu3	4
riok6	31
bi5	1
qim5	3
zin	1
kau4	168
kau1	7
Hiap6	13
kau3	46
din1	7
din2	51
din3	37
sit7	227
din5	20
Qen5	2
lorh6	286
den4	171
den5	19
Hang5	16
den1	36
den2	218
ciann3	7
bor4	254
ku	6
hun	2
Jonathan	1
ki	1
hing5	610
giok7	11
gim1	270
gim3	19
gim4	5
het7	8
duah6	1
duinn2	13
penn5	1
dan1	97
dan2	161
dan3	48
dan4	44
dan5	119
dinn	1
zok7	240
zok6	40
ciann5	1
bau4	2
ding	1
Zo4	13
Zo1	3
Beh7	17
dai1	12
(dai2	2
tau	2
a1？	2
zi1	338
zi3	242
zi2	1
zi5	1
zi4	482
heh7	2
duat6	16
Tiok7	3
Viau5	27
Kor1	34
vu4	126
Qiap6	20
lak7	57
lak6	357
ciu4	268
ciu5	3
Bet6	2
hue5	129
Cat7	13
ciu1	19
ciu2	28
chocolate	2
Bush	6
Nqa4	2
Suinn3	1
Ziann5	1
ting2	1
qo2	508
Ziann1	1
qo5	1
Ang5	33
ting3	2
cinnn2	1
Bottino	2
Ciong1	3
lik7	2
lik6	323
kut7	16
gogk7	1
lik8	1
suinn3	24
suinn1	3
ai3	303
Qan5	2
ai1	17
Qan2	12
hiap6	91
ai5	1
Za1	11
an3	319
Hok7	22
Hok6	4
vin2siang2	1
Za4	2
zui41	1
Obama	41
ciorh7	33
Masakizai1	1
zui4	382
Di5	9
tng3	30
mi2	32
Mail	1
sak6cut7	1
Sun5	7
di2sann1	1
Hua5	40
suah	2
Cui3	5
lai	1
binn5	1
ge7	1
Hawaii1	2
Zip6	8
ve2	450
ve5	34
ve4	153
qa4	24
binn2	2
e5niau1	1
Ai3zu2	1
pang4	7
pang5	9
pang2	4
binn1	113
pang1	47
Long	1
qiu4	39
Pell	2
Na'vi	1
Taro	1
Tan5	18
cue1	16
cue2	79
cue4	2
Claiborne	2
cue7	1
ge1	323
dang	1
benn1	2
la3	4
la2	17
la1	8
gi3	345
riang4	2
e5．sik6	1
sua4	8
gi4	171
LED	2
sua1	45
sua3	48
cang1cing1	1
Carter	1
Gong5	1
vun2	161
din4	10
Gong4	12
ne	1
sit6	283
tai	1
Lin4	1
zo7	1
ban2？	2
Qen4	5
M2	29
Chong5	1
Leach	1
ziah8	1
ziah6	159
sai1	32
sai2	6
sai3	114
sai4	158
niau1	8
den7	1
Dui2	6
niau4	6
it7de2	1
hong1pann3	1
Ciunn4	4
Ciunn2	3
Ciunn3	2
siam4	26
siam5	3
diann2cut7	1
siam3	2
nqo2	20
ne1	100
ten5	1
ten1	52
Hyakuri	2
gan1	295
Opel	6
gan3	16
Belgian	1
gan4	28
luan4	33
luan5	3
gun5	53
giong2	73
giong1	112
Clinton	15
gun1	192
gor5	9
giong5	165
giong4	3
gor4	182
sim1．dai5	2
Zue3	15
Zue2	2
F	12
Pelosi	3
Ga	1
ling2	116
giann2hinn2	1
ling1	43
ling4	89
ling5	299
Dow	1
tenn	1
rior2	6
Dior3	4
Dance	1
new	1
gong	1
qior5	1
hinn1	1
mouse	1
lih6	6
lih7	4
vuai5	3
Denmark	1
pen1	23
tap7	1
Guinea	1
Marlboroughgah7giam3	1
Nixon	1
Cut7	9
cor4	31
ka	1
hor2紃	1
Ukraine	2
Bit6	4
Bit7	1
Den4	2
ok7	28
zu4	450
qo4	1
Den2	30
guinn1	6
Iann4	2
H1N1	11
guinn4	11
suann	1
a4hun4	1
But7	6
muai5	3
Gim1	63
hinn3	1
Gim4	14
Cu3	12
diong1lam5	1
quat6	12
penn4	2
Heymans	1
Ri2	6
Ri5	8
biann4ong5	1
Or3	11
Takahashi	1
qi2dai5	1
ket6	1
Iu4	5
Iu5	82
Iu2	11
Iu3	1
Iu1	1
sian1	1
ziah6dua3	1
Kong4	2
Kong3	14
Kong1	25
Genève	2
Guan4	21
Guan1	10
Guan3	1
Guan2	253
suan1	114
suan3	17
suan5	5
suan4	253
hok8	1
kat7	2
Sen1	10
Sen2	5
dng4	94
dng5	111
han5vi4	1
Tinn1	8
dng1	62
dng2	11
dng3	7
Lap6	1
Ziam1	7
Denmarkdan1	1
Ziam3	1
nau2	19
nau4	40
jhong4e5	1
zi	1
gu3：	1
si7vok6	1
za	2
Hu3	17
Hu2	4
Hu1	1
Queh6	3
ia4	37
ia5	7
Lun5	29
hueh7	55
hui4	35
di3	153
lor3	8
Dan2	16
Dan3	2
Dan5	132
lor4	72
lor5	128
Zok7	4
Zok6	9
Lan4	1
Lan5	43
Qiok6	22
benn2Gah7	1
Diam4	2
lah6	5
kue1	9
kue3	11
kam1	18
bok67	1
FAPA	2
Gok7Rit6	1
tuh7	3
uuan5	1
cit7	317
hann2	5
iau	1
bng1	3
bau3	1
Zenn4	1
Cet7	2
kiunn2	1
kiunn1	4
gua1	131
gua2	2
gua3	51
gua4	49
bui5	12
Chiang1	1
ik	2
inn5	15
inn7	1
inn2	251
Qui2	2
vang1sior4	1
in	2
Dua3	1
Sue3	5
bai	1
ban	1
cuan1	61
cuan3	21
qiau5	2
cuan5	1
cuan4	3
Talbott	12
Bombardier	4
guaq	1
Qu5	3
Tok6	1
Binn4	7
sue2	1
hor1ruah6	1
ong5zin1	1
ba3	15
ba2	4
ba5	6
ba4	15
bor2	2
Bak7	261
Ciok7	3
Masagiku	1
Goldberg	2
Sin5	20
Sin1	849
Sin3	15
Sin2	3
i41	1
m	2
mue2	14
diam3hue3	1
mue4	8
Ia5	2
hi5	109
giang1	4
F16	1
giang5	38
giang4	1
COPEIA	1
Gun5	5
Dong1	40
Dong2	4
Dong3	1
Dong4	138
Dong5	28
gue	2
gua	1
Iok6	14
Iok7	4
Vun2	1
ko4	94
ko2	1
ko3	60
Vun5	846
Ding2	3
Ding1	40
gok6	1
Ding4	15
Ding5	17
zorh7	4
zorh6	1
Kok7	14
Chhin1	1
bin4	4
gai4	275
dor3	80
Tiau1	1
dor1	129
gai1	155
dor4	118
gu3	13
ong1	13
Siong5	6
ong2	7
ong5	96
ong4	130
Ciu2	13
riam4	48
Zong1	6
ving5siann4	1
Quan5	31
miau2	5
Dior2	1
pok7	52
pok6	12
Be4	1
lai5	1053
bak7diong1lam5	1
lai7	3
lai3	2
lai2	431
tui1	76
tui3	1
Cenn1	8
tui5	6
tui4	2
Yuma．Taru	1
Vong5	1
ci1	10
zia3	73
zia2	13
zia1	39
quan	2
zia4	368
vi5	6
vi4	257
a4o1	1
vi3	1
vi2	138
vuah7	4
Ziann3	1
Gen1	1
Greenland	3
zam7	1
giah6	1
zam4	1
zam3	2
zam2	115
ginq1	1
va5	5
Richardson	1
vin	1
kip7sim1	2
gun2	3
va4	1
qua2	676
pan3	2
qua4	40
Dreyer	1
qiah6	45
zong2？	1
Ruah6	2
dua3	101
dua2	747
o	1
Altria	1
cior3	44
Zit6	48
dau2zor4	1
ziang3	37
iong2	342
tiap6	1
ziang4	49
tiap7	3
Obama1	1
Yoichi	4
ui5genn5	1
hor2beh7	1
uann4	12
viau5	48
uann2	31
Som1	2
Ma4	98
Mui5	16
Ma2	1
Ma1	6
hua3zong1	1
liong4	12
liong5	28
liong2	103
liong3	1
Brown	1
sann1si3	1
guai1	6
guai3	24
Him1	9
Vi1	3
pue5lo4	1
iong2giong5	1
22A	1
beh7gau4	1
de4giu3	1
en5ham5	1
ciorh	1
vi2tng1	1
Formosa	2
t	1
Bing4	4
uan5qi2	1
hiann5	7
in4	140
in3	23
in2	11
hiann1	14
Hiorh6	1
Ni5	18
ben2	94
ben3	164
ben1	39
mng5	88
vok8	1
mng2	36
hang3	1
hak7	1
hak6	511
vun5	518
Gan1	7
siok6	247
hinn2	7
Gan4	12
Ru2	15
Zap6	24
gah7	801
gah6	4
Lip6	382
Clinton1	1
Dau5	28
zu1sia4	1
len5輟	1
suah7	220
in1giann1	1
Shuichi	1
A	5
Kor4	5
a4tih7	1
pua3tat7	1
bin1lang5	1
ciann2	1
Hong5	57
biáu1	1
Hong1	50
ciann4	243
Hong3	3
Dng5	5
vu2	139
vu5	36
Dng1	4
vu7	1
da3	5
zong1	125
sak7	21
Sann1	9
mi5	23
zui3	6
zui2	1
zui1	3
hng5	84
uan3	16
uan2	9
uan1	21
binn4	67
binn3	8
dun2	8
uan5	1109
uan4	30
pior3uann2	1
Al1	1
《iap6	1
du5	42
du4	87
du1	2
sim3	1
ni	1
binn	1
Nakasone	1
cih7	4
cih6	1
at7	2
Quan4	1
Zai1	4
Lausanne	6
zor3gi3	1
Liok6	6
pau4	4
sok	1
van	1
Qiam2	10
gong1to4	1
zuainn2	1
veh6sann1	1
tok7ging3	1
nqi4	1
gong1tang1	1
do2huan2	1
so4	306
so5	1
so3	248
Binn1	1
so1	110
《Washington	1
Gua1	2
Gua3	7
e5？	2
dui2	181
si2beh6	1
Phuan1	2
Inn5	4
bin1	47
《niu4	1
Inn2	70
bin5	44
guan5	117
guan4	211
tiah7	12
guan1	397
Seh6	1
guan3	67
guan2	212
vui4	8
de2bang5	1
zuan1	143
zuan2	1
zuan4	79
zuan5	392
Chun1	1
Nng4	3
Nng2	21
Iap7	1
hor2(	1
Muslim	1
long4zing3	1
Zam2	30
Huan4	4
Huan5	13
Huan2	3
Huan3	4
Huan1	5
Cit7	18
Karl	2
C	7
Rip6	7
guann	1
Sa1	5
liam3	1
liam2	61
Iah6	3
vo1	1
liam5	16
tun4	1
tun5	4
Hap6	16
tun1	7
tun2	5
va2	3
An3Li4	1
dok6sing1	1
Puann1	5
SMAP	1
tiann3	33
cia1﹔	1
tiann1	100
vo4	125
Takayama	1
Tui1	1
He2	3
ziann1	8
le3	2
gui7	1
Ka1	4
Zia3	5
Zia2	16
Zia1	2
kang4	2
gong1qua2	1
Zia4	1
zenn3	11
zenn1	11
cong4	6
cong3	99
ve3	1
cong1	9
zenn4	8
Zip7	1
Ken1	1
tinn1	98
Ziong5	1
tinn2	1
ki4	504
ki5	3
Go1	1
ziam1	66
kik7	65
Go4	6
ziam2	43
ciau5	1
qa5	2
ciau1	130
Karma	2
len5zia2	1
Nia4	4
DNA	5
iann4	149
iann5	39
Dharamsala	3
bior4	13
Dua2	59
huan2	192
huan3	40
huan1	37
Ong1	12
KUSO	2
tan3	44
Ong2	2
Ong5	77
bo4	96
bo3	197
bo2	381
bo1	212
Pok7	12
mue7ze2	1
Sarkozy	1
zng2	2
zng3	2
a4lau2	1
zng1	40
Ko4	20
zng4	1
puan3	4
o4	5
o5	43
o1	163
gann4	24
pin1	2
ng4	2
vat6	2
vat7	68
hor7	1
hor4	289
hor5	154
Te3	2
ui3	213
ui1	38
tam1	18
tam3	20
tam2	1
tam5	12
dth7	1
hua5	69
cai3	55
hua1	16
lor4dam1	1
hua3	222
cuah6	1
ziong4	124
ziong5	37
ziong1	111
ziong2	5
ziong3	424
Tong1	16
Puan5	1
iu5ca5	2
liorh6	1
kai1	327
Iwamoto	2
Ca5	1
siong	3
Nga4	1
riok7	2
zor3dik6	1
Scissors	1
gok7	1126
Dor2	25
Ziunn2	8
Ji2	3
Gai1	3
Dor4	16
Gai3	10
gak6	1
gak7	137
cing1：	1
Pinn2	1
Vor2	1
san3？	1
Vat	1
FORMOSA	1
Ziok7	4
《diong1	3
qik6	18
qik7	3
hat7	18
Jip6	5
diorh6？	1
duann2	91
─	1
Teufel	1
uai1	1
tiau3	42
tiau2	11
tiau1	24
Din3	31
ciunn2lau2	1
Din5	1
tiau5	4
Derek	1
Beauchamp	5
bok6	149
a2	126
a3	103
a1	185
zia24	1
a4	1070
gi1？	1
zenn5	18
Lam5	183
Bi2	4
Bi4	31
ki3zih7	1
duan2	62
duan1	5
hiam1	11
Dino	1
ge4	38
senn3	165
ＭＤ	2
senn1	144
Am3	2
ge2	109
ge3	474
lo5	29
co4	7
co3	2
co1	44
Gok7In3	1
Chong4	1
Shaheen1	1
tiok7	3
Vok7	1
Vok6	19
Bin	2
Mng5	12
“welcome”	1
cok7	1
au7	2
rip6	304
au5	3
au2	634
au3	4
Georgetown	1
au1	19
iah7	36
lo2	386
Hui1	41
cik7	101
Hui3	6
Hui2	8
hong4	104
Hiroshi	1
qi	1
hua3e5	1
hong5	405
qiap7	2
qiap6	378
la3ki3	1
ve4beh6	1
guann1	186
e5quan5	1
se4	33
Illinois	1
sing1hong2	1
ai4	1
ziam5	3
hong2	18
Go3	1
Uat6	9
《zing1	1
su1	445
su2	453
su3	60
su4	348
su5	23
su7	2
ki1	13
Mexico	5
vior2	34
dong7	2
ziam3	30
gang4？	1
siang5	52
siang4	45
Bue1	6
ki3	813
siang1	174
cua2	56
cua3	26
zam2﹔	1
cui3…	1
Siu1	2
Siu2	17
Tuan5	22
liok6	75
Zen5	2
Zen2	1
Zen3	5
En3	3
En1	3
vior4	6
En5	3
En4	1
liau2gi1	2
sann4	1
im4	7
hiorh7	14
hiorh6	10
Zan3	1
Zan1	4
qiu5	2
zok	2
Summers	1
Ziang1	25
Gah7	13
BBS	1
Geithner	3
Giau5	1
hai1	2
hai2	122
hai5	13
sorh7	5
zuinn1	4
sun1	22
ri2sann1	1
tui1u2	1
ni2	21
Qi4	8
pinn1	9
vau2	1
pinn3	89
pinn2	11
Hirofumi	1
Yasukazu	2
vau4	1
Zang3	1
Biau5	3
Biau1	3
Duinn2	1
Iunn5	60
liap6	33
liap7	17
Eng4	3
Romania	1
Ho4Si1	1
Zui4	48
ue7	2
mo4	1
mo5	40
biau1	56
mo1	13
mo2	25
Lui5	8
Diann5	1
Cohen	2
sam1	32
kiu5	1
gin1	441
tiong4	2
gin2	216
tiong3	4
det7	3
Lew	3
tor3	22
tor1	17
tor4	67
tor5	26
Steinberg	2
Kik7	14
dau2ah7	1
bong4	1
zam2？	1
bong2	7
huan4	128
CHANGE	1
huan5	126
du	1
Hiang1	57
dam1	44
siu	4
dam2	15
dam5	51
Ci3	13
cit7zing3	1
ho1	46
sim	2
sin	2
ho2	1044
de	1
ho4	29
ho7	1
ziah7	325
di	3
Lawa．Toyu	1
bior1	32
su2e5	1
Sut6	8
zong	1
Len5	51
Duann5	1
Le4	4
Len1	1
un3	6
un2	232
un1	82
queh6	421
ging	3
un4	39
dinn5	7
dinn1	27
qak6	63
dinn2	1
veh7	504
bing1：	1
Richard	3
si4	283
si5	797
hun2	148
hun3	61
hun4	18
hun5	72
si2	2470
si3	452
Qe5	1
Qe2	14
Cuomo	3
Lantos	1
i	1
Tai3	35
ge1？	1
o3o3o3	1
Vun5Lim5	1
ziorh6zui4	1
a4zim5	1
zan2	2
zan3	21
Qak6	10
zan1	17
hiau3	1
hiau1	7
zan5	48
Suleiman	1
iau3ginn3	1
Na5	16
Na4	3
Melamine	1
Na2	6
liang2	74
Facebook	2
liang4	10
liang5	46
liang7	1
Burnham	2
Ik7Lau5	1
hau4	1
hau3	6
hau2	231
Set7	6
cang1	2
it7cit7	1
Solomon	1
cinn1	1
de7	4
sang4lau2	1
de5	187
de4	181
de3	37
de2	799
de1	1
Yuma	1
ban2se1	1
Vat7	2
ziah	1
Max	1
painn4	51
Rim4	2
painn2	6
gen3	223
zhong4	1
zen4	5
zen5	78
e5ziah6	1
zen3	112
zen1	2
gon4	1
dui3sin5	1
riong5	1
Parma	2
Akita	1
giu1	3
cat6	20
giu3	263
giu4	154
giu5	341
qiann5	1
buann1	51
ten4	1
buann3	97
ge1bau1	1
zainn1	67
o2	7
ppm	1
pai3	97
vah7	79
『veh7	1
kim5	12
ziun2	1
Gok7	419
kiang1	2
kim1	11
Ga1	127
Ga2	3
gong1』	1
ne4	1
zing3gong1	1
Arnold	2
luan2	30
ke1	40
Liu5	7
Zng1	20
Liu4	3
zior7	1
ke4	23
ku2	13
ku3	1
ku4	1
ui4	178
Vut6	8
lue2	25
gue4	20
pue3	38
ui5	483
pue5	18
gue1	30
diang3zinn5	1
gue3	575
ui2	997
Te2	2
vit6	55
Tang1	3
tak7	3
tak6	28
gun4	23
mua4	21
zior1	21
nnq5	8
vong2	22
Sotoyo	1
Hue1	13
salon	5
Hue3	1
Hue2	102
Hue4	14
Cuan1	18
de2e5	1
e4	3
Tau5	16
e2	863
gun3	7
e1	7
Iraq	1
biau4	391
lo2＞	1
Qua2	7
suann3giok6	1
Jerome	2
or5	13
or4	1
gik	2
Siong2	6
gim	3
or3	10
Gak7	2
Gerrit	1
Ciann4	1
Kuai3	2
pik7	34
dan1》	3
Siau2	5
han2hiong5	2
han4	14
han5	80
qiu1	1
ziorn3	1
han1	1
han2	47
han3	34
pau5	5
gi1	635
gi2	87
zing4lai5	1
pau1	1
gi5	460
pau3	54
kia1	2
Wim．Vandekeybus	1
vo3	3
ong5gua1	1
Zeh7	3
Sorlarz1	1
sior	1
uan5au1	1
Pat7	1
vauh6	1
cia	1
lo2MSN	1
sai	1
Solarz	1
cit	1
Guademala	1
Liong5	18
ziok7	88
bun4—gim1	1
sih7	6
dau1	5
kai2	2
kai3	9
kai4	11
hng	2
Dann2	1
U4	5
dor2	926
Suai3	1
gang1	647
Buan3	1
dau4	4
ken2	1
U1	1
henn5	1
Zong4	7
Zong5	1
Zong2	25
Arthur	1
henn4	1
ci4	8
ci5	140
MIT	1
ci7	1
tik7	11
Cik7	2
ci2	443
ci3	34
Sai1	5
Sai3	7
Sai4	1
iPhone	1
tuan3	1
cng3	1
Windsor	1
tuan5	414
cim4	2
kuat7	15
cim1	107
vet6	12
pet7	1
iu2e5	1
Dam2	11
Dam5	1
vut6	151
hng1	86
hng2	15
Len5Iu5	1
Chor4	1
Shaheen	2
Lama	23
kuah7	14
zen	1
lu3e5	1
gang2bang1	1
zet	1
gor1vok6	1
Ui5Denn2	1
Gini	1
vo2	80
Qin5	5
Qin4	1
vo7	1
genn4	3
vo5	24
lor	1
vun5》	1
〈dong5	1
genn5	7
genn2	7
Virginia	1
gu1	11
zai5vin2	1
tong1	178
tong3	10
tong4	256
wish	1
cai1	5
cai2	1
na2	290
cai4	90
cai5	45
Gin1	47
rin5hak6	1
Gin2	5
NBC	1
iunn4	1
iunn5	67
Tor1	1
vang2	252
iunn2	24
Tor5	27
ze5	15
bo1cit7	1
ma5	1
ze1	99
Lam4	17
ze3	387
ze2	299
hik7	4
vor	1
lo7	1
Melor	1
dang3	298
lo3	3
vang5	14
guann2	3
se1	82
se3	282
pa3	3
put7	12
pa1	31
guann5	18
A2	4
A3	8
A1	60
sing1huan5	1
Gai4	5
u2pet7	1
A.	3
sann1	666
uann4？	1
Tiunn1	4
sen2bo4	1
dai5gau3	1
no2	14
Dor1	3
no5	1
no4	12
Buinn1	1
hah6	2
ziang	2
qet6	1
Thomas	1
Dih7	1
mia5ba1	1
Lim5	110
ＰＴＴ	1
niu5dor2	1
huat	3
lik6kiong4	1
Al	3
Pi5	1
Pi3	3
sen	2
ti3	2
zip6》	1
IDF	1
kong3ciong1	1
vai5	4
vai4	71
ciah7	10
vai2	1
qong2	5
gu2lai2	1
Giang5	7
ap7	50
PK	1
ap6	7
ngia5	1
ti5	4
gang	6
：	1
kiorh7	18
Andersen	1
riau2	16
Bill	1
Vah7	1
seh〉	1
Kim1	11
iau3—zu1	1
tih6	1
tih7	89
Lu4	1
Lu1	1
Do5	1
Do4	7
Do1	4
Do2	7
iau2	11
iau3	172
iau1	136
GPS	1
iau4	177
iau5	14
Pik7	5
giau1	24
giau2	2
giau4	38
giau5	3
pin4cing3	1
ha5	2
Bing5	13
ha2	235
ha1	9
qan2	4
tah6	5
tah7	10
sua3it7	1
Den5	6
tenn1	9
Luc	1
Pue3	2
Quat6	1
Gue1	3
vu5＞	1
Gue3	11
Ciau1	1
zinn5gia3	1
suat	1
Thor5	1
gor1biann4tng5	1
Charles	1
po1	4
po3	2
Zing5De2	1
po5	2
po4	29
Giu3	7
Giu4	70
Giu5	9
Aldria1	1
go4	87
zong4	322
Malika	3
Zuan1	4
Zuan4	1
Qai2	2
Zuan5	38
lang2	6
lang3	1
siunn4	16
lang1	1
siunn2	184
siunn3	13
lang4	1
siunn1	123
Siak7	1
nua5	1
Dun5	9
cah7	10
zah6	15
ding3	15
mua1	3
biau4diong5	1
gok7zong4	1
nih7	1
kuso	1
1	60
sip8	1
Ng5	32
bun4	355
Vun5Iu5	1
bun2	4
bun3	11
bun1	3
Tik7	11
cuinn1	2
Vior2	3
Hit7	3
ban1	103
ban4	39
ban5	8
vo2hun3	1
ham	1
to	1
ri2	360
quan5	403
quan4	3
Uah6	4
quan2	45
Gen3	22
Gen2	16
zang4	1
zang5	6
tuah7	1
zang1	2
sok7	132
kah7	141
kah6	10
sip6	66
pang3	6
《dai5	1
Mua5	1
sik6	85
ue2guan1	1
Lang5	38
zuat6	49
Buinn2	2
hue1	77
gueh7	16
rit6zap6	1
Grant	1
Kai1	8
nai4	3
Kai4	7
nai2	21
nai1	1
sin1siang2	1
tang1	69
dim3	5
Ba2	2
Din1	4
kuan	1
tiann3hi1	1
Sit7	4
Sit6	5
tang3	9
Hi5	11
Hi4	2
Hi3	3
Lik6	33
Hi1	4
im1	102
duann	1
Dun2	1
hue3	248
tuinn3	4
Cai4	3
Cai5	1
tuann1	12
kua4	6
bok7	8
run2	1
kua1	1
kok6	16
kok7	49
Sukhoi	1
lat6	24
lam1	1
hue2	609
U2	12
lo2hue1	1
Do2Diong1	1
Niu5	8
Niu4	6
An1Cong3	1
hiok7	1
ding7	2
qiok6	25
biah7	33
Zing1	10
ciong1	120
Zing3	88
Tucker	1
Cong3	4
Cong1	6
tai5	8
tai4	1
gik7—kai1	1
tai1	53
tang5	2
tai3	143
tai2	68
biann4	6
sit7zet7	1
biann3	27
diang1	1
bik7	28
diang3	1
diang4	8
diang5	7
zik7？	1
Siang5	3
John	1
diun5	7
Siang1	10
Siang2	21
Ai3	18
Ua4	1
Ai1	6
dik6	205
gau1	169
gau2	13
gau3	977
gau4	243
gau5	11
Miami	1
dau2lik6	1
li2e5	1
Sih7senn3	1
『de2	1
diong4	31
diong5	44
diong2	200
diong3	14
Tkacik	1
diong1	798
Giap7	14
ria4	11
Brookings	2
ip7	1
vueh6	1
vueh7	3
Hua3	34
nua2	11
hik6	44
Ireland	5
ce1	67
ce3	20
ce4	1
ce5	2
Han3	5
kueh7	3
dit7	124
Ciang1	23
Tam5	10
ann3	1
KTV	3
Guinn1	2
De5	2
to5	83
qu5—huan1	1
＜suann1	1
to3	19
vang4	15
Freddy1	1
Munk	2
qiorh6	3
diau5cola	1
Tah7	2
zah7	22
or1	7
dih7	48
kak7	90
Bu2	1
cau4	53
gua4tah6	1
hia2cau4	1
Zu5	3
Hun3	2
Zu4	24
gik6	52
gik7	147
Saab	4
lua2	8
Kang1	5
dah7	33
sim1？	2
vu4‧iann4	1
senn4	5
qing4	2
hai4kuann3	1
Cim1	2
lok7	2
lok6	146
Zi1	4
Zi3	49
Freddy	10
Ben2	2
Hillary	9
qau5	2
hue2NSC	1
Hyderabad	2
sinn2	1
sinn3	4
sinn1	2
Hak6	52
vang7	4
Philip	4
Piau1	2
？	5
Seoul	5
Ue2	24
ue	1
hor2zap6	1
lau1	4
lau3	9
Iau1	1
lau5	173
lau4	4
queh	1
Iau5	8
i1an3	1
ri2/TongYong>	1
Sior1	1
qi2	687
iInn2	1
qi7	1
qi4	52
qi5	204
diunn5	468
diunn4	320
diunn3	10
diunn2	4
diunn1	56
Cua3	74
zim5	4
lip	1
biak7	6
Kuann3	4
ho5	15
zai3	167
zai2	162
zai1	135
cak6	4
buah7	3
zai5	91
zai4	71
guah7	24
Munroe	1
u4	53
u5	4
u2	1176
u3	2
u1	33
Merry	1
u2ki4	1
cng5	30
due4	1
Uan1	9
cng1	19
due3	30
Uan4	5
King1	4
King3	12
King4	2
mia2	86
uinn5	17
Ciang1Zia2	1
zong5	35
zong2	139
zong3	9
e	10
li3	29
Tih7	21
li1	1
Ve2	5
li7	1
Lak6	25
cenn4	42
li4	556
ban2	191
C.C.1	1
Pau4	1
dong2	377
ki3lang5	1
hor2	557
sing5zenn5	1
dong4	172
tau4	1
Run2	2
Pau3	2
Lor4	5
Lor5	36
ginn3	21
ginn1	2
ah	3
Bo2&	1
ga1zing5	1
Gok7Ma4	1
Sior4	32
Tsukuba	1
guainn5	1
Me4	1
guainn1	29
zu5	19
Ziap7	1
Shizuoka	1
zu1	142
zu3	98
zu2	454
ge3kai1	1
Hatta	5
tiu4	2
gauh7	3
O5	59
Hut6	1
iah6	18
O1	14
O3	8
Timothy	1
puann3？	1
Get6	6
hor1	3
Sip7	1
lo3』	1
Sip6	2
bang4	10
giann51	1
luan2kong3	1
zor1	22
zor2	283
zor3	403
zor4	46
zor5	12
hue	1
Corla	1
hu	1
bor1	27
rior4	4
bor3	898
Hang2	1
bor5	3
dai5	790
dai4	17
hi	1
dai3	31
dai2	614
ta1	3
Girl	1
get7	177
get6	11
ngo2	3
Di3	22
Di2	88
Di1	5
an4	130
cin1	141
rim2	162
an1	195
ia3	1
vuat6	12
riau3	3
Nancy	1
ma1e5	1
ting4ba3	2
Masao	1
zang3	4
nqo5	13
nqo4	48
giann4	60
giann5	110
giann2	273
giann3	11
giann1	155
nua4	1
Hu4	46
sik8	2
Johnson	1
hu3	144
hu2	174
hu1	21
bang7	1
vua5	5
hu5	35
hu4	280
Uan5nng2	1
Bin1	22
Bin5	50
Masaki	9
Bass	1
ang	1
cing	1
Ting5	2
siunngiam5e5	1
gat7	1
Ga1Dan5	1
Atlanta	1
di2	1791
dik7	121
bi	1
bo	2
di1	98
PPM	1
ki2	8
Ia2	8
Hiong3	1
Hiong1	9
Ia4	5
Hiong5	145
di6	1
hin5	1
ziann3ving5	1
di5	120
Dalai	45
Gik6	7
Gik7	20
di4	3
hi5sior4	1
gi1lak7	1
Vu4‧iann4	1
Lah6	2
hiunn1	30
Saito	11
si3qo2	1
bah7	441
Algeria	2
hue4sen3	1
Dik7	64
Dik6	3
Gilady	2
lim2	1
sing4ci2ku1	1
New	1
sut8	2
Nqia5	1
ong7	1
gor4lan5	1
Tai5	101
Diam3	13
su1zi4	2
Tai1	1
giok6	221
Tai2	4
sim4	30
da2	42
da1	24
sim1	333
sim2	88
da4	4
Hor4	1
Hor5	39
Hor2	21
Lockeed	1
Bak7Tor5	1
po2	1
ceh7？	1
por2	21
por3	25
lue3	1
por1	83
Bok6	4
CNN	2
Namasia	3
den2》	1
gua3——	1
an5	9
gui1	222
gui2	24
gui3	64
gui4	181
Chhua3	9
dorh7	25
dorh6	27
vue4	80
vue2	33
Zai2	2
Hawaii	2
meh6	6
ik8	3
Zai5	7
Zai4	3
Lawrence	1
ik6	132
ik7	122
Ko3	2
kue5	1
cuah7	16
cut7—so3	1
Diong5	3
zing	2
hiang4	92
lit6	1
hiang1	65
ni55	1
hiang3	36
hiong5	113
Zing4Huat7	1
genn7	2
《len5	2
Dang1	48
Qaeda1	1
zin2	33
zin3	382
Qik6	4
zin1	466
zin4	33
zin5	1
qiam7	1
qiam5	119
qiam2	67
qiam3	4
Ziang4	7
dut6	4
sun3	3
sun2	44
sun5	99
sun4	54
let6	157
hun2—si5	1
det6	1
zat6tau5	1
Uan4Cua3	1
borh7	2
borh6	24
zing4	107
zing5	765
zing1	371
zing2	55
zing3	685
en4kang1	1
zau4	155
Dai4	1
Varyag	1
zun4	112
zun5	103
zun2	85
zun3	27
zun1	25
Bue3	1
Qing5	1
Si5	55
san4	196
ke3	14
san1	30
ke5	1
san3	37
san2	3
Kenn1	4
Giok6	80
Giok7	5
Siau4	3
Siau1	24
Qua4	5
Siau3	8
Lai5	22
kia2	42
im5	4
kia5	49
Strobe	1
Gu5	1
siang2	292
Gu1	8
Gu2	16
im3	1
Siu4	6
sann	1
tang4	23
diau3	51
diau2	132
diau1	101
June	1
diau7	1
diau5	206
kang1	66
kang3	3
suann3	151
suann1	145
Chan1	2
zik7	274
zquan5	1
cut	1
Sama	1
diok6	20
bai3	134
bai2	19
bai1	1
Siu3	6
bai5	150
bai4	197
Cen1	2
riau4	16
Cen3	5
zo4	44
zo2	119
zo1	106
ti4	5
Vi4	131
hen2	460
hen3	45
hen4	60
hen5	21
Vi2	4
Song4	2
suai1	11
suai3	6
kam4	11
kam5	1
ciau	1
kam3	13
vuan4	114
lip6	252
it7	766
Uan5Rit6	1
huai5	55
Ba1	4
cu1	14
Ba3	8
cu3	302
cu4	190
ciok7？	1
Dai5e5	1
lai5ling5	1
huai2	15
qen5sin1	1
Sam1	420
Kin5	3
Kin1	12
luh7	1
ziorh7	33
ziorh6	86
hua3vi4	1
Qo2lak6	1
BADAI	2
rin2	205
cia1	661
rin1	1
Gut7	1
rin4	2
rin5	709
Iong5	1
Iong4	2
Andrew	1
pun5	2
giap7	20
Pin5	1
zinn1zin1	1
Hai2	1
Hai4	41
liu1	5
liah6	51
liah7	3
liu5	240
liu4	24
lut6	88
piau1	15
bing5rin5	1
4sik7	1
vi4in4	1
ga1de2	1
u4dua2	1
Video	1
kua3	12
Hau3	7
Hau2	6
sui4	17
sui5	76
Vang2	6
sior1lau3	1
sui1	94
sui2	21
Wees	2
suainn2	10
cam4	25
cam5	1
Iang1	6
zak6	5
cam1	168
Iang5	4
cam3	1
tua1	23
zuann5	11
zuann4	30
kau1guah7	2
hiah7	8
a4por3	1
mia5dun4	1
ci2：Gor1	1
Cang1	1
Tiann1	2
onn3	3
In3	15
In1	23
Zor2	4
Zor3	2
Zor4	8
Zor5	2
hio2	1
Dai5	1182
au4	4
Dai1	1
Dai2	74
za1	459
za3	41
Lai1	1
za4	136
Lai2	22
bng2	42
zua5	5
zua4	24
E2	2
zua2	11
ik7qi4	1
king1	21
king3	37
king5	4
king4	23
gorh7</TongYong	1
ga1gah7	1
Dinn5	1
qang2	4
kiong4	65
benn3	2
qang5	1
vik6	2
ui5？	1
siak6	1
siak7	20
Hillary．Clinton	1
pu1	1
siok6ka4	1
pu5	13
pu4	1
“Stilnox”	1
Arizona	2
kang3liau5	1
mih7？	4
Vu2	10
Vu5	1
Vu4	13
guh7	1
pun1	1
Ed	1
Lua2	14
《Monocle》	3
un2se3	1
Por4	4
si2：	4
Mi2	1
Por3	1
Por1	4
ciam4	1
un5	1
ciam5	5
pub	1
Huai5	4
m1	1
mui4	118
lama	10
bue3	26
4vin5	1
dioxin	3
rip6buann5	1
bue2	47
mui2	10
penn4tih7	1
ham5	39
ham4	1
Lau2	4
ham1	22
ham3	11
ham2	209
Gi2	1
Bor4	40
gut7	39
zap6	1387
Lau4	3
Sing1	29
Or5	1
Sing3	11
zap7	3
Sing5	14
Sing4	2
bat6	19
bat7	65
pin4	205
diann5	11
kuai3	37
ken5	4
ken4	30
pin2	3
pin3	2
rim2zen5	1
31gin1	1
Zing5	27
van2	372
gang1》	1
hai4	190
cen1	21
La2	5
La1	5
benn5—e5	1
cen5	3
cen4	7
La4	3
diu2	18
diu5	11
Benn2	26
Zin1	41
Zing2	1
Zin4	1
ni4	11
Tomiyama	1
qor5	8
gong4：	11
vak7	7
qeh6	2
ziap6	5
ziap7	186
zuan4bun4	1
gi4hue3	1
lang5han3	1
benn4	4
Gui1	1
Gui3	5
Gui4	1
kin5	22
Vue4	6
kin1	32
Han5Vi4	1
Chu5	3
iunn2lim5	1
zim4	1
ciang1	6
siann1	133
duh6	1
kng3	41
siann4	51
siann5	93
Pak7	1
huat6	39
huat7	1167
Mi5	1
nqiauh6	6
Hong2	16
giong	1
Por2	1
lap6	15
lap7	1
Darwin	1
M	1
lang	2
nng2giam5	1
ba1	41
piann5	1
piann1	2
buinn2	24
Song3	3
Bang5	3
but7	309
Dat6	6
Bang1	20
qing5	20
Suann1	44
pun3	5
ri1	1
Ging4	45
zet6	80
zet7	93
ri5	127
lan5	103
Ging3	8
Ging2	2
Ci2	272
Dorh7	2
zai7	1
Sweda	1
iu4	235
iu5	590
iu2	28
iu3	9
iu1	54
Sih7	8
—	1
vin7	1
Ziong4	1
gin2zit7	1
Diunn5	18
Diunn4	12
Ziau1	5
Ziong1	4
Diunn1	26
Ziong3	1
Gi3	16
Ki1	2
Ki2	2
Ki3	27
vin2	394
lak6beh7	1
Giong2	5
Giong1	7
vo3？	11
Cam1	3
Giong5	33
zim3	3
ze2gan1	1
Gorh7	10
HIGH	1
ii4	1
hu1ham5	1
So4	27
So3	6
T	1
So1	74
Diau2	3
Diau1	5
Columbia	2
Diau5	5
Rin5	38
ziann5	57
sng4	27
Guantanamo	3
bik6	10
sng1	8
sng3	94
ziann2	1
cut7─	1
zai1diau1	1
zih6	3
zih7	5
Liau5	8
ceh	1
Baucus	1
Han5Diong1	2
zut6	1
zut7	1
suh7	6
ting4	14
bin	1
Gomba	1
Zun5	4
Zun3	24
deh7—huat7	1
kor3sia4	1
queh6qo2	1
Abreu	2
zi1qan4	1
ciun2	1
sap7	6
Cheophel	2
Sang3	2
Chng1	3
Ge1	37
Ge3	6
diorh6ing5	1
sior4	240
sior1	168
ua4	27
Morris	2
vong2ma1	1
ua1	4
Hing5	29
Hing2	1
ceh7pah7	1
Hing1	21
Then1	1
huah7	54
gut6	8
iann4Avatar	1
bi1	66
bi3	48
bi2	174
qo2lak6	2
bi4	148
ma2n1	2
duinn4	36
hing2	32
hing3	10
hing1	51
Guann5	1
Qo2	5
un	1
hi5nui4	1
Hng1	11
BMW	1
Sing2	3
Hng5	21
Diann2	1
Ji5	1
siah7	3
pua3	72
Christmas	1
i2	192
i3	297
i1	699
Hua1	21
i4	840
i5	185
le4e5	1
cat	1
ken1	9
pior3)	2
uat6cet7	1
giorh7	1
Gau1	14
Gau3	37
Gau4	5
kiam1	9
kiam2	3
kiam3	63
cing1	422
cing3	87
cing2	34
cing4	46
＜lu4	1
cenn3	2
siorh6	1
siorh7	12
Vak6	4
pak7	8
pak6	10
sin1kit7	1
long2	25
cuang4	1
long3	62
va1	1
it	1
iu	1
long4	566
bue3diau1	1
Qaeda	3
qai5	6
Au2	5
zinn1	17
bau1	157
Au1	8
qai2	19
Dit6	8
NHK	5
gui	2
Tiong4	2
kenn1	9
Tiong1	34
hor5？	1
cenn1	53
Novara	1
ren5	352
dat6	134
kit7	6
Vik6	1
vor3	1
Qi2Iu5	1
ni5	909
iong5	106
iong4	69
qe5	15
iong1	2
Ruah7	1
va3	1
Zit7	73
dor2si1	1
gin4	157
Ban2	1
WCG	2
Cybrus	1
Ban1	2
AIG	3
Ban4	2
hang5	103
hang2	68
Kia2	1
hang1	6
lang5	1064
mau5	3
mau2	6
Li5	3
AIT	1
mau1	1
Li4	140
Sok7	16
ui	1
puah6	1
puah7	3
Pah7	1
qui5	5
ior5	8
nen5	1
ior1	10
you	1
dui1	78
sue1	3
dui3	568
sue3	55
sue5	1
diau5？	2
Alberto	8
Gior5	27
Bun4Sin1	1
him5	21
Mubarak	2
le5	96
le4	139
him1	16
le2	109
Hu5	7
Naha	4
Ui4	24
Ui5	2
Ui2	40
Ui3	9
dauh6	2
Ui1	1
tuann3	18
Celsius	4
eh6	3
su	2
senn1hua3	1
Zin3	112
Gion5	1
qong5	3
bang1gi5	1
beh6	87
beh7	330
Luan2	1
si	7
hui7	1
Luan4	4
Luan5	3
tut7	5
《gok7	2
bong5	1
Long1	6
Long2	1
Long4	1
Long5	36
bong3	1
hui3	203
Call	1
ing3	209
ing2	145
ing1	185
Ing4	11
McCain	3
ing5	136
ing4	123
Ling2	23
Mo5	3
sin3?	1
Ling4	1
Ling5	23
dan3ziu3	1
Jim	1
Zet6	14
Zet7	11
Sik6	1
Sik7	9
sen2	57
liu3	2
luat6	1
ko1	170
a4dang5	1
sen4	2
iang1	33
Zua4	1
iang5	15
iang4	65
dit6	166
Ving4	3
Ving5	39
Shybuya	1
Niau1	18
Ciang3	1
nqia5	4
cang3	16
gng1	50
Uinn5	24
keh7	202
keh6	1
lo	2
su1hak6	1
pe1	46
vak6	94
a4gam1	1
pe4	2
tet7	20
zior4	138
mau	1
zior3	8
Huinn5	27
diiorh6	1
ah7di1	1
Hiu1	1
Gok7Ing1	1
Diu2	1
max	1
Hamada	2
tok7：	1
san	1
giunn1	30
u2：	1
gang5	32
gang4	72
dau3	108
dau2	25
dau5	89
U3	1
gang3	73
gang2	90
ru5	90
ru4	1
Stephen	1
ceh7	18
say	1
henn3	1
ru2	4
gip7	191
gip6	161
na5	22
na4	51
Au1gong1	1
sik	1
na1	5
na3	10
genn1	18
vang1	2
ma4	340
leh7？	4
ma2	679
ma3	7
ma1	112
qen3	1
qen2	4
lang5di1	1
qen5	97
qen4	77
kip7	44
hennh	1
to4	67
rik7	11
qan5	5
qan4	27
ge2……	1
sa1	12
ze3ga1	1
sa3	2
ven3	2
hok7	65
hok6	132
cen3	7
gong3	32
gong2	1
gong1	690
Cin1	3
Der	1
gong5	14
gong4	627
Rhang4	1
lin3	1
lin5	1
ah8	1
lui2	46
lui5	12
lui4	26
tut6	100
he2	118
he1	11
hue4？	1
he5	7
he4	1
Gates	1
Kun1So1	1
uinn4	1
Du4	2
ne？	1
zit6	1635
zit7	965
Han4	1
Han5	51
ia2	172
Le5	6
Uan5Vi4	2
bit7	101
pong3	6
bet6	109
De4	1
De3	8
De2	53
De1	1
Hun1	21
nqa4	15
Hun4	1
Hun5	61
Oan5	1
Le2	21
cap7	2
gu4	39
OPEC	3
WHA	2
Pua3	1
tong1ho2	1
pah7	172
siau4	5
kor3diong1	1
Coca	3
nqau5	1
siau1	221
siau2	7
siau3	185
Mindoro	1
go1	56
gu2	138
zuann4？	1
Guat7	1
gai3	186
Get7	5
hip7	45
ngo4	14
tok7	17
Kun1	12
ging4	567
Kun3	1
go5	7
ging1	748
Kun4	9
ging3	174
ging2	121
Gueh7	13
Ho2	11
Ho5	1
Ho4	2
Siong3	4
guann4	93
Chui4	2
Ciu1	17
Yankees	6
diau	2
Siong1	8
cut6	3
a2？	2
DIY	1
ven5	2
Dui1	1
hiong3	161
Dui3	20
hiong1	46
Diong2	2
hiong4	25
Diong1	443
ciunn4	118
ciunn5	14
ciunn2	87
ciunn3	55
ciunn1	5
Chi4	1
la4	18
Jones	1
e5hue5	1
huinn5	21
Si4	3
Ku1	41
Si1	17
Si2	413
Si3	9
Ziu4	9
Ziu2	1
Ziu1	69
Tong4	3
kuann4	4
kuann3	307
zat6	10
zat7	6
cun1	61
cun3	2
cun2	1
Nai2	1
siann3	2
iu5tai3	1
leh7	38
di2ging1	1
hun1	503
be5	6
be4	6
Gok7Tai3	1
be3	19
be2	62
Cing1	22
si7	1
Diang4	1
Diang5	16
senn5	9
ue1	4
zaimm1	1
si1	230
puann3	60
puann2	10
puann1	1
mui5	147
guan1e5	1
ciam1	47
kan3	1
ciang5	3
ciang4	30
van4	14
m2	685
van3	1
ciang3	14
ciang2	2
siann	1
Dok7	7
ka4	14
ziau4	23
siang	1
ziau1	84
ka1	151
ziau3	66
ka3	31
Yankee	3
honn5	1
ven2	22
Ci5	5
Dan1	5
Ua1	4
ven4	74
qam5	39
Gi1	64
vin4	17
vin5	877
Gi4	5
Gi5	36
Young	1
Ping5	3
Cue2	1
ma	5
Auckland	1
"Santa	1
ga1』	1
dak6	122
dah6	5
Guann1	5
Guann4	1
lok8	1
nga4	2
gam1	20
gam2	1
gam3	110
gam4	309
gam5	4
rip	1
nng2sann1	1
Calgary	1
bye	2
vor4	34
vor5	1169
Aso	1
Suat7	3
Wisconsin	1
vor2	14
CHINA	1
gok	4
dit6huan4	1
qia5	20
hui5	28
Huann2	2
Ing1	126
hui1	179
Bing1	11
Ing5	48
hui2	28
sen1	90
hamburgerma4	1
vong1	4
Gip6	6
vong4	1
vong5	103
te6	1
te5	204
te4	284
te3	116
bak7	200
te1	4
de4？	1
bing4	18
bing5	287
bing1	96
bing2	139
bing3	18
go2	1
go3	161
sor5	3
sor4	70
sor3	14
sor1	7
tok6	8
zak7	1
Somalia	2
Zi4	8
ca4	19
ca5	56
ca1	73
Kiorh7	1
sin7	1
gia3	16
gi	3
gior3	31
gior2	14
gior5	31
a4la5	2
Edward	9
ving2	27
bak6	8
ving4	11
ving5	263
sin5	68
Dau3	1
sin1	843
Dau4	4
sin3	108
sin2	10
dor7	1
Vo2	9
Vo5	2
diuh7	1
rim4	27
hiau4	8
sit7e5	1
pak6e5	1
kun1	4
kun3	105
kun5	3
kun4	15
ling5——	1
diorh7	11
diorh6	1604
hui	1
zan4	2
lia4	1
Bun4Diong1	1
buu4	1
gong1a1	2
diorh8	1
sing	4
blog	3
ku1sok7	1
tiu1	19
Cia1	20
Bo4	2
Bo3	6
Bo2	52
Bo1	13
i2：	1
iap7	1
iap6	40
Ze1	10
Ze3	22
Ze2	3
lun5	39
lun2	91
lun3	4
Keh7	8
sī1	1
rih6	8
am2	9
am3	175
am1	12
ziu4	84
ziu3	2
ziu2	66
ziu1	180
ECFA	24
bit6	9
Suann3	27
en3	22
Bobby	2
en1	35
Cashman	2
Bang2	4
en5	86
en4	114
Bang3	1
hainn3	14
dai2it7	1
diong	3
Gang4	32
diap6	23
Gang1	71
uan5diong1	1
Uan5Diong1	1
Kuan1	5
kong3	358
Kuan5	6
Lorh6	2
a1siang1	1
diong3ki4	1
ri2)	1
Angela	1
iunn1	1
Iau2	2
teh6	151
hong4gau1	1
pong5	1
teh8	1
In	1
Ik6	6
lau2	247
ziunn2	169
Sim4	10
Sim1	12
Huainn5	1
tann4	1
Iorh6	3
tann1	44
pong2	1
yin1	25
tann2	2
cui3cang1	1
K	1
qun4	1
Lue2	2
I2	7
I3	2
qu4	2
qu5	70
qu2	14
I4	10
I5	19
Can5	4
siang3	23
Doris	1
zue3	114
zue2	75
si2niu5	1
zue7	2
bang1	119
bang2	27
bang3	36
《Monrcle》	1
enn1	18
enn4	5
lan2	24
kiok7	22
Ging1	22
dior6	2
Stephen1	1
Giam4	11
dior2	4
dior3	5
CT	3
bor3》	7
Za3	2
Los	1
Copeia	1
Dubai	1
Vin4	8
Vin5	658
Vin2	12
hong1tai4	1
Qi4Rit6	1
mia5	358
gorh	5
iam2	27
sip7	6
sing3	189
sing2	25
sing5	518
sing4	37
iam4	2
iam5	49
sann1tai3	1
P	5
dor5	46
Giunn1	1
ng3	8
dai2sin1	1
ng1	7
ting1	2
ng5	39
ting5	118
Sun1	2
dua1	1
Sun2	4
diorh	1
qor2	2
Lo5	21
Lo4	1
call	1
Lo2	42
Gong3	1
benn2	226
Gong1	64
benn7	1
benn5	21
Rabiye	7
sau3	3
gor3	328
gor2	4
gor1	325
Siann1	1
hor2：	1
Siann4	2
Siann5	7
ziunn1	6
i2？	1
ziunn3	5
cin3	9
geh7	67
geh6	1
hiu	2
pen3	62
cor3	40
tat7	17
kap6	2
zeh7	12
Su1	21
Su2	22
Su3	1
Su4	43
Su5	1
di2zap6	1
San4	13
Eng1	7
San1	36
Ven4	8
Siap6	1
dor2kim5	1
Hiam5	2
Cola	2
kau3？	1
sik7	367
Barney	1
PTT	2
zinn5？	1
hi4	70
hi3	118
hi1	149
sin3？	1
Diunn2	1
＜giunn1	1
dim2	4
Jun2	6
ATR	1
dim5	11
Te5	2
GDP	4
pan1	8
dok7	22
dok6	186
duinn3	9
gap7	38
ge1tau5	1
Dang3	1
Mui4	11
a3？	6
zim1	5
Dang5	7
ＥＣＦＡ	1
Breyer	1
Angeles	1
Van2	9
Siam4	3
cin1e5	1
Pai3	5
Im1	7
can5	58
can1	70
Lyndon	1
can3	2
dun4	1
dun5	1
Bun4	65
dun1	7
di2：	1
dun3	9
guat7	116
buah6	23
et6	3
gam4vang2	1
duan1？	1
Qiau5	1
a4e5	5
Therese	1
iong2cue1	1
do2	290
Zuann5	1
ziang1	45
Un3	2
Un2	22
Un1	6
Iap6	10
gen1	39
hello	1
Vicdorria1	1
Lok6	19
tiann	1
Smithsonian	1
ve	1
gen2	56
Gia2	1
som1	14
Wimbledon	1
hun4ling1	1
kan1	65
Bue2	3
zai2？	1
sia2	183
sia3	18
sia4	34
sia5	1
Vor5	17
Tam2	1
liau	2
Malacca	1
Kennedy	9
zen2	5
duann5	35
duann3	3
kui1	226
duann1	46
kui3	28
hiam5	118
hiam4	54
luan4siang2	1
piah7	22
cip7	10
so4benn2	1
hong1	714
diam4？	1
Tua2	3
han5hui1	1
Riok6	1
set7	92
Zik7	1
ciok7	31
Sui5	4
ret6	73
bun	1
sat7	53
Sui1	15
Sui2	17
bue	4
uann3	4
ret8	1
lvi4	2
ue2	233
ue3	1
Iau4	1
Giann5	2
Giann2	2
Giann3	2
ue4	15
Giann1	9
kiu4	11
Senn3	4
Biden	1
kiu2	2
ka2	9
Ma5	1
Merkel	1
Yin1	2
dong	1
hong3	110
gua1：	1
honn4	8
honn3	9
hue4	303
hue7	6
Penn5	19
due5	1
gueh77	1
bu5	3
bu4	1
Suan1	4
lan4	9
Suan3	1
Gam3	16
Gam4	8
Suan4	6
Kiok7	2
Rue2	7
Sia2	16
pior3	113
giong4giunn2	1
Uan5	327
IC	1
Lut6	4
ne1？	2
due2	3
Bue5	1
ci2e5	1
hau5	2
huainn5	9
kun4？	1
lang5？	4
Zau5	1
gor4e5	1
sioh7？	3
gah	4
Bik7	8
gak	1
hap6	199
ze2？	3
Jit6	5
Williamsport	5
rit5	1
rit6	371
rit7	4
lo4	7
Teh6	4
song1	9
Iwate	1
iong2lam5	1
tuat7	19
cau1	28
cau3	12
siong5	119
siong4	41
siong3	40
siong2	430
siong1	304
zong7	1
gorh7	1150
seh7	23
seh6	21
Qor5	6
veh6	14
Nng1	1
HOMEe5	1
denn2	32
denn5	1
Dak6	2
biah	1
deh7	81
zainn4	1
sang1	13
guai4	3
sang3	152
siau1gi3	1
sang4	6
ciu4ziann3	1
Monica"	1
li2	232
gi1e5	1
ga1	1102
ga2	270
ga3	72
ga4	53
lang5cia1	1
shirt	1
bo3：	1
zu4rin5	1
Bng1	1
vin5ai3	1
ziann4	2
Chiu1	3
ping5	83
Ve4	8
To5	2
To4	4
ge4？	1
li5	53
To2	3
ding2	302
dap7	10
gng3	15
ding1	115
gng4	13
ding4	502
ding5	272
tu4	1
ziann3	80
diun4	12
Pang1	3
hia1	3
Fluence	1
hia2	2
ECFA1	1
Iam2	3
lam3	1
lam2	11
lam5	266
lam4	30
Iam5	2
Shinjuku	1
Tann5	1
Nqo5	46
Nqo4	4
Zu1	16
Zu3	3
Zu2	155
kor4	192
kor3	126
kor1	50
hior2	16
a4beh6	1
iam5dann1	1
tue3	4
kuan1	8
ruah6	38
kuan3	3
kuan2	1
kuan5	120
kuan4	140
tau1	87
dong1	337
tau3	118
dong3	154
tau5	469
dong5	178
Liau2	12
nng4	10
nng5	20
nng2	514
nng3	1
nng1	1
ak7	20
lim1	49
tun	1
Gun1	22
lim5	155
Hiann1	1
Ham5	1
nia5	1
nia4	52
Ham2	2
Kho4	2
Sua1	4
iorh6	62
iorh7	1
e5hai4	1
Bat6	2
Bat7	51
Sua3	3
iorh8	1
ui25	1
ku1─	1
MSN	1
Uann2	2
moh7	2
na2zi3	1
bi4qong2	1
buat6	4
buat7	1
zau5	2
Denn2	9
zau3	9
zau2	2
zau1	5
ding4e5	1
ziap	2
cui1	12
zi4gan1	1
cui3	79
Zinn5	2
zik6	49
Kan1	9
McDonalds	4
Ketagalan	1
lu4	203
lu3	8
lu2	12
lu1	7
pann2	2
iann4Vang4	1
tiam1	22
vok6	199
dor2v	1
tiam4	2
di1ding5	1
mai2	26
mai3	26
ga1en4	1
orh6	26
mai5	1
Poznan	1
len3	1
Bun4Lam5	2
Ziah6	1
zann4	3
bue1	63
Bor3	56
Lau5	38
Rasmus	1
bue5	58
bue4	3
in1	537
Buat6	1
rue2	1
《zap6	1
hamburger	1
Qi2	113
siau1siok6	1
An4	2
An3	4
Giang1Dang1	1
An1	16
Qi5	26
ni5ri2	1
diann2	75
vih7	8
gui4……	1
diann4	7
kui	3
vok7	2
su1gok7	1
uah7	2
uah6	193
cet7	45
Frank	1
so11	1
tin2	13
iak7	1
ut7	7
nqe2	19
Ugyhur	1
Zun4	2
Beach	1
Ziorh6	12
Ou5	5
Ou1	1
zinn5	136
guinn	1
zinn3	15
long5	207
long6	1
Damalakau	2
tan1	10
Gor1	178
I1	53
tan4	16
kit6	1
Gor4	1
me2	25
Li2	19
YouTube	1
me1	8
Iann5	14
me4	1
me5	63
zun7	1
《Gok7	1
zai3cit7	1
gang2dong5	1
cau1suann3	1
ri4	1
liork6	1
ku1	282
Ciang4	6
pi5	3
pi4	1
pi3	11
pi2	4
pi1	4
Ciang2	1
hen1	7
dann4	27
Can1	2
buann5	19
Ru5	12
Dai	5
ah7	110
ah6	3
dann1	12
Veh6	11
ku7	1
Liang2	5
Ing3	4
pue1	70
siok7	38
dann3	22
bang5	33
giam1	10
giam2	2
dann2	1
giam4	257
giam5	7
Liang5	13
cut7	1007
huinn2	5
huinn1	23
pue2	7
Bau1	2
Liam2	2
zip6	114
zip7	60
Ing2	1
Liam5	3
Dun1	29
iok6	92
iok7	122
kor3iong2	1
cat7	183
kuinn3	2
sia4TAIWAN	1
Da3	1
riu5	4
sen3	2
hut6	12
hut7	8
APEC	1
ang3	2
ang1	61
sueh7	16
ang5	78
qin5	47
qin4	188
Brussels	2
hit7	49
ma2n5	1
li4zor3	1
hui3ga1	1
enn5	1
siu4	81
siu5	9
siu7	1
siu1	214
siu2	410
siu3	40
kong4	56
siang5？	1
kong1	128
dor	1
nui3	1
nui2	11
A4	10
Ik7	16
Laden	2
pong1	1
buan3	9
nui4	6
dang2	110
Diorh6	7
dang1	142
dang4	8
dang5	19
Andreas	2
Waldron	1
e5r3	1
Tau3	4
suat7	49
Tau4	1
huinn	1
Nicotine	2
Chiong1	9
dior5	8
Pinuyumayan	1
do5	88
do4	78
do7	3
mua5	21
do1	36
In4	1
buh7	2
uat7	4
uat6	10
E	1
Gng1	3
Dap7	4
Gng3	1
Cheney	11
mih7	52
mih6	34
Se1	39
iu4？	1
Se3	19
Ellis	1
La	1
song4	13
song3	11
song2	1
Rit6	91
zuah8	1
len4	21
ADA	1
Cau4	5
Siok6	4
Siok7	6
Maine	3
liau2	122
liau1	1
liau5	56
liau4	992
lah7	6
Huat7	63
Kadena	4
Te4	5
Bai5	2
zik	1
Ke1	21
gua3dau3	1
Ke3	1
Ke4	2
Ha2	5
Ha1	1
bue1～	2
tsunami	2
si3bai3	1
gut7bak7	1
Show	1
ＢＢＣ	1
huann2	46
huann1	38
Cun1	7
Tuann1	1
lor5tiam4	1
e5	7463
cuan1＞	1
e5hun5	1
siap7	7
『It7	1
Beh6	21
siap6	65
sut7	4
sut6	99
qai2guan1	1
Bai3	1
len5	351
kuann1	2
len2	54
Hen5	10
diam3	145
diam2	23
but	1
diam5	2
diam4	336
Porsche	1
tng5	21
Hen2	10
Hen3	4
tng1	11
ku5	3
vok	1
206009
